WARNING - 2025-03-26 18:41:05 --> [DEPRECATED] Passing lowercase HTTP method "get" is deprecated. Use uppercase HTTP method like "GET". in SYSTEMPATH/Router/RouteCollection.php on line 1026.
 1 SYSTEMPATH/Router/RouteCollection.php(1026): trigger_error('Passing lowercase HTTP method "get" is deprecated. Use uppercase HTTP method like "GET".', 16384)
 2 VENDORPATH/julio101290/boilerplate/src/Config/Routes.php(22): CodeIgniter\Router\RouteCollection->match([...], 'profile', 'UserController::profile', [...])
 3 SYSTEMPATH/Router/RouteCollection.php(799): CodeIgniter\Router\RouteCollection->{closure}(Object(CodeIgniter\Router\RouteCollection))
 4 VENDORPATH/julio101290/boilerplate/src/Config/Routes.php(18): CodeIgniter\Router\RouteCollection->group('user', [...], Object(Closure))
 5 SYSTEMPATH/Router/RouteCollection.php(799): CodeIgniter\Router\RouteCollection->{closure}(Object(CodeIgniter\Router\RouteCollection))
 6 VENDORPATH/julio101290/boilerplate/src/Config/Routes.php(3): CodeIgniter\Router\RouteCollection->group('admin', Object(Closure))
 7 SYSTEMPATH/Router/RouteCollection.php(372): include('/home/juliocesar/fuentes/ci4jcposv2/vendor/julio101290/boilerplate/src/Config/Routes.php')
 8 SYSTEMPATH/Router/RouteCollection.php(342): CodeIgniter\Router\RouteCollection->discoverRoutes()
 9 SYSTEMPATH/CLI/Console.php(41): CodeIgniter\Router\RouteCollection->loadRoutes()
10 SYSTEMPATH/Boot.php(360): CodeIgniter\CLI\Console->run()
11 SYSTEMPATH/Boot.php(104): CodeIgniter\Boot::runCommand(Object(CodeIgniter\CLI\Console))
12 ROOTPATH/spark(84): CodeIgniter\Boot::bootSpark(Object(Config\Paths))
WARNING - 2025-03-26 18:41:05 --> [DEPRECATED] Passing lowercase HTTP method "post" is deprecated. Use uppercase HTTP method like "POST". in SYSTEMPATH/Router/RouteCollection.php on line 1026.
 1 SYSTEMPATH/Router/RouteCollection.php(1026): trigger_error('Passing lowercase HTTP method "post" is deprecated. Use uppercase HTTP method like "POST".', 16384)
 2 VENDORPATH/julio101290/boilerplate/src/Config/Routes.php(22): CodeIgniter\Router\RouteCollection->match([...], 'profile', 'UserController::profile', [...])
 3 SYSTEMPATH/Router/RouteCollection.php(799): CodeIgniter\Router\RouteCollection->{closure}(Object(CodeIgniter\Router\RouteCollection))
 4 VENDORPATH/julio101290/boilerplate/src/Config/Routes.php(18): CodeIgniter\Router\RouteCollection->group('user', [...], Object(Closure))
 5 SYSTEMPATH/Router/RouteCollection.php(799): CodeIgniter\Router\RouteCollection->{closure}(Object(CodeIgniter\Router\RouteCollection))
 6 VENDORPATH/julio101290/boilerplate/src/Config/Routes.php(3): CodeIgniter\Router\RouteCollection->group('admin', Object(Closure))
 7 SYSTEMPATH/Router/RouteCollection.php(372): include('/home/juliocesar/fuentes/ci4jcposv2/vendor/julio101290/boilerplate/src/Config/Routes.php')
 8 SYSTEMPATH/Router/RouteCollection.php(342): CodeIgniter\Router\RouteCollection->discoverRoutes()
 9 SYSTEMPATH/CLI/Console.php(41): CodeIgniter\Router\RouteCollection->loadRoutes()
10 SYSTEMPATH/Boot.php(360): CodeIgniter\CLI\Console->run()
11 SYSTEMPATH/Boot.php(104): CodeIgniter\Boot::runCommand(Object(CodeIgniter\CLI\Console))
12 ROOTPATH/spark(84): CodeIgniter\Boot::bootSpark(Object(Config\Paths))
WARNING - 2025-03-26 18:41:17 --> [DEPRECATED] Passing lowercase HTTP method "get" is deprecated. Use uppercase HTTP method like "GET". in SYSTEMPATH/Router/RouteCollection.php on line 1026.
 1 SYSTEMPATH/Router/RouteCollection.php(1026): trigger_error('Passing lowercase HTTP method "get" is deprecated. Use uppercase HTTP method like "GET".', 16384)
 2 VENDORPATH/julio101290/boilerplate/src/Config/Routes.php(22): CodeIgniter\Router\RouteCollection->match([...], 'profile', 'UserController::profile', [...])
 3 SYSTEMPATH/Router/RouteCollection.php(799): CodeIgniter\Router\RouteCollection->{closure}(Object(CodeIgniter\Router\RouteCollection))
 4 VENDORPATH/julio101290/boilerplate/src/Config/Routes.php(18): CodeIgniter\Router\RouteCollection->group('user', [...], Object(Closure))
 5 SYSTEMPATH/Router/RouteCollection.php(799): CodeIgniter\Router\RouteCollection->{closure}(Object(CodeIgniter\Router\RouteCollection))
 6 VENDORPATH/julio101290/boilerplate/src/Config/Routes.php(3): CodeIgniter\Router\RouteCollection->group('admin', Object(Closure))
 7 SYSTEMPATH/Router/RouteCollection.php(372): include('/home/juliocesar/fuentes/ci4jcposv2/vendor/julio101290/boilerplate/src/Config/Routes.php')
 8 SYSTEMPATH/Router/RouteCollection.php(342): CodeIgniter\Router\RouteCollection->discoverRoutes()
 9 SYSTEMPATH/CodeIgniter.php(821): CodeIgniter\Router\RouteCollection->loadRoutes()
10 SYSTEMPATH/CodeIgniter.php(455): CodeIgniter\CodeIgniter->tryToRouteIt(null)
11 SYSTEMPATH/CodeIgniter.php(354): CodeIgniter\CodeIgniter->handleRequest(null, Object(Config\Cache), false)
12 SYSTEMPATH/Boot.php(334): CodeIgniter\CodeIgniter->run()
13 SYSTEMPATH/Boot.php(67): CodeIgniter\Boot::runCodeIgniter(Object(CodeIgniter\CodeIgniter))
14 FCPATH/index.php(56): CodeIgniter\Boot::bootWeb(Object(Config\Paths))
15 SYSTEMPATH/rewrite.php(44): require_once('/home/juliocesar/fuentes/ci4jcposv2/public/index.php')
WARNING - 2025-03-26 18:41:17 --> [DEPRECATED] Passing lowercase HTTP method "post" is deprecated. Use uppercase HTTP method like "POST". in SYSTEMPATH/Router/RouteCollection.php on line 1026.
 1 SYSTEMPATH/Router/RouteCollection.php(1026): trigger_error('Passing lowercase HTTP method "post" is deprecated. Use uppercase HTTP method like "POST".', 16384)
 2 VENDORPATH/julio101290/boilerplate/src/Config/Routes.php(22): CodeIgniter\Router\RouteCollection->match([...], 'profile', 'UserController::profile', [...])
 3 SYSTEMPATH/Router/RouteCollection.php(799): CodeIgniter\Router\RouteCollection->{closure}(Object(CodeIgniter\Router\RouteCollection))
 4 VENDORPATH/julio101290/boilerplate/src/Config/Routes.php(18): CodeIgniter\Router\RouteCollection->group('user', [...], Object(Closure))
 5 SYSTEMPATH/Router/RouteCollection.php(799): CodeIgniter\Router\RouteCollection->{closure}(Object(CodeIgniter\Router\RouteCollection))
 6 VENDORPATH/julio101290/boilerplate/src/Config/Routes.php(3): CodeIgniter\Router\RouteCollection->group('admin', Object(Closure))
 7 SYSTEMPATH/Router/RouteCollection.php(372): include('/home/juliocesar/fuentes/ci4jcposv2/vendor/julio101290/boilerplate/src/Config/Routes.php')
 8 SYSTEMPATH/Router/RouteCollection.php(342): CodeIgniter\Router\RouteCollection->discoverRoutes()
 9 SYSTEMPATH/CodeIgniter.php(821): CodeIgniter\Router\RouteCollection->loadRoutes()
10 SYSTEMPATH/CodeIgniter.php(455): CodeIgniter\CodeIgniter->tryToRouteIt(null)
11 SYSTEMPATH/CodeIgniter.php(354): CodeIgniter\CodeIgniter->handleRequest(null, Object(Config\Cache), false)
12 SYSTEMPATH/Boot.php(334): CodeIgniter\CodeIgniter->run()
13 SYSTEMPATH/Boot.php(67): CodeIgniter\Boot::runCodeIgniter(Object(CodeIgniter\CodeIgniter))
14 FCPATH/index.php(56): CodeIgniter\Boot::bootWeb(Object(Config\Paths))
15 SYSTEMPATH/rewrite.php(44): require_once('/home/juliocesar/fuentes/ci4jcposv2/public/index.php')
WARNING - 2025-03-26 18:41:22 --> [DEPRECATED] Passing lowercase HTTP method "get" is deprecated. Use uppercase HTTP method like "GET". in SYSTEMPATH/Router/RouteCollection.php on line 1026.
 1 SYSTEMPATH/Router/RouteCollection.php(1026): trigger_error('Passing lowercase HTTP method "get" is deprecated. Use uppercase HTTP method like "GET".', 16384)
 2 VENDORPATH/julio101290/boilerplate/src/Config/Routes.php(22): CodeIgniter\Router\RouteCollection->match([...], 'profile', 'UserController::profile', [...])
 3 SYSTEMPATH/Router/RouteCollection.php(799): CodeIgniter\Router\RouteCollection->{closure}(Object(CodeIgniter\Router\RouteCollection))
 4 VENDORPATH/julio101290/boilerplate/src/Config/Routes.php(18): CodeIgniter\Router\RouteCollection->group('user', [...], Object(Closure))
 5 SYSTEMPATH/Router/RouteCollection.php(799): CodeIgniter\Router\RouteCollection->{closure}(Object(CodeIgniter\Router\RouteCollection))
 6 VENDORPATH/julio101290/boilerplate/src/Config/Routes.php(3): CodeIgniter\Router\RouteCollection->group('admin', Object(Closure))
 7 SYSTEMPATH/Router/RouteCollection.php(372): include('/home/juliocesar/fuentes/ci4jcposv2/vendor/julio101290/boilerplate/src/Config/Routes.php')
 8 SYSTEMPATH/Router/RouteCollection.php(342): CodeIgniter\Router\RouteCollection->discoverRoutes()
 9 SYSTEMPATH/CodeIgniter.php(821): CodeIgniter\Router\RouteCollection->loadRoutes()
10 SYSTEMPATH/CodeIgniter.php(455): CodeIgniter\CodeIgniter->tryToRouteIt(null)
11 SYSTEMPATH/CodeIgniter.php(354): CodeIgniter\CodeIgniter->handleRequest(null, Object(Config\Cache), false)
12 SYSTEMPATH/Boot.php(334): CodeIgniter\CodeIgniter->run()
13 SYSTEMPATH/Boot.php(67): CodeIgniter\Boot::runCodeIgniter(Object(CodeIgniter\CodeIgniter))
14 FCPATH/index.php(56): CodeIgniter\Boot::bootWeb(Object(Config\Paths))
15 SYSTEMPATH/rewrite.php(44): require_once('/home/juliocesar/fuentes/ci4jcposv2/public/index.php')
WARNING - 2025-03-26 18:41:22 --> [DEPRECATED] Passing lowercase HTTP method "post" is deprecated. Use uppercase HTTP method like "POST". in SYSTEMPATH/Router/RouteCollection.php on line 1026.
 1 SYSTEMPATH/Router/RouteCollection.php(1026): trigger_error('Passing lowercase HTTP method "post" is deprecated. Use uppercase HTTP method like "POST".', 16384)
 2 VENDORPATH/julio101290/boilerplate/src/Config/Routes.php(22): CodeIgniter\Router\RouteCollection->match([...], 'profile', 'UserController::profile', [...])
 3 SYSTEMPATH/Router/RouteCollection.php(799): CodeIgniter\Router\RouteCollection->{closure}(Object(CodeIgniter\Router\RouteCollection))
 4 VENDORPATH/julio101290/boilerplate/src/Config/Routes.php(18): CodeIgniter\Router\RouteCollection->group('user', [...], Object(Closure))
 5 SYSTEMPATH/Router/RouteCollection.php(799): CodeIgniter\Router\RouteCollection->{closure}(Object(CodeIgniter\Router\RouteCollection))
 6 VENDORPATH/julio101290/boilerplate/src/Config/Routes.php(3): CodeIgniter\Router\RouteCollection->group('admin', Object(Closure))
 7 SYSTEMPATH/Router/RouteCollection.php(372): include('/home/juliocesar/fuentes/ci4jcposv2/vendor/julio101290/boilerplate/src/Config/Routes.php')
 8 SYSTEMPATH/Router/RouteCollection.php(342): CodeIgniter\Router\RouteCollection->discoverRoutes()
 9 SYSTEMPATH/CodeIgniter.php(821): CodeIgniter\Router\RouteCollection->loadRoutes()
10 SYSTEMPATH/CodeIgniter.php(455): CodeIgniter\CodeIgniter->tryToRouteIt(null)
11 SYSTEMPATH/CodeIgniter.php(354): CodeIgniter\CodeIgniter->handleRequest(null, Object(Config\Cache), false)
12 SYSTEMPATH/Boot.php(334): CodeIgniter\CodeIgniter->run()
13 SYSTEMPATH/Boot.php(67): CodeIgniter\Boot::runCodeIgniter(Object(CodeIgniter\CodeIgniter))
14 FCPATH/index.php(56): CodeIgniter\Boot::bootWeb(Object(Config\Paths))
15 SYSTEMPATH/rewrite.php(44): require_once('/home/juliocesar/fuentes/ci4jcposv2/public/index.php')
DEBUG - 2025-03-26 18:41:22 --> Session: Class initialized using 'CodeIgniter\Session\Handlers\FileHandler' driver.
WARNING - 2025-03-26 18:41:22 --> [DEPRECATED] Passing lowercase HTTP method "get" is deprecated. Use uppercase HTTP method like "GET". in SYSTEMPATH/Router/RouteCollection.php on line 1026.
 1 SYSTEMPATH/Router/RouteCollection.php(1026): trigger_error('Passing lowercase HTTP method "get" is deprecated. Use uppercase HTTP method like "GET".', 16384)
 2 VENDORPATH/julio101290/boilerplate/src/Config/Routes.php(22): CodeIgniter\Router\RouteCollection->match([...], 'profile', 'UserController::profile', [...])
 3 SYSTEMPATH/Router/RouteCollection.php(799): CodeIgniter\Router\RouteCollection->{closure}(Object(CodeIgniter\Router\RouteCollection))
 4 VENDORPATH/julio101290/boilerplate/src/Config/Routes.php(18): CodeIgniter\Router\RouteCollection->group('user', [...], Object(Closure))
 5 SYSTEMPATH/Router/RouteCollection.php(799): CodeIgniter\Router\RouteCollection->{closure}(Object(CodeIgniter\Router\RouteCollection))
 6 VENDORPATH/julio101290/boilerplate/src/Config/Routes.php(3): CodeIgniter\Router\RouteCollection->group('admin', Object(Closure))
 7 SYSTEMPATH/Router/RouteCollection.php(372): include('/home/juliocesar/fuentes/ci4jcposv2/vendor/julio101290/boilerplate/src/Config/Routes.php')
 8 SYSTEMPATH/Router/RouteCollection.php(342): CodeIgniter\Router\RouteCollection->discoverRoutes()
 9 SYSTEMPATH/CodeIgniter.php(821): CodeIgniter\Router\RouteCollection->loadRoutes()
10 SYSTEMPATH/CodeIgniter.php(455): CodeIgniter\CodeIgniter->tryToRouteIt(null)
11 SYSTEMPATH/CodeIgniter.php(354): CodeIgniter\CodeIgniter->handleRequest(null, Object(Config\Cache), false)
12 SYSTEMPATH/Boot.php(334): CodeIgniter\CodeIgniter->run()
13 SYSTEMPATH/Boot.php(67): CodeIgniter\Boot::runCodeIgniter(Object(CodeIgniter\CodeIgniter))
14 FCPATH/index.php(56): CodeIgniter\Boot::bootWeb(Object(Config\Paths))
15 SYSTEMPATH/rewrite.php(44): require_once('/home/juliocesar/fuentes/ci4jcposv2/public/index.php')
WARNING - 2025-03-26 18:41:22 --> [DEPRECATED] Passing lowercase HTTP method "post" is deprecated. Use uppercase HTTP method like "POST". in SYSTEMPATH/Router/RouteCollection.php on line 1026.
 1 SYSTEMPATH/Router/RouteCollection.php(1026): trigger_error('Passing lowercase HTTP method "post" is deprecated. Use uppercase HTTP method like "POST".', 16384)
 2 VENDORPATH/julio101290/boilerplate/src/Config/Routes.php(22): CodeIgniter\Router\RouteCollection->match([...], 'profile', 'UserController::profile', [...])
 3 SYSTEMPATH/Router/RouteCollection.php(799): CodeIgniter\Router\RouteCollection->{closure}(Object(CodeIgniter\Router\RouteCollection))
 4 VENDORPATH/julio101290/boilerplate/src/Config/Routes.php(18): CodeIgniter\Router\RouteCollection->group('user', [...], Object(Closure))
 5 SYSTEMPATH/Router/RouteCollection.php(799): CodeIgniter\Router\RouteCollection->{closure}(Object(CodeIgniter\Router\RouteCollection))
 6 VENDORPATH/julio101290/boilerplate/src/Config/Routes.php(3): CodeIgniter\Router\RouteCollection->group('admin', Object(Closure))
 7 SYSTEMPATH/Router/RouteCollection.php(372): include('/home/juliocesar/fuentes/ci4jcposv2/vendor/julio101290/boilerplate/src/Config/Routes.php')
 8 SYSTEMPATH/Router/RouteCollection.php(342): CodeIgniter\Router\RouteCollection->discoverRoutes()
 9 SYSTEMPATH/CodeIgniter.php(821): CodeIgniter\Router\RouteCollection->loadRoutes()
10 SYSTEMPATH/CodeIgniter.php(455): CodeIgniter\CodeIgniter->tryToRouteIt(null)
11 SYSTEMPATH/CodeIgniter.php(354): CodeIgniter\CodeIgniter->handleRequest(null, Object(Config\Cache), false)
12 SYSTEMPATH/Boot.php(334): CodeIgniter\CodeIgniter->run()
13 SYSTEMPATH/Boot.php(67): CodeIgniter\Boot::runCodeIgniter(Object(CodeIgniter\CodeIgniter))
14 FCPATH/index.php(56): CodeIgniter\Boot::bootWeb(Object(Config\Paths))
15 SYSTEMPATH/rewrite.php(44): require_once('/home/juliocesar/fuentes/ci4jcposv2/public/index.php')
DEBUG - 2025-03-26 18:41:22 --> Session: Class initialized using 'CodeIgniter\Session\Handlers\FileHandler' driver.
WARNING - 2025-03-26 18:45:20 --> [DEPRECATED] Passing lowercase HTTP method "get" is deprecated. Use uppercase HTTP method like "GET". in SYSTEMPATH/Router/RouteCollection.php on line 1026.
 1 SYSTEMPATH/Router/RouteCollection.php(1026): trigger_error('Passing lowercase HTTP method "get" is deprecated. Use uppercase HTTP method like "GET".', 16384)
 2 VENDORPATH/julio101290/boilerplate/src/Config/Routes.php(22): CodeIgniter\Router\RouteCollection->match([...], 'profile', 'UserController::profile', [...])
 3 SYSTEMPATH/Router/RouteCollection.php(799): CodeIgniter\Router\RouteCollection->{closure}(Object(CodeIgniter\Router\RouteCollection))
 4 VENDORPATH/julio101290/boilerplate/src/Config/Routes.php(18): CodeIgniter\Router\RouteCollection->group('user', [...], Object(Closure))
 5 SYSTEMPATH/Router/RouteCollection.php(799): CodeIgniter\Router\RouteCollection->{closure}(Object(CodeIgniter\Router\RouteCollection))
 6 VENDORPATH/julio101290/boilerplate/src/Config/Routes.php(3): CodeIgniter\Router\RouteCollection->group('admin', Object(Closure))
 7 SYSTEMPATH/Router/RouteCollection.php(372): include('/home/juliocesar/fuentes/ci4jcposv2/vendor/julio101290/boilerplate/src/Config/Routes.php')
 8 SYSTEMPATH/Router/RouteCollection.php(342): CodeIgniter\Router\RouteCollection->discoverRoutes()
 9 SYSTEMPATH/CodeIgniter.php(821): CodeIgniter\Router\RouteCollection->loadRoutes()
10 SYSTEMPATH/CodeIgniter.php(455): CodeIgniter\CodeIgniter->tryToRouteIt(null)
11 SYSTEMPATH/CodeIgniter.php(354): CodeIgniter\CodeIgniter->handleRequest(null, Object(Config\Cache), false)
12 SYSTEMPATH/Boot.php(334): CodeIgniter\CodeIgniter->run()
13 SYSTEMPATH/Boot.php(67): CodeIgniter\Boot::runCodeIgniter(Object(CodeIgniter\CodeIgniter))
14 FCPATH/index.php(56): CodeIgniter\Boot::bootWeb(Object(Config\Paths))
15 SYSTEMPATH/rewrite.php(44): require_once('/home/juliocesar/fuentes/ci4jcposv2/public/index.php')
WARNING - 2025-03-26 18:45:20 --> [DEPRECATED] Passing lowercase HTTP method "post" is deprecated. Use uppercase HTTP method like "POST". in SYSTEMPATH/Router/RouteCollection.php on line 1026.
 1 SYSTEMPATH/Router/RouteCollection.php(1026): trigger_error('Passing lowercase HTTP method "post" is deprecated. Use uppercase HTTP method like "POST".', 16384)
 2 VENDORPATH/julio101290/boilerplate/src/Config/Routes.php(22): CodeIgniter\Router\RouteCollection->match([...], 'profile', 'UserController::profile', [...])
 3 SYSTEMPATH/Router/RouteCollection.php(799): CodeIgniter\Router\RouteCollection->{closure}(Object(CodeIgniter\Router\RouteCollection))
 4 VENDORPATH/julio101290/boilerplate/src/Config/Routes.php(18): CodeIgniter\Router\RouteCollection->group('user', [...], Object(Closure))
 5 SYSTEMPATH/Router/RouteCollection.php(799): CodeIgniter\Router\RouteCollection->{closure}(Object(CodeIgniter\Router\RouteCollection))
 6 VENDORPATH/julio101290/boilerplate/src/Config/Routes.php(3): CodeIgniter\Router\RouteCollection->group('admin', Object(Closure))
 7 SYSTEMPATH/Router/RouteCollection.php(372): include('/home/juliocesar/fuentes/ci4jcposv2/vendor/julio101290/boilerplate/src/Config/Routes.php')
 8 SYSTEMPATH/Router/RouteCollection.php(342): CodeIgniter\Router\RouteCollection->discoverRoutes()
 9 SYSTEMPATH/CodeIgniter.php(821): CodeIgniter\Router\RouteCollection->loadRoutes()
10 SYSTEMPATH/CodeIgniter.php(455): CodeIgniter\CodeIgniter->tryToRouteIt(null)
11 SYSTEMPATH/CodeIgniter.php(354): CodeIgniter\CodeIgniter->handleRequest(null, Object(Config\Cache), false)
12 SYSTEMPATH/Boot.php(334): CodeIgniter\CodeIgniter->run()
13 SYSTEMPATH/Boot.php(67): CodeIgniter\Boot::runCodeIgniter(Object(CodeIgniter\CodeIgniter))
14 FCPATH/index.php(56): CodeIgniter\Boot::bootWeb(Object(Config\Paths))
15 SYSTEMPATH/rewrite.php(44): require_once('/home/juliocesar/fuentes/ci4jcposv2/public/index.php')
CRITICAL - 2025-03-26 11:45:20 --> TypeError: App\Controllers\Home::index(): Return value must be of type string, CodeIgniter\HTTP\RedirectResponse returned
[Method: GET, Route: /]
in APPPATH/Controllers/Home.php on line 9.
 1 SYSTEMPATH/CodeIgniter.php(933): App\Controllers\Home->index()
 2 SYSTEMPATH/CodeIgniter.php(507): CodeIgniter\CodeIgniter->runController()
 3 SYSTEMPATH/CodeIgniter.php(354): CodeIgniter\CodeIgniter->handleRequest()
 4 SYSTEMPATH/Boot.php(334): CodeIgniter\CodeIgniter->run()
 5 SYSTEMPATH/Boot.php(67): CodeIgniter\Boot::runCodeIgniter()
 6 FCPATH/index.php(56): CodeIgniter\Boot::bootWeb()
 7 SYSTEMPATH/rewrite.php(44): require_once('/home/juliocesar/fuentes/ci4jcposv2/public/index.php')
WARNING - 2025-03-26 18:46:27 --> [DEPRECATED] Passing lowercase HTTP method "get" is deprecated. Use uppercase HTTP method like "GET". in SYSTEMPATH/Router/RouteCollection.php on line 1026.
 1 SYSTEMPATH/Router/RouteCollection.php(1026): trigger_error('Passing lowercase HTTP method "get" is deprecated. Use uppercase HTTP method like "GET".', 16384)
 2 VENDORPATH/julio101290/boilerplate/src/Config/Routes.php(22): CodeIgniter\Router\RouteCollection->match([...], 'profile', 'UserController::profile', [...])
 3 SYSTEMPATH/Router/RouteCollection.php(799): CodeIgniter\Router\RouteCollection->{closure}(Object(CodeIgniter\Router\RouteCollection))
 4 VENDORPATH/julio101290/boilerplate/src/Config/Routes.php(18): CodeIgniter\Router\RouteCollection->group('user', [...], Object(Closure))
 5 SYSTEMPATH/Router/RouteCollection.php(799): CodeIgniter\Router\RouteCollection->{closure}(Object(CodeIgniter\Router\RouteCollection))
 6 VENDORPATH/julio101290/boilerplate/src/Config/Routes.php(3): CodeIgniter\Router\RouteCollection->group('admin', Object(Closure))
 7 SYSTEMPATH/Router/RouteCollection.php(372): include('/home/juliocesar/fuentes/ci4jcposv2/vendor/julio101290/boilerplate/src/Config/Routes.php')
 8 SYSTEMPATH/Router/RouteCollection.php(342): CodeIgniter\Router\RouteCollection->discoverRoutes()
 9 SYSTEMPATH/CodeIgniter.php(821): CodeIgniter\Router\RouteCollection->loadRoutes()
10 SYSTEMPATH/CodeIgniter.php(455): CodeIgniter\CodeIgniter->tryToRouteIt(null)
11 SYSTEMPATH/CodeIgniter.php(354): CodeIgniter\CodeIgniter->handleRequest(null, Object(Config\Cache), false)
12 SYSTEMPATH/Boot.php(334): CodeIgniter\CodeIgniter->run()
13 SYSTEMPATH/Boot.php(67): CodeIgniter\Boot::runCodeIgniter(Object(CodeIgniter\CodeIgniter))
14 FCPATH/index.php(56): CodeIgniter\Boot::bootWeb(Object(Config\Paths))
15 SYSTEMPATH/rewrite.php(44): require_once('/home/juliocesar/fuentes/ci4jcposv2/public/index.php')
WARNING - 2025-03-26 18:46:27 --> [DEPRECATED] Passing lowercase HTTP method "post" is deprecated. Use uppercase HTTP method like "POST". in SYSTEMPATH/Router/RouteCollection.php on line 1026.
 1 SYSTEMPATH/Router/RouteCollection.php(1026): trigger_error('Passing lowercase HTTP method "post" is deprecated. Use uppercase HTTP method like "POST".', 16384)
 2 VENDORPATH/julio101290/boilerplate/src/Config/Routes.php(22): CodeIgniter\Router\RouteCollection->match([...], 'profile', 'UserController::profile', [...])
 3 SYSTEMPATH/Router/RouteCollection.php(799): CodeIgniter\Router\RouteCollection->{closure}(Object(CodeIgniter\Router\RouteCollection))
 4 VENDORPATH/julio101290/boilerplate/src/Config/Routes.php(18): CodeIgniter\Router\RouteCollection->group('user', [...], Object(Closure))
 5 SYSTEMPATH/Router/RouteCollection.php(799): CodeIgniter\Router\RouteCollection->{closure}(Object(CodeIgniter\Router\RouteCollection))
 6 VENDORPATH/julio101290/boilerplate/src/Config/Routes.php(3): CodeIgniter\Router\RouteCollection->group('admin', Object(Closure))
 7 SYSTEMPATH/Router/RouteCollection.php(372): include('/home/juliocesar/fuentes/ci4jcposv2/vendor/julio101290/boilerplate/src/Config/Routes.php')
 8 SYSTEMPATH/Router/RouteCollection.php(342): CodeIgniter\Router\RouteCollection->discoverRoutes()
 9 SYSTEMPATH/CodeIgniter.php(821): CodeIgniter\Router\RouteCollection->loadRoutes()
10 SYSTEMPATH/CodeIgniter.php(455): CodeIgniter\CodeIgniter->tryToRouteIt(null)
11 SYSTEMPATH/CodeIgniter.php(354): CodeIgniter\CodeIgniter->handleRequest(null, Object(Config\Cache), false)
12 SYSTEMPATH/Boot.php(334): CodeIgniter\CodeIgniter->run()
13 SYSTEMPATH/Boot.php(67): CodeIgniter\Boot::runCodeIgniter(Object(CodeIgniter\CodeIgniter))
14 FCPATH/index.php(56): CodeIgniter\Boot::bootWeb(Object(Config\Paths))
15 SYSTEMPATH/rewrite.php(44): require_once('/home/juliocesar/fuentes/ci4jcposv2/public/index.php')
CRITICAL - 2025-03-26 11:46:27 --> TypeError: App\Controllers\Home::index(): Return value must be of type string, CodeIgniter\HTTP\RedirectResponse returned
[Method: GET, Route: /]
in APPPATH/Controllers/Home.php on line 10.
 1 SYSTEMPATH/CodeIgniter.php(933): App\Controllers\Home->index()
 2 SYSTEMPATH/CodeIgniter.php(507): CodeIgniter\CodeIgniter->runController()
 3 SYSTEMPATH/CodeIgniter.php(354): CodeIgniter\CodeIgniter->handleRequest()
 4 SYSTEMPATH/Boot.php(334): CodeIgniter\CodeIgniter->run()
 5 SYSTEMPATH/Boot.php(67): CodeIgniter\Boot::runCodeIgniter()
 6 FCPATH/index.php(56): CodeIgniter\Boot::bootWeb()
 7 SYSTEMPATH/rewrite.php(44): require_once('/home/juliocesar/fuentes/ci4jcposv2/public/index.php')
WARNING - 2025-03-26 18:49:30 --> [DEPRECATED] Passing lowercase HTTP method "get" is deprecated. Use uppercase HTTP method like "GET". in SYSTEMPATH/Router/RouteCollection.php on line 1026.
 1 SYSTEMPATH/Router/RouteCollection.php(1026): trigger_error('Passing lowercase HTTP method "get" is deprecated. Use uppercase HTTP method like "GET".', 16384)
 2 VENDORPATH/julio101290/boilerplate/src/Config/Routes.php(22): CodeIgniter\Router\RouteCollection->match([...], 'profile', 'UserController::profile', [...])
 3 SYSTEMPATH/Router/RouteCollection.php(799): CodeIgniter\Router\RouteCollection->{closure}(Object(CodeIgniter\Router\RouteCollection))
 4 VENDORPATH/julio101290/boilerplate/src/Config/Routes.php(18): CodeIgniter\Router\RouteCollection->group('user', [...], Object(Closure))
 5 SYSTEMPATH/Router/RouteCollection.php(799): CodeIgniter\Router\RouteCollection->{closure}(Object(CodeIgniter\Router\RouteCollection))
 6 VENDORPATH/julio101290/boilerplate/src/Config/Routes.php(3): CodeIgniter\Router\RouteCollection->group('admin', Object(Closure))
 7 SYSTEMPATH/Router/RouteCollection.php(372): include('/home/juliocesar/fuentes/ci4jcposv2/vendor/julio101290/boilerplate/src/Config/Routes.php')
 8 SYSTEMPATH/Router/RouteCollection.php(342): CodeIgniter\Router\RouteCollection->discoverRoutes()
 9 SYSTEMPATH/CodeIgniter.php(821): CodeIgniter\Router\RouteCollection->loadRoutes()
10 SYSTEMPATH/CodeIgniter.php(455): CodeIgniter\CodeIgniter->tryToRouteIt(null)
11 SYSTEMPATH/CodeIgniter.php(354): CodeIgniter\CodeIgniter->handleRequest(null, Object(Config\Cache), false)
12 SYSTEMPATH/Boot.php(334): CodeIgniter\CodeIgniter->run()
13 SYSTEMPATH/Boot.php(67): CodeIgniter\Boot::runCodeIgniter(Object(CodeIgniter\CodeIgniter))
14 FCPATH/index.php(56): CodeIgniter\Boot::bootWeb(Object(Config\Paths))
15 SYSTEMPATH/rewrite.php(44): require_once('/home/juliocesar/fuentes/ci4jcposv2/public/index.php')
WARNING - 2025-03-26 18:49:30 --> [DEPRECATED] Passing lowercase HTTP method "post" is deprecated. Use uppercase HTTP method like "POST". in SYSTEMPATH/Router/RouteCollection.php on line 1026.
 1 SYSTEMPATH/Router/RouteCollection.php(1026): trigger_error('Passing lowercase HTTP method "post" is deprecated. Use uppercase HTTP method like "POST".', 16384)
 2 VENDORPATH/julio101290/boilerplate/src/Config/Routes.php(22): CodeIgniter\Router\RouteCollection->match([...], 'profile', 'UserController::profile', [...])
 3 SYSTEMPATH/Router/RouteCollection.php(799): CodeIgniter\Router\RouteCollection->{closure}(Object(CodeIgniter\Router\RouteCollection))
 4 VENDORPATH/julio101290/boilerplate/src/Config/Routes.php(18): CodeIgniter\Router\RouteCollection->group('user', [...], Object(Closure))
 5 SYSTEMPATH/Router/RouteCollection.php(799): CodeIgniter\Router\RouteCollection->{closure}(Object(CodeIgniter\Router\RouteCollection))
 6 VENDORPATH/julio101290/boilerplate/src/Config/Routes.php(3): CodeIgniter\Router\RouteCollection->group('admin', Object(Closure))
 7 SYSTEMPATH/Router/RouteCollection.php(372): include('/home/juliocesar/fuentes/ci4jcposv2/vendor/julio101290/boilerplate/src/Config/Routes.php')
 8 SYSTEMPATH/Router/RouteCollection.php(342): CodeIgniter\Router\RouteCollection->discoverRoutes()
 9 SYSTEMPATH/CodeIgniter.php(821): CodeIgniter\Router\RouteCollection->loadRoutes()
10 SYSTEMPATH/CodeIgniter.php(455): CodeIgniter\CodeIgniter->tryToRouteIt(null)
11 SYSTEMPATH/CodeIgniter.php(354): CodeIgniter\CodeIgniter->handleRequest(null, Object(Config\Cache), false)
12 SYSTEMPATH/Boot.php(334): CodeIgniter\CodeIgniter->run()
13 SYSTEMPATH/Boot.php(67): CodeIgniter\Boot::runCodeIgniter(Object(CodeIgniter\CodeIgniter))
14 FCPATH/index.php(56): CodeIgniter\Boot::bootWeb(Object(Config\Paths))
15 SYSTEMPATH/rewrite.php(44): require_once('/home/juliocesar/fuentes/ci4jcposv2/public/index.php')
CRITICAL - 2025-03-26 11:49:30 --> TypeError: App\Controllers\Home::index(): Return value must be of type string, CodeIgniter\HTTP\RedirectResponse returned
[Method: GET, Route: /]
in APPPATH/Controllers/Home.php on line 12.
 1 SYSTEMPATH/CodeIgniter.php(933): App\Controllers\Home->index()
 2 SYSTEMPATH/CodeIgniter.php(507): CodeIgniter\CodeIgniter->runController()
 3 SYSTEMPATH/CodeIgniter.php(354): CodeIgniter\CodeIgniter->handleRequest()
 4 SYSTEMPATH/Boot.php(334): CodeIgniter\CodeIgniter->run()
 5 SYSTEMPATH/Boot.php(67): CodeIgniter\Boot::runCodeIgniter()
 6 FCPATH/index.php(56): CodeIgniter\Boot::bootWeb()
 7 SYSTEMPATH/rewrite.php(44): require_once('/home/juliocesar/fuentes/ci4jcposv2/public/index.php')
WARNING - 2025-03-26 18:54:42 --> [DEPRECATED] Passing lowercase HTTP method "get" is deprecated. Use uppercase HTTP method like "GET". in SYSTEMPATH/Router/RouteCollection.php on line 1026.
 1 SYSTEMPATH/Router/RouteCollection.php(1026): trigger_error('Passing lowercase HTTP method "get" is deprecated. Use uppercase HTTP method like "GET".', 16384)
 2 VENDORPATH/julio101290/boilerplate/src/Config/Routes.php(22): CodeIgniter\Router\RouteCollection->match([...], 'profile', 'UserController::profile', [...])
 3 SYSTEMPATH/Router/RouteCollection.php(799): CodeIgniter\Router\RouteCollection->{closure}(Object(CodeIgniter\Router\RouteCollection))
 4 VENDORPATH/julio101290/boilerplate/src/Config/Routes.php(18): CodeIgniter\Router\RouteCollection->group('user', [...], Object(Closure))
 5 SYSTEMPATH/Router/RouteCollection.php(799): CodeIgniter\Router\RouteCollection->{closure}(Object(CodeIgniter\Router\RouteCollection))
 6 VENDORPATH/julio101290/boilerplate/src/Config/Routes.php(3): CodeIgniter\Router\RouteCollection->group('admin', Object(Closure))
 7 SYSTEMPATH/Router/RouteCollection.php(372): include('/home/juliocesar/fuentes/ci4jcposv2/vendor/julio101290/boilerplate/src/Config/Routes.php')
 8 SYSTEMPATH/Router/RouteCollection.php(342): CodeIgniter\Router\RouteCollection->discoverRoutes()
 9 SYSTEMPATH/CodeIgniter.php(821): CodeIgniter\Router\RouteCollection->loadRoutes()
10 SYSTEMPATH/CodeIgniter.php(455): CodeIgniter\CodeIgniter->tryToRouteIt(null)
11 SYSTEMPATH/CodeIgniter.php(354): CodeIgniter\CodeIgniter->handleRequest(null, Object(Config\Cache), false)
12 SYSTEMPATH/Boot.php(334): CodeIgniter\CodeIgniter->run()
13 SYSTEMPATH/Boot.php(67): CodeIgniter\Boot::runCodeIgniter(Object(CodeIgniter\CodeIgniter))
14 FCPATH/index.php(56): CodeIgniter\Boot::bootWeb(Object(Config\Paths))
15 SYSTEMPATH/rewrite.php(44): require_once('/home/juliocesar/fuentes/ci4jcposv2/public/index.php')
WARNING - 2025-03-26 18:54:42 --> [DEPRECATED] Passing lowercase HTTP method "post" is deprecated. Use uppercase HTTP method like "POST". in SYSTEMPATH/Router/RouteCollection.php on line 1026.
 1 SYSTEMPATH/Router/RouteCollection.php(1026): trigger_error('Passing lowercase HTTP method "post" is deprecated. Use uppercase HTTP method like "POST".', 16384)
 2 VENDORPATH/julio101290/boilerplate/src/Config/Routes.php(22): CodeIgniter\Router\RouteCollection->match([...], 'profile', 'UserController::profile', [...])
 3 SYSTEMPATH/Router/RouteCollection.php(799): CodeIgniter\Router\RouteCollection->{closure}(Object(CodeIgniter\Router\RouteCollection))
 4 VENDORPATH/julio101290/boilerplate/src/Config/Routes.php(18): CodeIgniter\Router\RouteCollection->group('user', [...], Object(Closure))
 5 SYSTEMPATH/Router/RouteCollection.php(799): CodeIgniter\Router\RouteCollection->{closure}(Object(CodeIgniter\Router\RouteCollection))
 6 VENDORPATH/julio101290/boilerplate/src/Config/Routes.php(3): CodeIgniter\Router\RouteCollection->group('admin', Object(Closure))
 7 SYSTEMPATH/Router/RouteCollection.php(372): include('/home/juliocesar/fuentes/ci4jcposv2/vendor/julio101290/boilerplate/src/Config/Routes.php')
 8 SYSTEMPATH/Router/RouteCollection.php(342): CodeIgniter\Router\RouteCollection->discoverRoutes()
 9 SYSTEMPATH/CodeIgniter.php(821): CodeIgniter\Router\RouteCollection->loadRoutes()
10 SYSTEMPATH/CodeIgniter.php(455): CodeIgniter\CodeIgniter->tryToRouteIt(null)
11 SYSTEMPATH/CodeIgniter.php(354): CodeIgniter\CodeIgniter->handleRequest(null, Object(Config\Cache), false)
12 SYSTEMPATH/Boot.php(334): CodeIgniter\CodeIgniter->run()
13 SYSTEMPATH/Boot.php(67): CodeIgniter\Boot::runCodeIgniter(Object(CodeIgniter\CodeIgniter))
14 FCPATH/index.php(56): CodeIgniter\Boot::bootWeb(Object(Config\Paths))
15 SYSTEMPATH/rewrite.php(44): require_once('/home/juliocesar/fuentes/ci4jcposv2/public/index.php')
CRITICAL - 2025-03-26 11:54:42 --> TypeError: App\Controllers\Home::index(): Return value must be of type string, CodeIgniter\HTTP\RedirectResponse returned
[Method: GET, Route: /]
in APPPATH/Controllers/Home.php on line 18.
 1 SYSTEMPATH/CodeIgniter.php(933): App\Controllers\Home->index()
 2 SYSTEMPATH/CodeIgniter.php(507): CodeIgniter\CodeIgniter->runController()
 3 SYSTEMPATH/CodeIgniter.php(354): CodeIgniter\CodeIgniter->handleRequest()
 4 SYSTEMPATH/Boot.php(334): CodeIgniter\CodeIgniter->run()
 5 SYSTEMPATH/Boot.php(67): CodeIgniter\Boot::runCodeIgniter()
 6 FCPATH/index.php(56): CodeIgniter\Boot::bootWeb()
 7 SYSTEMPATH/rewrite.php(44): require_once('/home/juliocesar/fuentes/ci4jcposv2/public/index.php')
WARNING - 2025-03-26 19:02:55 --> [DEPRECATED] Passing lowercase HTTP method "get" is deprecated. Use uppercase HTTP method like "GET". in SYSTEMPATH/Router/RouteCollection.php on line 1026.
 1 SYSTEMPATH/Router/RouteCollection.php(1026): trigger_error('Passing lowercase HTTP method "get" is deprecated. Use uppercase HTTP method like "GET".', 16384)
 2 VENDORPATH/julio101290/boilerplate/src/Config/Routes.php(22): CodeIgniter\Router\RouteCollection->match([...], 'profile', 'UserController::profile', [...])
 3 SYSTEMPATH/Router/RouteCollection.php(799): CodeIgniter\Router\RouteCollection->{closure}(Object(CodeIgniter\Router\RouteCollection))
 4 VENDORPATH/julio101290/boilerplate/src/Config/Routes.php(18): CodeIgniter\Router\RouteCollection->group('user', [...], Object(Closure))
 5 SYSTEMPATH/Router/RouteCollection.php(799): CodeIgniter\Router\RouteCollection->{closure}(Object(CodeIgniter\Router\RouteCollection))
 6 VENDORPATH/julio101290/boilerplate/src/Config/Routes.php(3): CodeIgniter\Router\RouteCollection->group('admin', Object(Closure))
 7 SYSTEMPATH/Router/RouteCollection.php(372): include('/home/juliocesar/fuentes/ci4jcposv2/vendor/julio101290/boilerplate/src/Config/Routes.php')
 8 SYSTEMPATH/Router/RouteCollection.php(342): CodeIgniter\Router\RouteCollection->discoverRoutes()
 9 SYSTEMPATH/CodeIgniter.php(821): CodeIgniter\Router\RouteCollection->loadRoutes()
10 SYSTEMPATH/CodeIgniter.php(455): CodeIgniter\CodeIgniter->tryToRouteIt(null)
11 SYSTEMPATH/CodeIgniter.php(354): CodeIgniter\CodeIgniter->handleRequest(null, Object(Config\Cache), false)
12 SYSTEMPATH/Boot.php(334): CodeIgniter\CodeIgniter->run()
13 SYSTEMPATH/Boot.php(67): CodeIgniter\Boot::runCodeIgniter(Object(CodeIgniter\CodeIgniter))
14 FCPATH/index.php(56): CodeIgniter\Boot::bootWeb(Object(Config\Paths))
15 SYSTEMPATH/rewrite.php(44): require_once('/home/juliocesar/fuentes/ci4jcposv2/public/index.php')
WARNING - 2025-03-26 19:02:55 --> [DEPRECATED] Passing lowercase HTTP method "post" is deprecated. Use uppercase HTTP method like "POST". in SYSTEMPATH/Router/RouteCollection.php on line 1026.
 1 SYSTEMPATH/Router/RouteCollection.php(1026): trigger_error('Passing lowercase HTTP method "post" is deprecated. Use uppercase HTTP method like "POST".', 16384)
 2 VENDORPATH/julio101290/boilerplate/src/Config/Routes.php(22): CodeIgniter\Router\RouteCollection->match([...], 'profile', 'UserController::profile', [...])
 3 SYSTEMPATH/Router/RouteCollection.php(799): CodeIgniter\Router\RouteCollection->{closure}(Object(CodeIgniter\Router\RouteCollection))
 4 VENDORPATH/julio101290/boilerplate/src/Config/Routes.php(18): CodeIgniter\Router\RouteCollection->group('user', [...], Object(Closure))
 5 SYSTEMPATH/Router/RouteCollection.php(799): CodeIgniter\Router\RouteCollection->{closure}(Object(CodeIgniter\Router\RouteCollection))
 6 VENDORPATH/julio101290/boilerplate/src/Config/Routes.php(3): CodeIgniter\Router\RouteCollection->group('admin', Object(Closure))
 7 SYSTEMPATH/Router/RouteCollection.php(372): include('/home/juliocesar/fuentes/ci4jcposv2/vendor/julio101290/boilerplate/src/Config/Routes.php')
 8 SYSTEMPATH/Router/RouteCollection.php(342): CodeIgniter\Router\RouteCollection->discoverRoutes()
 9 SYSTEMPATH/CodeIgniter.php(821): CodeIgniter\Router\RouteCollection->loadRoutes()
10 SYSTEMPATH/CodeIgniter.php(455): CodeIgniter\CodeIgniter->tryToRouteIt(null)
11 SYSTEMPATH/CodeIgniter.php(354): CodeIgniter\CodeIgniter->handleRequest(null, Object(Config\Cache), false)
12 SYSTEMPATH/Boot.php(334): CodeIgniter\CodeIgniter->run()
13 SYSTEMPATH/Boot.php(67): CodeIgniter\Boot::runCodeIgniter(Object(CodeIgniter\CodeIgniter))
14 FCPATH/index.php(56): CodeIgniter\Boot::bootWeb(Object(Config\Paths))
15 SYSTEMPATH/rewrite.php(44): require_once('/home/juliocesar/fuentes/ci4jcposv2/public/index.php')
CRITICAL - 2025-03-26 12:02:55 --> TypeError: App\Controllers\Home::index(): Return value must be of type string, CodeIgniter\HTTP\RedirectResponse returned
[Method: GET, Route: /]
in APPPATH/Controllers/Home.php on line 18.
 1 SYSTEMPATH/CodeIgniter.php(933): App\Controllers\Home->index()
 2 SYSTEMPATH/CodeIgniter.php(507): CodeIgniter\CodeIgniter->runController()
 3 SYSTEMPATH/CodeIgniter.php(354): CodeIgniter\CodeIgniter->handleRequest()
 4 SYSTEMPATH/Boot.php(334): CodeIgniter\CodeIgniter->run()
 5 SYSTEMPATH/Boot.php(67): CodeIgniter\Boot::runCodeIgniter()
 6 FCPATH/index.php(56): CodeIgniter\Boot::bootWeb()
 7 SYSTEMPATH/rewrite.php(44): require_once('/home/juliocesar/fuentes/ci4jcposv2/public/index.php')
WARNING - 2025-03-26 19:03:16 --> [DEPRECATED] Passing lowercase HTTP method "get" is deprecated. Use uppercase HTTP method like "GET". in SYSTEMPATH/Router/RouteCollection.php on line 1026.
 1 SYSTEMPATH/Router/RouteCollection.php(1026): trigger_error('Passing lowercase HTTP method "get" is deprecated. Use uppercase HTTP method like "GET".', 16384)
 2 VENDORPATH/julio101290/boilerplate/src/Config/Routes.php(22): CodeIgniter\Router\RouteCollection->match([...], 'profile', 'UserController::profile', [...])
 3 SYSTEMPATH/Router/RouteCollection.php(799): CodeIgniter\Router\RouteCollection->{closure}(Object(CodeIgniter\Router\RouteCollection))
 4 VENDORPATH/julio101290/boilerplate/src/Config/Routes.php(18): CodeIgniter\Router\RouteCollection->group('user', [...], Object(Closure))
 5 SYSTEMPATH/Router/RouteCollection.php(799): CodeIgniter\Router\RouteCollection->{closure}(Object(CodeIgniter\Router\RouteCollection))
 6 VENDORPATH/julio101290/boilerplate/src/Config/Routes.php(3): CodeIgniter\Router\RouteCollection->group('admin', Object(Closure))
 7 SYSTEMPATH/Router/RouteCollection.php(372): include('/home/juliocesar/fuentes/ci4jcposv2/vendor/julio101290/boilerplate/src/Config/Routes.php')
 8 SYSTEMPATH/Router/RouteCollection.php(342): CodeIgniter\Router\RouteCollection->discoverRoutes()
 9 SYSTEMPATH/CodeIgniter.php(821): CodeIgniter\Router\RouteCollection->loadRoutes()
10 SYSTEMPATH/CodeIgniter.php(455): CodeIgniter\CodeIgniter->tryToRouteIt(null)
11 SYSTEMPATH/CodeIgniter.php(354): CodeIgniter\CodeIgniter->handleRequest(null, Object(Config\Cache), false)
12 SYSTEMPATH/Boot.php(334): CodeIgniter\CodeIgniter->run()
13 SYSTEMPATH/Boot.php(67): CodeIgniter\Boot::runCodeIgniter(Object(CodeIgniter\CodeIgniter))
14 FCPATH/index.php(56): CodeIgniter\Boot::bootWeb(Object(Config\Paths))
15 SYSTEMPATH/rewrite.php(44): require_once('/home/juliocesar/fuentes/ci4jcposv2/public/index.php')
WARNING - 2025-03-26 19:03:16 --> [DEPRECATED] Passing lowercase HTTP method "post" is deprecated. Use uppercase HTTP method like "POST". in SYSTEMPATH/Router/RouteCollection.php on line 1026.
 1 SYSTEMPATH/Router/RouteCollection.php(1026): trigger_error('Passing lowercase HTTP method "post" is deprecated. Use uppercase HTTP method like "POST".', 16384)
 2 VENDORPATH/julio101290/boilerplate/src/Config/Routes.php(22): CodeIgniter\Router\RouteCollection->match([...], 'profile', 'UserController::profile', [...])
 3 SYSTEMPATH/Router/RouteCollection.php(799): CodeIgniter\Router\RouteCollection->{closure}(Object(CodeIgniter\Router\RouteCollection))
 4 VENDORPATH/julio101290/boilerplate/src/Config/Routes.php(18): CodeIgniter\Router\RouteCollection->group('user', [...], Object(Closure))
 5 SYSTEMPATH/Router/RouteCollection.php(799): CodeIgniter\Router\RouteCollection->{closure}(Object(CodeIgniter\Router\RouteCollection))
 6 VENDORPATH/julio101290/boilerplate/src/Config/Routes.php(3): CodeIgniter\Router\RouteCollection->group('admin', Object(Closure))
 7 SYSTEMPATH/Router/RouteCollection.php(372): include('/home/juliocesar/fuentes/ci4jcposv2/vendor/julio101290/boilerplate/src/Config/Routes.php')
 8 SYSTEMPATH/Router/RouteCollection.php(342): CodeIgniter\Router\RouteCollection->discoverRoutes()
 9 SYSTEMPATH/CodeIgniter.php(821): CodeIgniter\Router\RouteCollection->loadRoutes()
10 SYSTEMPATH/CodeIgniter.php(455): CodeIgniter\CodeIgniter->tryToRouteIt(null)
11 SYSTEMPATH/CodeIgniter.php(354): CodeIgniter\CodeIgniter->handleRequest(null, Object(Config\Cache), false)
12 SYSTEMPATH/Boot.php(334): CodeIgniter\CodeIgniter->run()
13 SYSTEMPATH/Boot.php(67): CodeIgniter\Boot::runCodeIgniter(Object(CodeIgniter\CodeIgniter))
14 FCPATH/index.php(56): CodeIgniter\Boot::bootWeb(Object(Config\Paths))
15 SYSTEMPATH/rewrite.php(44): require_once('/home/juliocesar/fuentes/ci4jcposv2/public/index.php')
WARNING - 2025-03-26 19:03:16 --> [DEPRECATED] Passing lowercase HTTP method "get" is deprecated. Use uppercase HTTP method like "GET". in SYSTEMPATH/Router/RouteCollection.php on line 1026.
 1 SYSTEMPATH/Router/RouteCollection.php(1026): trigger_error('Passing lowercase HTTP method "get" is deprecated. Use uppercase HTTP method like "GET".', 16384)
 2 VENDORPATH/julio101290/boilerplate/src/Config/Routes.php(22): CodeIgniter\Router\RouteCollection->match([...], 'profile', 'UserController::profile', [...])
 3 SYSTEMPATH/Router/RouteCollection.php(799): CodeIgniter\Router\RouteCollection->{closure}(Object(CodeIgniter\Router\RouteCollection))
 4 VENDORPATH/julio101290/boilerplate/src/Config/Routes.php(18): CodeIgniter\Router\RouteCollection->group('user', [...], Object(Closure))
 5 SYSTEMPATH/Router/RouteCollection.php(799): CodeIgniter\Router\RouteCollection->{closure}(Object(CodeIgniter\Router\RouteCollection))
 6 VENDORPATH/julio101290/boilerplate/src/Config/Routes.php(3): CodeIgniter\Router\RouteCollection->group('admin', Object(Closure))
 7 SYSTEMPATH/Router/RouteCollection.php(372): include('/home/juliocesar/fuentes/ci4jcposv2/vendor/julio101290/boilerplate/src/Config/Routes.php')
 8 SYSTEMPATH/Router/RouteCollection.php(342): CodeIgniter\Router\RouteCollection->discoverRoutes()
 9 SYSTEMPATH/CodeIgniter.php(821): CodeIgniter\Router\RouteCollection->loadRoutes()
10 SYSTEMPATH/CodeIgniter.php(455): CodeIgniter\CodeIgniter->tryToRouteIt(null)
11 SYSTEMPATH/CodeIgniter.php(354): CodeIgniter\CodeIgniter->handleRequest(null, Object(Config\Cache), false)
12 SYSTEMPATH/Boot.php(334): CodeIgniter\CodeIgniter->run()
13 SYSTEMPATH/Boot.php(67): CodeIgniter\Boot::runCodeIgniter(Object(CodeIgniter\CodeIgniter))
14 FCPATH/index.php(56): CodeIgniter\Boot::bootWeb(Object(Config\Paths))
15 SYSTEMPATH/rewrite.php(44): require_once('/home/juliocesar/fuentes/ci4jcposv2/public/index.php')
WARNING - 2025-03-26 19:03:16 --> [DEPRECATED] Passing lowercase HTTP method "post" is deprecated. Use uppercase HTTP method like "POST". in SYSTEMPATH/Router/RouteCollection.php on line 1026.
 1 SYSTEMPATH/Router/RouteCollection.php(1026): trigger_error('Passing lowercase HTTP method "post" is deprecated. Use uppercase HTTP method like "POST".', 16384)
 2 VENDORPATH/julio101290/boilerplate/src/Config/Routes.php(22): CodeIgniter\Router\RouteCollection->match([...], 'profile', 'UserController::profile', [...])
 3 SYSTEMPATH/Router/RouteCollection.php(799): CodeIgniter\Router\RouteCollection->{closure}(Object(CodeIgniter\Router\RouteCollection))
 4 VENDORPATH/julio101290/boilerplate/src/Config/Routes.php(18): CodeIgniter\Router\RouteCollection->group('user', [...], Object(Closure))
 5 SYSTEMPATH/Router/RouteCollection.php(799): CodeIgniter\Router\RouteCollection->{closure}(Object(CodeIgniter\Router\RouteCollection))
 6 VENDORPATH/julio101290/boilerplate/src/Config/Routes.php(3): CodeIgniter\Router\RouteCollection->group('admin', Object(Closure))
 7 SYSTEMPATH/Router/RouteCollection.php(372): include('/home/juliocesar/fuentes/ci4jcposv2/vendor/julio101290/boilerplate/src/Config/Routes.php')
 8 SYSTEMPATH/Router/RouteCollection.php(342): CodeIgniter\Router\RouteCollection->discoverRoutes()
 9 SYSTEMPATH/CodeIgniter.php(821): CodeIgniter\Router\RouteCollection->loadRoutes()
10 SYSTEMPATH/CodeIgniter.php(455): CodeIgniter\CodeIgniter->tryToRouteIt(null)
11 SYSTEMPATH/CodeIgniter.php(354): CodeIgniter\CodeIgniter->handleRequest(null, Object(Config\Cache), false)
12 SYSTEMPATH/Boot.php(334): CodeIgniter\CodeIgniter->run()
13 SYSTEMPATH/Boot.php(67): CodeIgniter\Boot::runCodeIgniter(Object(CodeIgniter\CodeIgniter))
14 FCPATH/index.php(56): CodeIgniter\Boot::bootWeb(Object(Config\Paths))
15 SYSTEMPATH/rewrite.php(44): require_once('/home/juliocesar/fuentes/ci4jcposv2/public/index.php')
DEBUG - 2025-03-26 19:03:16 --> Session: Class initialized using 'CodeIgniter\Session\Handlers\FileHandler' driver.
WARNING - 2025-03-26 19:03:16 --> [DEPRECATED] Passing lowercase HTTP method "get" is deprecated. Use uppercase HTTP method like "GET". in SYSTEMPATH/Router/RouteCollection.php on line 1026.
 1 SYSTEMPATH/Router/RouteCollection.php(1026): trigger_error('Passing lowercase HTTP method "get" is deprecated. Use uppercase HTTP method like "GET".', 16384)
 2 VENDORPATH/julio101290/boilerplate/src/Config/Routes.php(22): CodeIgniter\Router\RouteCollection->match([...], 'profile', 'UserController::profile', [...])
 3 SYSTEMPATH/Router/RouteCollection.php(799): CodeIgniter\Router\RouteCollection->{closure}(Object(CodeIgniter\Router\RouteCollection))
 4 VENDORPATH/julio101290/boilerplate/src/Config/Routes.php(18): CodeIgniter\Router\RouteCollection->group('user', [...], Object(Closure))
 5 SYSTEMPATH/Router/RouteCollection.php(799): CodeIgniter\Router\RouteCollection->{closure}(Object(CodeIgniter\Router\RouteCollection))
 6 VENDORPATH/julio101290/boilerplate/src/Config/Routes.php(3): CodeIgniter\Router\RouteCollection->group('admin', Object(Closure))
 7 SYSTEMPATH/Router/RouteCollection.php(372): include('/home/juliocesar/fuentes/ci4jcposv2/vendor/julio101290/boilerplate/src/Config/Routes.php')
 8 SYSTEMPATH/Router/RouteCollection.php(342): CodeIgniter\Router\RouteCollection->discoverRoutes()
 9 SYSTEMPATH/CodeIgniter.php(821): CodeIgniter\Router\RouteCollection->loadRoutes()
10 SYSTEMPATH/CodeIgniter.php(455): CodeIgniter\CodeIgniter->tryToRouteIt(null)
11 SYSTEMPATH/CodeIgniter.php(354): CodeIgniter\CodeIgniter->handleRequest(null, Object(Config\Cache), false)
12 SYSTEMPATH/Boot.php(334): CodeIgniter\CodeIgniter->run()
13 SYSTEMPATH/Boot.php(67): CodeIgniter\Boot::runCodeIgniter(Object(CodeIgniter\CodeIgniter))
14 FCPATH/index.php(56): CodeIgniter\Boot::bootWeb(Object(Config\Paths))
15 SYSTEMPATH/rewrite.php(44): require_once('/home/juliocesar/fuentes/ci4jcposv2/public/index.php')
WARNING - 2025-03-26 19:03:16 --> [DEPRECATED] Passing lowercase HTTP method "post" is deprecated. Use uppercase HTTP method like "POST". in SYSTEMPATH/Router/RouteCollection.php on line 1026.
 1 SYSTEMPATH/Router/RouteCollection.php(1026): trigger_error('Passing lowercase HTTP method "post" is deprecated. Use uppercase HTTP method like "POST".', 16384)
 2 VENDORPATH/julio101290/boilerplate/src/Config/Routes.php(22): CodeIgniter\Router\RouteCollection->match([...], 'profile', 'UserController::profile', [...])
 3 SYSTEMPATH/Router/RouteCollection.php(799): CodeIgniter\Router\RouteCollection->{closure}(Object(CodeIgniter\Router\RouteCollection))
 4 VENDORPATH/julio101290/boilerplate/src/Config/Routes.php(18): CodeIgniter\Router\RouteCollection->group('user', [...], Object(Closure))
 5 SYSTEMPATH/Router/RouteCollection.php(799): CodeIgniter\Router\RouteCollection->{closure}(Object(CodeIgniter\Router\RouteCollection))
 6 VENDORPATH/julio101290/boilerplate/src/Config/Routes.php(3): CodeIgniter\Router\RouteCollection->group('admin', Object(Closure))
 7 SYSTEMPATH/Router/RouteCollection.php(372): include('/home/juliocesar/fuentes/ci4jcposv2/vendor/julio101290/boilerplate/src/Config/Routes.php')
 8 SYSTEMPATH/Router/RouteCollection.php(342): CodeIgniter\Router\RouteCollection->discoverRoutes()
 9 SYSTEMPATH/CodeIgniter.php(821): CodeIgniter\Router\RouteCollection->loadRoutes()
10 SYSTEMPATH/CodeIgniter.php(455): CodeIgniter\CodeIgniter->tryToRouteIt(null)
11 SYSTEMPATH/CodeIgniter.php(354): CodeIgniter\CodeIgniter->handleRequest(null, Object(Config\Cache), false)
12 SYSTEMPATH/Boot.php(334): CodeIgniter\CodeIgniter->run()
13 SYSTEMPATH/Boot.php(67): CodeIgniter\Boot::runCodeIgniter(Object(CodeIgniter\CodeIgniter))
14 FCPATH/index.php(56): CodeIgniter\Boot::bootWeb(Object(Config\Paths))
15 SYSTEMPATH/rewrite.php(44): require_once('/home/juliocesar/fuentes/ci4jcposv2/public/index.php')
DEBUG - 2025-03-26 19:03:16 --> Session: Class initialized using 'CodeIgniter\Session\Handlers\FileHandler' driver.
WARNING - 2025-03-26 19:03:55 --> [DEPRECATED] Passing lowercase HTTP method "get" is deprecated. Use uppercase HTTP method like "GET". in SYSTEMPATH/Router/RouteCollection.php on line 1026.
 1 SYSTEMPATH/Router/RouteCollection.php(1026): trigger_error('Passing lowercase HTTP method "get" is deprecated. Use uppercase HTTP method like "GET".', 16384)
 2 VENDORPATH/julio101290/boilerplate/src/Config/Routes.php(22): CodeIgniter\Router\RouteCollection->match([...], 'profile', 'UserController::profile', [...])
 3 SYSTEMPATH/Router/RouteCollection.php(799): CodeIgniter\Router\RouteCollection->{closure}(Object(CodeIgniter\Router\RouteCollection))
 4 VENDORPATH/julio101290/boilerplate/src/Config/Routes.php(18): CodeIgniter\Router\RouteCollection->group('user', [...], Object(Closure))
 5 SYSTEMPATH/Router/RouteCollection.php(799): CodeIgniter\Router\RouteCollection->{closure}(Object(CodeIgniter\Router\RouteCollection))
 6 VENDORPATH/julio101290/boilerplate/src/Config/Routes.php(3): CodeIgniter\Router\RouteCollection->group('admin', Object(Closure))
 7 SYSTEMPATH/Router/RouteCollection.php(372): include('/home/juliocesar/fuentes/ci4jcposv2/vendor/julio101290/boilerplate/src/Config/Routes.php')
 8 SYSTEMPATH/Router/RouteCollection.php(342): CodeIgniter\Router\RouteCollection->discoverRoutes()
 9 SYSTEMPATH/CodeIgniter.php(821): CodeIgniter\Router\RouteCollection->loadRoutes()
10 SYSTEMPATH/CodeIgniter.php(455): CodeIgniter\CodeIgniter->tryToRouteIt(null)
11 SYSTEMPATH/CodeIgniter.php(354): CodeIgniter\CodeIgniter->handleRequest(null, Object(Config\Cache), false)
12 SYSTEMPATH/Boot.php(334): CodeIgniter\CodeIgniter->run()
13 SYSTEMPATH/Boot.php(67): CodeIgniter\Boot::runCodeIgniter(Object(CodeIgniter\CodeIgniter))
14 FCPATH/index.php(56): CodeIgniter\Boot::bootWeb(Object(Config\Paths))
15 SYSTEMPATH/rewrite.php(44): require_once('/home/juliocesar/fuentes/ci4jcposv2/public/index.php')
WARNING - 2025-03-26 19:03:55 --> [DEPRECATED] Passing lowercase HTTP method "post" is deprecated. Use uppercase HTTP method like "POST". in SYSTEMPATH/Router/RouteCollection.php on line 1026.
 1 SYSTEMPATH/Router/RouteCollection.php(1026): trigger_error('Passing lowercase HTTP method "post" is deprecated. Use uppercase HTTP method like "POST".', 16384)
 2 VENDORPATH/julio101290/boilerplate/src/Config/Routes.php(22): CodeIgniter\Router\RouteCollection->match([...], 'profile', 'UserController::profile', [...])
 3 SYSTEMPATH/Router/RouteCollection.php(799): CodeIgniter\Router\RouteCollection->{closure}(Object(CodeIgniter\Router\RouteCollection))
 4 VENDORPATH/julio101290/boilerplate/src/Config/Routes.php(18): CodeIgniter\Router\RouteCollection->group('user', [...], Object(Closure))
 5 SYSTEMPATH/Router/RouteCollection.php(799): CodeIgniter\Router\RouteCollection->{closure}(Object(CodeIgniter\Router\RouteCollection))
 6 VENDORPATH/julio101290/boilerplate/src/Config/Routes.php(3): CodeIgniter\Router\RouteCollection->group('admin', Object(Closure))
 7 SYSTEMPATH/Router/RouteCollection.php(372): include('/home/juliocesar/fuentes/ci4jcposv2/vendor/julio101290/boilerplate/src/Config/Routes.php')
 8 SYSTEMPATH/Router/RouteCollection.php(342): CodeIgniter\Router\RouteCollection->discoverRoutes()
 9 SYSTEMPATH/CodeIgniter.php(821): CodeIgniter\Router\RouteCollection->loadRoutes()
10 SYSTEMPATH/CodeIgniter.php(455): CodeIgniter\CodeIgniter->tryToRouteIt(null)
11 SYSTEMPATH/CodeIgniter.php(354): CodeIgniter\CodeIgniter->handleRequest(null, Object(Config\Cache), false)
12 SYSTEMPATH/Boot.php(334): CodeIgniter\CodeIgniter->run()
13 SYSTEMPATH/Boot.php(67): CodeIgniter\Boot::runCodeIgniter(Object(CodeIgniter\CodeIgniter))
14 FCPATH/index.php(56): CodeIgniter\Boot::bootWeb(Object(Config\Paths))
15 SYSTEMPATH/rewrite.php(44): require_once('/home/juliocesar/fuentes/ci4jcposv2/public/index.php')
DEBUG - 2025-03-26 19:03:55 --> Session: Class initialized using 'CodeIgniter\Session\Handlers\FileHandler' driver.
WARNING - 2025-03-26 19:03:55 --> [DEPRECATED] Passing lowercase HTTP method "get" is deprecated. Use uppercase HTTP method like "GET". in SYSTEMPATH/Router/RouteCollection.php on line 1026.
 1 SYSTEMPATH/Router/RouteCollection.php(1026): trigger_error('Passing lowercase HTTP method "get" is deprecated. Use uppercase HTTP method like "GET".', 16384)
 2 VENDORPATH/julio101290/boilerplate/src/Config/Routes.php(22): CodeIgniter\Router\RouteCollection->match([...], 'profile', 'UserController::profile', [...])
 3 SYSTEMPATH/Router/RouteCollection.php(799): CodeIgniter\Router\RouteCollection->{closure}(Object(CodeIgniter\Router\RouteCollection))
 4 VENDORPATH/julio101290/boilerplate/src/Config/Routes.php(18): CodeIgniter\Router\RouteCollection->group('user', [...], Object(Closure))
 5 SYSTEMPATH/Router/RouteCollection.php(799): CodeIgniter\Router\RouteCollection->{closure}(Object(CodeIgniter\Router\RouteCollection))
 6 VENDORPATH/julio101290/boilerplate/src/Config/Routes.php(3): CodeIgniter\Router\RouteCollection->group('admin', Object(Closure))
 7 SYSTEMPATH/Router/RouteCollection.php(372): include('/home/juliocesar/fuentes/ci4jcposv2/vendor/julio101290/boilerplate/src/Config/Routes.php')
 8 SYSTEMPATH/Router/RouteCollection.php(342): CodeIgniter\Router\RouteCollection->discoverRoutes()
 9 SYSTEMPATH/CodeIgniter.php(821): CodeIgniter\Router\RouteCollection->loadRoutes()
10 SYSTEMPATH/CodeIgniter.php(455): CodeIgniter\CodeIgniter->tryToRouteIt(null)
11 SYSTEMPATH/CodeIgniter.php(354): CodeIgniter\CodeIgniter->handleRequest(null, Object(Config\Cache), false)
12 SYSTEMPATH/Boot.php(334): CodeIgniter\CodeIgniter->run()
13 SYSTEMPATH/Boot.php(67): CodeIgniter\Boot::runCodeIgniter(Object(CodeIgniter\CodeIgniter))
14 FCPATH/index.php(56): CodeIgniter\Boot::bootWeb(Object(Config\Paths))
15 SYSTEMPATH/rewrite.php(44): require_once('/home/juliocesar/fuentes/ci4jcposv2/public/index.php')
WARNING - 2025-03-26 19:03:55 --> [DEPRECATED] Passing lowercase HTTP method "post" is deprecated. Use uppercase HTTP method like "POST". in SYSTEMPATH/Router/RouteCollection.php on line 1026.
 1 SYSTEMPATH/Router/RouteCollection.php(1026): trigger_error('Passing lowercase HTTP method "post" is deprecated. Use uppercase HTTP method like "POST".', 16384)
 2 VENDORPATH/julio101290/boilerplate/src/Config/Routes.php(22): CodeIgniter\Router\RouteCollection->match([...], 'profile', 'UserController::profile', [...])
 3 SYSTEMPATH/Router/RouteCollection.php(799): CodeIgniter\Router\RouteCollection->{closure}(Object(CodeIgniter\Router\RouteCollection))
 4 VENDORPATH/julio101290/boilerplate/src/Config/Routes.php(18): CodeIgniter\Router\RouteCollection->group('user', [...], Object(Closure))
 5 SYSTEMPATH/Router/RouteCollection.php(799): CodeIgniter\Router\RouteCollection->{closure}(Object(CodeIgniter\Router\RouteCollection))
 6 VENDORPATH/julio101290/boilerplate/src/Config/Routes.php(3): CodeIgniter\Router\RouteCollection->group('admin', Object(Closure))
 7 SYSTEMPATH/Router/RouteCollection.php(372): include('/home/juliocesar/fuentes/ci4jcposv2/vendor/julio101290/boilerplate/src/Config/Routes.php')
 8 SYSTEMPATH/Router/RouteCollection.php(342): CodeIgniter\Router\RouteCollection->discoverRoutes()
 9 SYSTEMPATH/CodeIgniter.php(821): CodeIgniter\Router\RouteCollection->loadRoutes()
10 SYSTEMPATH/CodeIgniter.php(455): CodeIgniter\CodeIgniter->tryToRouteIt(null)
11 SYSTEMPATH/CodeIgniter.php(354): CodeIgniter\CodeIgniter->handleRequest(null, Object(Config\Cache), false)
12 SYSTEMPATH/Boot.php(334): CodeIgniter\CodeIgniter->run()
13 SYSTEMPATH/Boot.php(67): CodeIgniter\Boot::runCodeIgniter(Object(CodeIgniter\CodeIgniter))
14 FCPATH/index.php(56): CodeIgniter\Boot::bootWeb(Object(Config\Paths))
15 SYSTEMPATH/rewrite.php(44): require_once('/home/juliocesar/fuentes/ci4jcposv2/public/index.php')
DEBUG - 2025-03-26 19:03:55 --> Session: Class initialized using 'CodeIgniter\Session\Handlers\FileHandler' driver.
