WARNING - 2025-01-12 05:00:42 --> [DEPRECATED] Passing lowercase HTTP method "get" is deprecated. Use uppercase HTTP method like "GET". in SYSTEMPATH\Router\RouteCollection.php on line 1026.
 1 SYSTEMPATH\Router\RouteCollection.php(1026): trigger_error('Passing lowercase HTTP method "get" is deprecated. Use uppercase HTTP method like "GET".', 16384)
 2 VENDORPATH\julio101290\boilerplate\src\Config\Routes.php(22): CodeIgniter\Router\RouteCollection->match([...], 'profile', 'UserController::profile', [...])
 3 SYSTEMPATH\Router\RouteCollection.php(799): CodeIgniter\Router\RouteCollection->{closure}(Object(CodeIgniter\Router\RouteCollection))
 4 VENDORPATH\julio101290\boilerplate\src\Config\Routes.php(18): CodeIgniter\Router\RouteCollection->group('user', [...], Object(Closure))
 5 SYSTEMPATH\Router\RouteCollection.php(799): CodeIgniter\Router\RouteCollection->{closure}(Object(CodeIgniter\Router\RouteCollection))
 6 VENDORPATH\julio101290\boilerplate\src\Config\Routes.php(3): CodeIgniter\Router\RouteCollection->group('admin', Object(Closure))
 7 SYSTEMPATH\Router\RouteCollection.php(372): include('E:\\Fuentes\\puntoventa\\vendor\\julio101290\\boilerplate\\src\\Config\\Routes.php')
 8 SYSTEMPATH\Router\RouteCollection.php(342): CodeIgniter\Router\RouteCollection->discoverRoutes()
 9 SYSTEMPATH\CLI\Console.php(41): CodeIgniter\Router\RouteCollection->loadRoutes()
10 SYSTEMPATH\Boot.php(360): CodeIgniter\CLI\Console->run()
11 SYSTEMPATH\Boot.php(104): CodeIgniter\Boot::runCommand(Object(CodeIgniter\CLI\Console))
12 ROOTPATH\spark(84): CodeIgniter\Boot::bootSpark(Object(Config\Paths))
WARNING - 2025-01-12 05:00:42 --> [DEPRECATED] Passing lowercase HTTP method "post" is deprecated. Use uppercase HTTP method like "POST". in SYSTEMPATH\Router\RouteCollection.php on line 1026.
 1 SYSTEMPATH\Router\RouteCollection.php(1026): trigger_error('Passing lowercase HTTP method "post" is deprecated. Use uppercase HTTP method like "POST".', 16384)
 2 VENDORPATH\julio101290\boilerplate\src\Config\Routes.php(22): CodeIgniter\Router\RouteCollection->match([...], 'profile', 'UserController::profile', [...])
 3 SYSTEMPATH\Router\RouteCollection.php(799): CodeIgniter\Router\RouteCollection->{closure}(Object(CodeIgniter\Router\RouteCollection))
 4 VENDORPATH\julio101290\boilerplate\src\Config\Routes.php(18): CodeIgniter\Router\RouteCollection->group('user', [...], Object(Closure))
 5 SYSTEMPATH\Router\RouteCollection.php(799): CodeIgniter\Router\RouteCollection->{closure}(Object(CodeIgniter\Router\RouteCollection))
 6 VENDORPATH\julio101290\boilerplate\src\Config\Routes.php(3): CodeIgniter\Router\RouteCollection->group('admin', Object(Closure))
 7 SYSTEMPATH\Router\RouteCollection.php(372): include('E:\\Fuentes\\puntoventa\\vendor\\julio101290\\boilerplate\\src\\Config\\Routes.php')
 8 SYSTEMPATH\Router\RouteCollection.php(342): CodeIgniter\Router\RouteCollection->discoverRoutes()
 9 SYSTEMPATH\CLI\Console.php(41): CodeIgniter\Router\RouteCollection->loadRoutes()
10 SYSTEMPATH\Boot.php(360): CodeIgniter\CLI\Console->run()
11 SYSTEMPATH\Boot.php(104): CodeIgniter\Boot::runCommand(Object(CodeIgniter\CLI\Console))
12 ROOTPATH\spark(84): CodeIgniter\Boot::bootSpark(Object(Config\Paths))
WARNING - 2025-01-12 05:01:07 --> [DEPRECATED] Passing lowercase HTTP method "get" is deprecated. Use uppercase HTTP method like "GET". in SYSTEMPATH\Router\RouteCollection.php on line 1026.
 1 SYSTEMPATH\Router\RouteCollection.php(1026): trigger_error('Passing lowercase HTTP method "get" is deprecated. Use uppercase HTTP method like "GET".', 16384)
 2 VENDORPATH\julio101290\boilerplate\src\Config\Routes.php(22): CodeIgniter\Router\RouteCollection->match([...], 'profile', 'UserController::profile', [...])
 3 SYSTEMPATH\Router\RouteCollection.php(799): CodeIgniter\Router\RouteCollection->{closure}(Object(CodeIgniter\Router\RouteCollection))
 4 VENDORPATH\julio101290\boilerplate\src\Config\Routes.php(18): CodeIgniter\Router\RouteCollection->group('user', [...], Object(Closure))
 5 SYSTEMPATH\Router\RouteCollection.php(799): CodeIgniter\Router\RouteCollection->{closure}(Object(CodeIgniter\Router\RouteCollection))
 6 VENDORPATH\julio101290\boilerplate\src\Config\Routes.php(3): CodeIgniter\Router\RouteCollection->group('admin', Object(Closure))
 7 SYSTEMPATH\Router\RouteCollection.php(372): include('E:\\Fuentes\\puntoventa\\vendor\\julio101290\\boilerplate\\src\\Config\\Routes.php')
 8 SYSTEMPATH\Router\RouteCollection.php(342): CodeIgniter\Router\RouteCollection->discoverRoutes()
 9 SYSTEMPATH\CLI\Console.php(41): CodeIgniter\Router\RouteCollection->loadRoutes()
10 SYSTEMPATH\Boot.php(360): CodeIgniter\CLI\Console->run()
11 SYSTEMPATH\Boot.php(104): CodeIgniter\Boot::runCommand(Object(CodeIgniter\CLI\Console))
12 ROOTPATH\spark(84): CodeIgniter\Boot::bootSpark(Object(Config\Paths))
WARNING - 2025-01-12 05:01:07 --> [DEPRECATED] Passing lowercase HTTP method "post" is deprecated. Use uppercase HTTP method like "POST". in SYSTEMPATH\Router\RouteCollection.php on line 1026.
 1 SYSTEMPATH\Router\RouteCollection.php(1026): trigger_error('Passing lowercase HTTP method "post" is deprecated. Use uppercase HTTP method like "POST".', 16384)
 2 VENDORPATH\julio101290\boilerplate\src\Config\Routes.php(22): CodeIgniter\Router\RouteCollection->match([...], 'profile', 'UserController::profile', [...])
 3 SYSTEMPATH\Router\RouteCollection.php(799): CodeIgniter\Router\RouteCollection->{closure}(Object(CodeIgniter\Router\RouteCollection))
 4 VENDORPATH\julio101290\boilerplate\src\Config\Routes.php(18): CodeIgniter\Router\RouteCollection->group('user', [...], Object(Closure))
 5 SYSTEMPATH\Router\RouteCollection.php(799): CodeIgniter\Router\RouteCollection->{closure}(Object(CodeIgniter\Router\RouteCollection))
 6 VENDORPATH\julio101290\boilerplate\src\Config\Routes.php(3): CodeIgniter\Router\RouteCollection->group('admin', Object(Closure))
 7 SYSTEMPATH\Router\RouteCollection.php(372): include('E:\\Fuentes\\puntoventa\\vendor\\julio101290\\boilerplate\\src\\Config\\Routes.php')
 8 SYSTEMPATH\Router\RouteCollection.php(342): CodeIgniter\Router\RouteCollection->discoverRoutes()
 9 SYSTEMPATH\CLI\Console.php(41): CodeIgniter\Router\RouteCollection->loadRoutes()
10 SYSTEMPATH\Boot.php(360): CodeIgniter\CLI\Console->run()
11 SYSTEMPATH\Boot.php(104): CodeIgniter\Boot::runCommand(Object(CodeIgniter\CLI\Console))
12 ROOTPATH\spark(84): CodeIgniter\Boot::bootSpark(Object(Config\Paths))
WARNING - 2025-01-12 05:01:07 --> [DEPRECATED] Creation of dynamic property julio101290\boilerplatestorages\Commands\InstallCommandStorages::$sourcePath is deprecated in VENDORPATH\julio101290\boilerplatestorages\src\Commands\InstallCommandStorages.php on line 96.
 1 VENDORPATH\julio101290\boilerplatestorages\src\Commands\InstallCommandStorages.php(69): julio101290\boilerplatestorages\Commands\InstallCommandStorages->determineSourcePath()
 2 SYSTEMPATH\CLI\Commands.php(70): julio101290\boilerplatestorages\Commands\InstallCommandStorages->run([])
 3 SYSTEMPATH\CLI\Console.php(48): CodeIgniter\CLI\Commands->run('boilerplatestorages:installstorages', [])
 4 SYSTEMPATH\Boot.php(360): CodeIgniter\CLI\Console->run()
 5 SYSTEMPATH\Boot.php(104): CodeIgniter\Boot::runCommand(Object(CodeIgniter\CLI\Console))
 6 ROOTPATH\spark(84): CodeIgniter\Boot::bootSpark(Object(Config\Paths))
WARNING - 2025-01-12 05:02:07 --> [DEPRECATED] Passing lowercase HTTP method "get" is deprecated. Use uppercase HTTP method like "GET". in SYSTEMPATH\Router\RouteCollection.php on line 1026.
 1 SYSTEMPATH\Router\RouteCollection.php(1026): trigger_error('Passing lowercase HTTP method "get" is deprecated. Use uppercase HTTP method like "GET".', 16384)
 2 VENDORPATH\julio101290\boilerplate\src\Config\Routes.php(22): CodeIgniter\Router\RouteCollection->match([...], 'profile', 'UserController::profile', [...])
 3 SYSTEMPATH\Router\RouteCollection.php(799): CodeIgniter\Router\RouteCollection->{closure}(Object(CodeIgniter\Router\RouteCollection))
 4 VENDORPATH\julio101290\boilerplate\src\Config\Routes.php(18): CodeIgniter\Router\RouteCollection->group('user', [...], Object(Closure))
 5 SYSTEMPATH\Router\RouteCollection.php(799): CodeIgniter\Router\RouteCollection->{closure}(Object(CodeIgniter\Router\RouteCollection))
 6 VENDORPATH\julio101290\boilerplate\src\Config\Routes.php(3): CodeIgniter\Router\RouteCollection->group('admin', Object(Closure))
 7 SYSTEMPATH\Router\RouteCollection.php(372): include('E:\\Fuentes\\puntoventa\\vendor\\julio101290\\boilerplate\\src\\Config\\Routes.php')
 8 SYSTEMPATH\Router\RouteCollection.php(342): CodeIgniter\Router\RouteCollection->discoverRoutes()
 9 SYSTEMPATH\CLI\Console.php(41): CodeIgniter\Router\RouteCollection->loadRoutes()
10 SYSTEMPATH\Boot.php(360): CodeIgniter\CLI\Console->run()
11 SYSTEMPATH\Boot.php(104): CodeIgniter\Boot::runCommand(Object(CodeIgniter\CLI\Console))
12 ROOTPATH\spark(84): CodeIgniter\Boot::bootSpark(Object(Config\Paths))
WARNING - 2025-01-12 05:02:07 --> [DEPRECATED] Passing lowercase HTTP method "post" is deprecated. Use uppercase HTTP method like "POST". in SYSTEMPATH\Router\RouteCollection.php on line 1026.
 1 SYSTEMPATH\Router\RouteCollection.php(1026): trigger_error('Passing lowercase HTTP method "post" is deprecated. Use uppercase HTTP method like "POST".', 16384)
 2 VENDORPATH\julio101290\boilerplate\src\Config\Routes.php(22): CodeIgniter\Router\RouteCollection->match([...], 'profile', 'UserController::profile', [...])
 3 SYSTEMPATH\Router\RouteCollection.php(799): CodeIgniter\Router\RouteCollection->{closure}(Object(CodeIgniter\Router\RouteCollection))
 4 VENDORPATH\julio101290\boilerplate\src\Config\Routes.php(18): CodeIgniter\Router\RouteCollection->group('user', [...], Object(Closure))
 5 SYSTEMPATH\Router\RouteCollection.php(799): CodeIgniter\Router\RouteCollection->{closure}(Object(CodeIgniter\Router\RouteCollection))
 6 VENDORPATH\julio101290\boilerplate\src\Config\Routes.php(3): CodeIgniter\Router\RouteCollection->group('admin', Object(Closure))
 7 SYSTEMPATH\Router\RouteCollection.php(372): include('E:\\Fuentes\\puntoventa\\vendor\\julio101290\\boilerplate\\src\\Config\\Routes.php')
 8 SYSTEMPATH\Router\RouteCollection.php(342): CodeIgniter\Router\RouteCollection->discoverRoutes()
 9 SYSTEMPATH\CLI\Console.php(41): CodeIgniter\Router\RouteCollection->loadRoutes()
10 SYSTEMPATH\Boot.php(360): CodeIgniter\CLI\Console->run()
11 SYSTEMPATH\Boot.php(104): CodeIgniter\Boot::runCommand(Object(CodeIgniter\CLI\Console))
12 ROOTPATH\spark(84): CodeIgniter\Boot::bootSpark(Object(Config\Paths))
WARNING - 2025-01-12 05:02:32 --> [DEPRECATED] Passing lowercase HTTP method "get" is deprecated. Use uppercase HTTP method like "GET". in SYSTEMPATH\Router\RouteCollection.php on line 1026.
 1 SYSTEMPATH\Router\RouteCollection.php(1026): trigger_error('Passing lowercase HTTP method "get" is deprecated. Use uppercase HTTP method like "GET".', 16384)
 2 VENDORPATH\julio101290\boilerplate\src\Config\Routes.php(22): CodeIgniter\Router\RouteCollection->match([...], 'profile', 'UserController::profile', [...])
 3 SYSTEMPATH\Router\RouteCollection.php(799): CodeIgniter\Router\RouteCollection->{closure}(Object(CodeIgniter\Router\RouteCollection))
 4 VENDORPATH\julio101290\boilerplate\src\Config\Routes.php(18): CodeIgniter\Router\RouteCollection->group('user', [...], Object(Closure))
 5 SYSTEMPATH\Router\RouteCollection.php(799): CodeIgniter\Router\RouteCollection->{closure}(Object(CodeIgniter\Router\RouteCollection))
 6 VENDORPATH\julio101290\boilerplate\src\Config\Routes.php(3): CodeIgniter\Router\RouteCollection->group('admin', Object(Closure))
 7 SYSTEMPATH\Router\RouteCollection.php(372): include('E:\\Fuentes\\puntoventa\\vendor\\julio101290\\boilerplate\\src\\Config\\Routes.php')
 8 SYSTEMPATH\Router\RouteCollection.php(342): CodeIgniter\Router\RouteCollection->discoverRoutes()
 9 SYSTEMPATH\CodeIgniter.php(823): CodeIgniter\Router\RouteCollection->loadRoutes()
10 SYSTEMPATH\CodeIgniter.php(457): CodeIgniter\CodeIgniter->tryToRouteIt(null)
11 SYSTEMPATH\CodeIgniter.php(355): CodeIgniter\CodeIgniter->handleRequest(null, Object(Config\Cache), false)
12 SYSTEMPATH\Boot.php(334): CodeIgniter\CodeIgniter->run()
13 SYSTEMPATH\Boot.php(67): CodeIgniter\Boot::runCodeIgniter(Object(CodeIgniter\CodeIgniter))
14 FCPATH\index.php(56): CodeIgniter\Boot::bootWeb(Object(Config\Paths))
15 SYSTEMPATH\rewrite.php(44): require_once('E:\\Fuentes\\puntoventa\\public\\index.php')
WARNING - 2025-01-12 05:02:32 --> [DEPRECATED] Passing lowercase HTTP method "post" is deprecated. Use uppercase HTTP method like "POST". in SYSTEMPATH\Router\RouteCollection.php on line 1026.
 1 SYSTEMPATH\Router\RouteCollection.php(1026): trigger_error('Passing lowercase HTTP method "post" is deprecated. Use uppercase HTTP method like "POST".', 16384)
 2 VENDORPATH\julio101290\boilerplate\src\Config\Routes.php(22): CodeIgniter\Router\RouteCollection->match([...], 'profile', 'UserController::profile', [...])
 3 SYSTEMPATH\Router\RouteCollection.php(799): CodeIgniter\Router\RouteCollection->{closure}(Object(CodeIgniter\Router\RouteCollection))
 4 VENDORPATH\julio101290\boilerplate\src\Config\Routes.php(18): CodeIgniter\Router\RouteCollection->group('user', [...], Object(Closure))
 5 SYSTEMPATH\Router\RouteCollection.php(799): CodeIgniter\Router\RouteCollection->{closure}(Object(CodeIgniter\Router\RouteCollection))
 6 VENDORPATH\julio101290\boilerplate\src\Config\Routes.php(3): CodeIgniter\Router\RouteCollection->group('admin', Object(Closure))
 7 SYSTEMPATH\Router\RouteCollection.php(372): include('E:\\Fuentes\\puntoventa\\vendor\\julio101290\\boilerplate\\src\\Config\\Routes.php')
 8 SYSTEMPATH\Router\RouteCollection.php(342): CodeIgniter\Router\RouteCollection->discoverRoutes()
 9 SYSTEMPATH\CodeIgniter.php(823): CodeIgniter\Router\RouteCollection->loadRoutes()
10 SYSTEMPATH\CodeIgniter.php(457): CodeIgniter\CodeIgniter->tryToRouteIt(null)
11 SYSTEMPATH\CodeIgniter.php(355): CodeIgniter\CodeIgniter->handleRequest(null, Object(Config\Cache), false)
12 SYSTEMPATH\Boot.php(334): CodeIgniter\CodeIgniter->run()
13 SYSTEMPATH\Boot.php(67): CodeIgniter\Boot::runCodeIgniter(Object(CodeIgniter\CodeIgniter))
14 FCPATH\index.php(56): CodeIgniter\Boot::bootWeb(Object(Config\Paths))
15 SYSTEMPATH\rewrite.php(44): require_once('E:\\Fuentes\\puntoventa\\public\\index.php')
WARNING - 2025-01-12 05:02:51 --> [DEPRECATED] Passing lowercase HTTP method "get" is deprecated. Use uppercase HTTP method like "GET". in SYSTEMPATH\Router\RouteCollection.php on line 1026.
 1 SYSTEMPATH\Router\RouteCollection.php(1026): trigger_error('Passing lowercase HTTP method "get" is deprecated. Use uppercase HTTP method like "GET".', 16384)
 2 VENDORPATH\julio101290\boilerplate\src\Config\Routes.php(22): CodeIgniter\Router\RouteCollection->match([...], 'profile', 'UserController::profile', [...])
 3 SYSTEMPATH\Router\RouteCollection.php(799): CodeIgniter\Router\RouteCollection->{closure}(Object(CodeIgniter\Router\RouteCollection))
 4 VENDORPATH\julio101290\boilerplate\src\Config\Routes.php(18): CodeIgniter\Router\RouteCollection->group('user', [...], Object(Closure))
 5 SYSTEMPATH\Router\RouteCollection.php(799): CodeIgniter\Router\RouteCollection->{closure}(Object(CodeIgniter\Router\RouteCollection))
 6 VENDORPATH\julio101290\boilerplate\src\Config\Routes.php(3): CodeIgniter\Router\RouteCollection->group('admin', Object(Closure))
 7 SYSTEMPATH\Router\RouteCollection.php(372): include('E:\\Fuentes\\puntoventa\\vendor\\julio101290\\boilerplate\\src\\Config\\Routes.php')
 8 SYSTEMPATH\Router\RouteCollection.php(342): CodeIgniter\Router\RouteCollection->discoverRoutes()
 9 SYSTEMPATH\CodeIgniter.php(823): CodeIgniter\Router\RouteCollection->loadRoutes()
10 SYSTEMPATH\CodeIgniter.php(457): CodeIgniter\CodeIgniter->tryToRouteIt(null)
11 SYSTEMPATH\CodeIgniter.php(355): CodeIgniter\CodeIgniter->handleRequest(null, Object(Config\Cache), false)
12 SYSTEMPATH\Boot.php(334): CodeIgniter\CodeIgniter->run()
13 SYSTEMPATH\Boot.php(67): CodeIgniter\Boot::runCodeIgniter(Object(CodeIgniter\CodeIgniter))
14 FCPATH\index.php(56): CodeIgniter\Boot::bootWeb(Object(Config\Paths))
15 SYSTEMPATH\rewrite.php(44): require_once('E:\\Fuentes\\puntoventa\\public\\index.php')
WARNING - 2025-01-12 05:02:51 --> [DEPRECATED] Passing lowercase HTTP method "post" is deprecated. Use uppercase HTTP method like "POST". in SYSTEMPATH\Router\RouteCollection.php on line 1026.
 1 SYSTEMPATH\Router\RouteCollection.php(1026): trigger_error('Passing lowercase HTTP method "post" is deprecated. Use uppercase HTTP method like "POST".', 16384)
 2 VENDORPATH\julio101290\boilerplate\src\Config\Routes.php(22): CodeIgniter\Router\RouteCollection->match([...], 'profile', 'UserController::profile', [...])
 3 SYSTEMPATH\Router\RouteCollection.php(799): CodeIgniter\Router\RouteCollection->{closure}(Object(CodeIgniter\Router\RouteCollection))
 4 VENDORPATH\julio101290\boilerplate\src\Config\Routes.php(18): CodeIgniter\Router\RouteCollection->group('user', [...], Object(Closure))
 5 SYSTEMPATH\Router\RouteCollection.php(799): CodeIgniter\Router\RouteCollection->{closure}(Object(CodeIgniter\Router\RouteCollection))
 6 VENDORPATH\julio101290\boilerplate\src\Config\Routes.php(3): CodeIgniter\Router\RouteCollection->group('admin', Object(Closure))
 7 SYSTEMPATH\Router\RouteCollection.php(372): include('E:\\Fuentes\\puntoventa\\vendor\\julio101290\\boilerplate\\src\\Config\\Routes.php')
 8 SYSTEMPATH\Router\RouteCollection.php(342): CodeIgniter\Router\RouteCollection->discoverRoutes()
 9 SYSTEMPATH\CodeIgniter.php(823): CodeIgniter\Router\RouteCollection->loadRoutes()
10 SYSTEMPATH\CodeIgniter.php(457): CodeIgniter\CodeIgniter->tryToRouteIt(null)
11 SYSTEMPATH\CodeIgniter.php(355): CodeIgniter\CodeIgniter->handleRequest(null, Object(Config\Cache), false)
12 SYSTEMPATH\Boot.php(334): CodeIgniter\CodeIgniter->run()
13 SYSTEMPATH\Boot.php(67): CodeIgniter\Boot::runCodeIgniter(Object(CodeIgniter\CodeIgniter))
14 FCPATH\index.php(56): CodeIgniter\Boot::bootWeb(Object(Config\Paths))
15 SYSTEMPATH\rewrite.php(44): require_once('E:\\Fuentes\\puntoventa\\public\\index.php')
DEBUG - 2025-01-12 05:02:51 --> Session: Class initialized using 'CodeIgniter\Session\Handlers\FileHandler' driver.
WARNING - 2025-01-12 05:02:51 --> [DEPRECATED] Passing lowercase HTTP method "get" is deprecated. Use uppercase HTTP method like "GET". in SYSTEMPATH\Router\RouteCollection.php on line 1026.
 1 SYSTEMPATH\Router\RouteCollection.php(1026): trigger_error('Passing lowercase HTTP method "get" is deprecated. Use uppercase HTTP method like "GET".', 16384)
 2 VENDORPATH\julio101290\boilerplate\src\Config\Routes.php(22): CodeIgniter\Router\RouteCollection->match([...], 'profile', 'UserController::profile', [...])
 3 SYSTEMPATH\Router\RouteCollection.php(799): CodeIgniter\Router\RouteCollection->{closure}(Object(CodeIgniter\Router\RouteCollection))
 4 VENDORPATH\julio101290\boilerplate\src\Config\Routes.php(18): CodeIgniter\Router\RouteCollection->group('user', [...], Object(Closure))
 5 SYSTEMPATH\Router\RouteCollection.php(799): CodeIgniter\Router\RouteCollection->{closure}(Object(CodeIgniter\Router\RouteCollection))
 6 VENDORPATH\julio101290\boilerplate\src\Config\Routes.php(3): CodeIgniter\Router\RouteCollection->group('admin', Object(Closure))
 7 SYSTEMPATH\Router\RouteCollection.php(372): include('E:\\Fuentes\\puntoventa\\vendor\\julio101290\\boilerplate\\src\\Config\\Routes.php')
 8 SYSTEMPATH\Router\RouteCollection.php(342): CodeIgniter\Router\RouteCollection->discoverRoutes()
 9 SYSTEMPATH\CodeIgniter.php(823): CodeIgniter\Router\RouteCollection->loadRoutes()
10 SYSTEMPATH\CodeIgniter.php(457): CodeIgniter\CodeIgniter->tryToRouteIt(null)
11 SYSTEMPATH\CodeIgniter.php(355): CodeIgniter\CodeIgniter->handleRequest(null, Object(Config\Cache), false)
12 SYSTEMPATH\Boot.php(334): CodeIgniter\CodeIgniter->run()
13 SYSTEMPATH\Boot.php(67): CodeIgniter\Boot::runCodeIgniter(Object(CodeIgniter\CodeIgniter))
14 FCPATH\index.php(56): CodeIgniter\Boot::bootWeb(Object(Config\Paths))
15 SYSTEMPATH\rewrite.php(44): require_once('E:\\Fuentes\\puntoventa\\public\\index.php')
WARNING - 2025-01-12 05:02:51 --> [DEPRECATED] Passing lowercase HTTP method "post" is deprecated. Use uppercase HTTP method like "POST". in SYSTEMPATH\Router\RouteCollection.php on line 1026.
 1 SYSTEMPATH\Router\RouteCollection.php(1026): trigger_error('Passing lowercase HTTP method "post" is deprecated. Use uppercase HTTP method like "POST".', 16384)
 2 VENDORPATH\julio101290\boilerplate\src\Config\Routes.php(22): CodeIgniter\Router\RouteCollection->match([...], 'profile', 'UserController::profile', [...])
 3 SYSTEMPATH\Router\RouteCollection.php(799): CodeIgniter\Router\RouteCollection->{closure}(Object(CodeIgniter\Router\RouteCollection))
 4 VENDORPATH\julio101290\boilerplate\src\Config\Routes.php(18): CodeIgniter\Router\RouteCollection->group('user', [...], Object(Closure))
 5 SYSTEMPATH\Router\RouteCollection.php(799): CodeIgniter\Router\RouteCollection->{closure}(Object(CodeIgniter\Router\RouteCollection))
 6 VENDORPATH\julio101290\boilerplate\src\Config\Routes.php(3): CodeIgniter\Router\RouteCollection->group('admin', Object(Closure))
 7 SYSTEMPATH\Router\RouteCollection.php(372): include('E:\\Fuentes\\puntoventa\\vendor\\julio101290\\boilerplate\\src\\Config\\Routes.php')
 8 SYSTEMPATH\Router\RouteCollection.php(342): CodeIgniter\Router\RouteCollection->discoverRoutes()
 9 SYSTEMPATH\CodeIgniter.php(823): CodeIgniter\Router\RouteCollection->loadRoutes()
10 SYSTEMPATH\CodeIgniter.php(457): CodeIgniter\CodeIgniter->tryToRouteIt(null)
11 SYSTEMPATH\CodeIgniter.php(355): CodeIgniter\CodeIgniter->handleRequest(null, Object(Config\Cache), false)
12 SYSTEMPATH\Boot.php(334): CodeIgniter\CodeIgniter->run()
13 SYSTEMPATH\Boot.php(67): CodeIgniter\Boot::runCodeIgniter(Object(CodeIgniter\CodeIgniter))
14 FCPATH\index.php(56): CodeIgniter\Boot::bootWeb(Object(Config\Paths))
15 SYSTEMPATH\rewrite.php(44): require_once('E:\\Fuentes\\puntoventa\\public\\index.php')
DEBUG - 2025-01-12 05:02:51 --> Session: Class initialized using 'CodeIgniter\Session\Handlers\FileHandler' driver.
WARNING - 2025-01-12 05:03:12 --> [DEPRECATED] Passing lowercase HTTP method "get" is deprecated. Use uppercase HTTP method like "GET". in SYSTEMPATH\Router\RouteCollection.php on line 1026.
 1 SYSTEMPATH\Router\RouteCollection.php(1026): trigger_error('Passing lowercase HTTP method "get" is deprecated. Use uppercase HTTP method like "GET".', 16384)
 2 VENDORPATH\julio101290\boilerplate\src\Config\Routes.php(22): CodeIgniter\Router\RouteCollection->match([...], 'profile', 'UserController::profile', [...])
 3 SYSTEMPATH\Router\RouteCollection.php(799): CodeIgniter\Router\RouteCollection->{closure}(Object(CodeIgniter\Router\RouteCollection))
 4 VENDORPATH\julio101290\boilerplate\src\Config\Routes.php(18): CodeIgniter\Router\RouteCollection->group('user', [...], Object(Closure))
 5 SYSTEMPATH\Router\RouteCollection.php(799): CodeIgniter\Router\RouteCollection->{closure}(Object(CodeIgniter\Router\RouteCollection))
 6 VENDORPATH\julio101290\boilerplate\src\Config\Routes.php(3): CodeIgniter\Router\RouteCollection->group('admin', Object(Closure))
 7 SYSTEMPATH\Router\RouteCollection.php(372): include('E:\\Fuentes\\puntoventa\\vendor\\julio101290\\boilerplate\\src\\Config\\Routes.php')
 8 SYSTEMPATH\Router\RouteCollection.php(342): CodeIgniter\Router\RouteCollection->discoverRoutes()
 9 SYSTEMPATH\CodeIgniter.php(823): CodeIgniter\Router\RouteCollection->loadRoutes()
10 SYSTEMPATH\CodeIgniter.php(457): CodeIgniter\CodeIgniter->tryToRouteIt(null)
11 SYSTEMPATH\CodeIgniter.php(355): CodeIgniter\CodeIgniter->handleRequest(null, Object(Config\Cache), false)
12 SYSTEMPATH\Boot.php(334): CodeIgniter\CodeIgniter->run()
13 SYSTEMPATH\Boot.php(67): CodeIgniter\Boot::runCodeIgniter(Object(CodeIgniter\CodeIgniter))
14 FCPATH\index.php(56): CodeIgniter\Boot::bootWeb(Object(Config\Paths))
15 SYSTEMPATH\rewrite.php(44): require_once('E:\\Fuentes\\puntoventa\\public\\index.php')
WARNING - 2025-01-12 05:03:12 --> [DEPRECATED] Passing lowercase HTTP method "post" is deprecated. Use uppercase HTTP method like "POST". in SYSTEMPATH\Router\RouteCollection.php on line 1026.
 1 SYSTEMPATH\Router\RouteCollection.php(1026): trigger_error('Passing lowercase HTTP method "post" is deprecated. Use uppercase HTTP method like "POST".', 16384)
 2 VENDORPATH\julio101290\boilerplate\src\Config\Routes.php(22): CodeIgniter\Router\RouteCollection->match([...], 'profile', 'UserController::profile', [...])
 3 SYSTEMPATH\Router\RouteCollection.php(799): CodeIgniter\Router\RouteCollection->{closure}(Object(CodeIgniter\Router\RouteCollection))
 4 VENDORPATH\julio101290\boilerplate\src\Config\Routes.php(18): CodeIgniter\Router\RouteCollection->group('user', [...], Object(Closure))
 5 SYSTEMPATH\Router\RouteCollection.php(799): CodeIgniter\Router\RouteCollection->{closure}(Object(CodeIgniter\Router\RouteCollection))
 6 VENDORPATH\julio101290\boilerplate\src\Config\Routes.php(3): CodeIgniter\Router\RouteCollection->group('admin', Object(Closure))
 7 SYSTEMPATH\Router\RouteCollection.php(372): include('E:\\Fuentes\\puntoventa\\vendor\\julio101290\\boilerplate\\src\\Config\\Routes.php')
 8 SYSTEMPATH\Router\RouteCollection.php(342): CodeIgniter\Router\RouteCollection->discoverRoutes()
 9 SYSTEMPATH\CodeIgniter.php(823): CodeIgniter\Router\RouteCollection->loadRoutes()
10 SYSTEMPATH\CodeIgniter.php(457): CodeIgniter\CodeIgniter->tryToRouteIt(null)
11 SYSTEMPATH\CodeIgniter.php(355): CodeIgniter\CodeIgniter->handleRequest(null, Object(Config\Cache), false)
12 SYSTEMPATH\Boot.php(334): CodeIgniter\CodeIgniter->run()
13 SYSTEMPATH\Boot.php(67): CodeIgniter\Boot::runCodeIgniter(Object(CodeIgniter\CodeIgniter))
14 FCPATH\index.php(56): CodeIgniter\Boot::bootWeb(Object(Config\Paths))
15 SYSTEMPATH\rewrite.php(44): require_once('E:\\Fuentes\\puntoventa\\public\\index.php')
DEBUG - 2025-01-12 05:03:12 --> Session: Class initialized using 'CodeIgniter\Session\Handlers\FileHandler' driver.
WARNING - 2025-01-12 05:03:12 --> [DEPRECATED] Passing lowercase HTTP method "get" is deprecated. Use uppercase HTTP method like "GET". in SYSTEMPATH\Router\RouteCollection.php on line 1026.
 1 SYSTEMPATH\Router\RouteCollection.php(1026): trigger_error('Passing lowercase HTTP method "get" is deprecated. Use uppercase HTTP method like "GET".', 16384)
 2 VENDORPATH\julio101290\boilerplate\src\Config\Routes.php(22): CodeIgniter\Router\RouteCollection->match([...], 'profile', 'UserController::profile', [...])
 3 SYSTEMPATH\Router\RouteCollection.php(799): CodeIgniter\Router\RouteCollection->{closure}(Object(CodeIgniter\Router\RouteCollection))
 4 VENDORPATH\julio101290\boilerplate\src\Config\Routes.php(18): CodeIgniter\Router\RouteCollection->group('user', [...], Object(Closure))
 5 SYSTEMPATH\Router\RouteCollection.php(799): CodeIgniter\Router\RouteCollection->{closure}(Object(CodeIgniter\Router\RouteCollection))
 6 VENDORPATH\julio101290\boilerplate\src\Config\Routes.php(3): CodeIgniter\Router\RouteCollection->group('admin', Object(Closure))
 7 SYSTEMPATH\Router\RouteCollection.php(372): include('E:\\Fuentes\\puntoventa\\vendor\\julio101290\\boilerplate\\src\\Config\\Routes.php')
 8 SYSTEMPATH\Router\RouteCollection.php(342): CodeIgniter\Router\RouteCollection->discoverRoutes()
 9 SYSTEMPATH\CodeIgniter.php(823): CodeIgniter\Router\RouteCollection->loadRoutes()
10 SYSTEMPATH\CodeIgniter.php(457): CodeIgniter\CodeIgniter->tryToRouteIt(null)
11 SYSTEMPATH\CodeIgniter.php(355): CodeIgniter\CodeIgniter->handleRequest(null, Object(Config\Cache), false)
12 SYSTEMPATH\Boot.php(334): CodeIgniter\CodeIgniter->run()
13 SYSTEMPATH\Boot.php(67): CodeIgniter\Boot::runCodeIgniter(Object(CodeIgniter\CodeIgniter))
14 FCPATH\index.php(56): CodeIgniter\Boot::bootWeb(Object(Config\Paths))
15 SYSTEMPATH\rewrite.php(44): require_once('E:\\Fuentes\\puntoventa\\public\\index.php')
WARNING - 2025-01-12 05:03:12 --> [DEPRECATED] Passing lowercase HTTP method "post" is deprecated. Use uppercase HTTP method like "POST". in SYSTEMPATH\Router\RouteCollection.php on line 1026.
 1 SYSTEMPATH\Router\RouteCollection.php(1026): trigger_error('Passing lowercase HTTP method "post" is deprecated. Use uppercase HTTP method like "POST".', 16384)
 2 VENDORPATH\julio101290\boilerplate\src\Config\Routes.php(22): CodeIgniter\Router\RouteCollection->match([...], 'profile', 'UserController::profile', [...])
 3 SYSTEMPATH\Router\RouteCollection.php(799): CodeIgniter\Router\RouteCollection->{closure}(Object(CodeIgniter\Router\RouteCollection))
 4 VENDORPATH\julio101290\boilerplate\src\Config\Routes.php(18): CodeIgniter\Router\RouteCollection->group('user', [...], Object(Closure))
 5 SYSTEMPATH\Router\RouteCollection.php(799): CodeIgniter\Router\RouteCollection->{closure}(Object(CodeIgniter\Router\RouteCollection))
 6 VENDORPATH\julio101290\boilerplate\src\Config\Routes.php(3): CodeIgniter\Router\RouteCollection->group('admin', Object(Closure))
 7 SYSTEMPATH\Router\RouteCollection.php(372): include('E:\\Fuentes\\puntoventa\\vendor\\julio101290\\boilerplate\\src\\Config\\Routes.php')
 8 SYSTEMPATH\Router\RouteCollection.php(342): CodeIgniter\Router\RouteCollection->discoverRoutes()
 9 SYSTEMPATH\CodeIgniter.php(823): CodeIgniter\Router\RouteCollection->loadRoutes()
10 SYSTEMPATH\CodeIgniter.php(457): CodeIgniter\CodeIgniter->tryToRouteIt(null)
11 SYSTEMPATH\CodeIgniter.php(355): CodeIgniter\CodeIgniter->handleRequest(null, Object(Config\Cache), false)
12 SYSTEMPATH\Boot.php(334): CodeIgniter\CodeIgniter->run()
13 SYSTEMPATH\Boot.php(67): CodeIgniter\Boot::runCodeIgniter(Object(CodeIgniter\CodeIgniter))
14 FCPATH\index.php(56): CodeIgniter\Boot::bootWeb(Object(Config\Paths))
15 SYSTEMPATH\rewrite.php(44): require_once('E:\\Fuentes\\puntoventa\\public\\index.php')
DEBUG - 2025-01-12 05:03:12 --> Session: Class initialized using 'CodeIgniter\Session\Handlers\FileHandler' driver.
WARNING - 2025-01-12 05:03:21 --> [DEPRECATED] Passing lowercase HTTP method "get" is deprecated. Use uppercase HTTP method like "GET". in SYSTEMPATH\Router\RouteCollection.php on line 1026.
 1 SYSTEMPATH\Router\RouteCollection.php(1026): trigger_error('Passing lowercase HTTP method "get" is deprecated. Use uppercase HTTP method like "GET".', 16384)
 2 VENDORPATH\julio101290\boilerplate\src\Config\Routes.php(22): CodeIgniter\Router\RouteCollection->match([...], 'profile', 'UserController::profile', [...])
 3 SYSTEMPATH\Router\RouteCollection.php(799): CodeIgniter\Router\RouteCollection->{closure}(Object(CodeIgniter\Router\RouteCollection))
 4 VENDORPATH\julio101290\boilerplate\src\Config\Routes.php(18): CodeIgniter\Router\RouteCollection->group('user', [...], Object(Closure))
 5 SYSTEMPATH\Router\RouteCollection.php(799): CodeIgniter\Router\RouteCollection->{closure}(Object(CodeIgniter\Router\RouteCollection))
 6 VENDORPATH\julio101290\boilerplate\src\Config\Routes.php(3): CodeIgniter\Router\RouteCollection->group('admin', Object(Closure))
 7 SYSTEMPATH\Router\RouteCollection.php(372): include('E:\\Fuentes\\puntoventa\\vendor\\julio101290\\boilerplate\\src\\Config\\Routes.php')
 8 SYSTEMPATH\Router\RouteCollection.php(342): CodeIgniter\Router\RouteCollection->discoverRoutes()
 9 SYSTEMPATH\CodeIgniter.php(823): CodeIgniter\Router\RouteCollection->loadRoutes()
10 SYSTEMPATH\CodeIgniter.php(457): CodeIgniter\CodeIgniter->tryToRouteIt(null)
11 SYSTEMPATH\CodeIgniter.php(355): CodeIgniter\CodeIgniter->handleRequest(null, Object(Config\Cache), false)
12 SYSTEMPATH\Boot.php(334): CodeIgniter\CodeIgniter->run()
13 SYSTEMPATH\Boot.php(67): CodeIgniter\Boot::runCodeIgniter(Object(CodeIgniter\CodeIgniter))
14 FCPATH\index.php(56): CodeIgniter\Boot::bootWeb(Object(Config\Paths))
15 SYSTEMPATH\rewrite.php(44): require_once('E:\\Fuentes\\puntoventa\\public\\index.php')
WARNING - 2025-01-12 05:03:21 --> [DEPRECATED] Passing lowercase HTTP method "post" is deprecated. Use uppercase HTTP method like "POST". in SYSTEMPATH\Router\RouteCollection.php on line 1026.
 1 SYSTEMPATH\Router\RouteCollection.php(1026): trigger_error('Passing lowercase HTTP method "post" is deprecated. Use uppercase HTTP method like "POST".', 16384)
 2 VENDORPATH\julio101290\boilerplate\src\Config\Routes.php(22): CodeIgniter\Router\RouteCollection->match([...], 'profile', 'UserController::profile', [...])
 3 SYSTEMPATH\Router\RouteCollection.php(799): CodeIgniter\Router\RouteCollection->{closure}(Object(CodeIgniter\Router\RouteCollection))
 4 VENDORPATH\julio101290\boilerplate\src\Config\Routes.php(18): CodeIgniter\Router\RouteCollection->group('user', [...], Object(Closure))
 5 SYSTEMPATH\Router\RouteCollection.php(799): CodeIgniter\Router\RouteCollection->{closure}(Object(CodeIgniter\Router\RouteCollection))
 6 VENDORPATH\julio101290\boilerplate\src\Config\Routes.php(3): CodeIgniter\Router\RouteCollection->group('admin', Object(Closure))
 7 SYSTEMPATH\Router\RouteCollection.php(372): include('E:\\Fuentes\\puntoventa\\vendor\\julio101290\\boilerplate\\src\\Config\\Routes.php')
 8 SYSTEMPATH\Router\RouteCollection.php(342): CodeIgniter\Router\RouteCollection->discoverRoutes()
 9 SYSTEMPATH\CodeIgniter.php(823): CodeIgniter\Router\RouteCollection->loadRoutes()
10 SYSTEMPATH\CodeIgniter.php(457): CodeIgniter\CodeIgniter->tryToRouteIt(null)
11 SYSTEMPATH\CodeIgniter.php(355): CodeIgniter\CodeIgniter->handleRequest(null, Object(Config\Cache), false)
12 SYSTEMPATH\Boot.php(334): CodeIgniter\CodeIgniter->run()
13 SYSTEMPATH\Boot.php(67): CodeIgniter\Boot::runCodeIgniter(Object(CodeIgniter\CodeIgniter))
14 FCPATH\index.php(56): CodeIgniter\Boot::bootWeb(Object(Config\Paths))
15 SYSTEMPATH\rewrite.php(44): require_once('E:\\Fuentes\\puntoventa\\public\\index.php')
DEBUG - 2025-01-12 05:03:21 --> Session: Class initialized using 'CodeIgniter\Session\Handlers\FileHandler' driver.
WARNING - 2025-01-12 05:03:21 --> [DEPRECATED] Passing lowercase HTTP method "get" is deprecated. Use uppercase HTTP method like "GET". in SYSTEMPATH\Router\RouteCollection.php on line 1026.
 1 SYSTEMPATH\Router\RouteCollection.php(1026): trigger_error('Passing lowercase HTTP method "get" is deprecated. Use uppercase HTTP method like "GET".', 16384)
 2 VENDORPATH\julio101290\boilerplate\src\Config\Routes.php(22): CodeIgniter\Router\RouteCollection->match([...], 'profile', 'UserController::profile', [...])
 3 SYSTEMPATH\Router\RouteCollection.php(799): CodeIgniter\Router\RouteCollection->{closure}(Object(CodeIgniter\Router\RouteCollection))
 4 VENDORPATH\julio101290\boilerplate\src\Config\Routes.php(18): CodeIgniter\Router\RouteCollection->group('user', [...], Object(Closure))
 5 SYSTEMPATH\Router\RouteCollection.php(799): CodeIgniter\Router\RouteCollection->{closure}(Object(CodeIgniter\Router\RouteCollection))
 6 VENDORPATH\julio101290\boilerplate\src\Config\Routes.php(3): CodeIgniter\Router\RouteCollection->group('admin', Object(Closure))
 7 SYSTEMPATH\Router\RouteCollection.php(372): include('E:\\Fuentes\\puntoventa\\vendor\\julio101290\\boilerplate\\src\\Config\\Routes.php')
 8 SYSTEMPATH\Router\RouteCollection.php(342): CodeIgniter\Router\RouteCollection->discoverRoutes()
 9 SYSTEMPATH\CodeIgniter.php(823): CodeIgniter\Router\RouteCollection->loadRoutes()
10 SYSTEMPATH\CodeIgniter.php(457): CodeIgniter\CodeIgniter->tryToRouteIt(null)
11 SYSTEMPATH\CodeIgniter.php(355): CodeIgniter\CodeIgniter->handleRequest(null, Object(Config\Cache), false)
12 SYSTEMPATH\Boot.php(334): CodeIgniter\CodeIgniter->run()
13 SYSTEMPATH\Boot.php(67): CodeIgniter\Boot::runCodeIgniter(Object(CodeIgniter\CodeIgniter))
14 FCPATH\index.php(56): CodeIgniter\Boot::bootWeb(Object(Config\Paths))
15 SYSTEMPATH\rewrite.php(44): require_once('E:\\Fuentes\\puntoventa\\public\\index.php')
WARNING - 2025-01-12 05:03:21 --> [DEPRECATED] Passing lowercase HTTP method "post" is deprecated. Use uppercase HTTP method like "POST". in SYSTEMPATH\Router\RouteCollection.php on line 1026.
 1 SYSTEMPATH\Router\RouteCollection.php(1026): trigger_error('Passing lowercase HTTP method "post" is deprecated. Use uppercase HTTP method like "POST".', 16384)
 2 VENDORPATH\julio101290\boilerplate\src\Config\Routes.php(22): CodeIgniter\Router\RouteCollection->match([...], 'profile', 'UserController::profile', [...])
 3 SYSTEMPATH\Router\RouteCollection.php(799): CodeIgniter\Router\RouteCollection->{closure}(Object(CodeIgniter\Router\RouteCollection))
 4 VENDORPATH\julio101290\boilerplate\src\Config\Routes.php(18): CodeIgniter\Router\RouteCollection->group('user', [...], Object(Closure))
 5 SYSTEMPATH\Router\RouteCollection.php(799): CodeIgniter\Router\RouteCollection->{closure}(Object(CodeIgniter\Router\RouteCollection))
 6 VENDORPATH\julio101290\boilerplate\src\Config\Routes.php(3): CodeIgniter\Router\RouteCollection->group('admin', Object(Closure))
 7 SYSTEMPATH\Router\RouteCollection.php(372): include('E:\\Fuentes\\puntoventa\\vendor\\julio101290\\boilerplate\\src\\Config\\Routes.php')
 8 SYSTEMPATH\Router\RouteCollection.php(342): CodeIgniter\Router\RouteCollection->discoverRoutes()
 9 SYSTEMPATH\CodeIgniter.php(823): CodeIgniter\Router\RouteCollection->loadRoutes()
10 SYSTEMPATH\CodeIgniter.php(457): CodeIgniter\CodeIgniter->tryToRouteIt(null)
11 SYSTEMPATH\CodeIgniter.php(355): CodeIgniter\CodeIgniter->handleRequest(null, Object(Config\Cache), false)
12 SYSTEMPATH\Boot.php(334): CodeIgniter\CodeIgniter->run()
13 SYSTEMPATH\Boot.php(67): CodeIgniter\Boot::runCodeIgniter(Object(CodeIgniter\CodeIgniter))
14 FCPATH\index.php(56): CodeIgniter\Boot::bootWeb(Object(Config\Paths))
15 SYSTEMPATH\rewrite.php(44): require_once('E:\\Fuentes\\puntoventa\\public\\index.php')
DEBUG - 2025-01-12 05:03:21 --> Session: Class initialized using 'CodeIgniter\Session\Handlers\FileHandler' driver.
WARNING - 2025-01-12 05:03:59 --> [DEPRECATED] Passing lowercase HTTP method "get" is deprecated. Use uppercase HTTP method like "GET". in SYSTEMPATH\Router\RouteCollection.php on line 1026.
 1 SYSTEMPATH\Router\RouteCollection.php(1026): trigger_error('Passing lowercase HTTP method "get" is deprecated. Use uppercase HTTP method like "GET".', 16384)
 2 VENDORPATH\julio101290\boilerplate\src\Config\Routes.php(22): CodeIgniter\Router\RouteCollection->match([...], 'profile', 'UserController::profile', [...])
 3 SYSTEMPATH\Router\RouteCollection.php(799): CodeIgniter\Router\RouteCollection->{closure}(Object(CodeIgniter\Router\RouteCollection))
 4 VENDORPATH\julio101290\boilerplate\src\Config\Routes.php(18): CodeIgniter\Router\RouteCollection->group('user', [...], Object(Closure))
 5 SYSTEMPATH\Router\RouteCollection.php(799): CodeIgniter\Router\RouteCollection->{closure}(Object(CodeIgniter\Router\RouteCollection))
 6 VENDORPATH\julio101290\boilerplate\src\Config\Routes.php(3): CodeIgniter\Router\RouteCollection->group('admin', Object(Closure))
 7 SYSTEMPATH\Router\RouteCollection.php(372): include('E:\\Fuentes\\puntoventa\\vendor\\julio101290\\boilerplate\\src\\Config\\Routes.php')
 8 SYSTEMPATH\Router\RouteCollection.php(342): CodeIgniter\Router\RouteCollection->discoverRoutes()
 9 SYSTEMPATH\CodeIgniter.php(823): CodeIgniter\Router\RouteCollection->loadRoutes()
10 SYSTEMPATH\CodeIgniter.php(457): CodeIgniter\CodeIgniter->tryToRouteIt(null)
11 SYSTEMPATH\CodeIgniter.php(355): CodeIgniter\CodeIgniter->handleRequest(null, Object(Config\Cache), false)
12 SYSTEMPATH\Boot.php(334): CodeIgniter\CodeIgniter->run()
13 SYSTEMPATH\Boot.php(67): CodeIgniter\Boot::runCodeIgniter(Object(CodeIgniter\CodeIgniter))
14 FCPATH\index.php(56): CodeIgniter\Boot::bootWeb(Object(Config\Paths))
15 SYSTEMPATH\rewrite.php(44): require_once('E:\\Fuentes\\puntoventa\\public\\index.php')
WARNING - 2025-01-12 05:03:59 --> [DEPRECATED] Passing lowercase HTTP method "post" is deprecated. Use uppercase HTTP method like "POST". in SYSTEMPATH\Router\RouteCollection.php on line 1026.
 1 SYSTEMPATH\Router\RouteCollection.php(1026): trigger_error('Passing lowercase HTTP method "post" is deprecated. Use uppercase HTTP method like "POST".', 16384)
 2 VENDORPATH\julio101290\boilerplate\src\Config\Routes.php(22): CodeIgniter\Router\RouteCollection->match([...], 'profile', 'UserController::profile', [...])
 3 SYSTEMPATH\Router\RouteCollection.php(799): CodeIgniter\Router\RouteCollection->{closure}(Object(CodeIgniter\Router\RouteCollection))
 4 VENDORPATH\julio101290\boilerplate\src\Config\Routes.php(18): CodeIgniter\Router\RouteCollection->group('user', [...], Object(Closure))
 5 SYSTEMPATH\Router\RouteCollection.php(799): CodeIgniter\Router\RouteCollection->{closure}(Object(CodeIgniter\Router\RouteCollection))
 6 VENDORPATH\julio101290\boilerplate\src\Config\Routes.php(3): CodeIgniter\Router\RouteCollection->group('admin', Object(Closure))
 7 SYSTEMPATH\Router\RouteCollection.php(372): include('E:\\Fuentes\\puntoventa\\vendor\\julio101290\\boilerplate\\src\\Config\\Routes.php')
 8 SYSTEMPATH\Router\RouteCollection.php(342): CodeIgniter\Router\RouteCollection->discoverRoutes()
 9 SYSTEMPATH\CodeIgniter.php(823): CodeIgniter\Router\RouteCollection->loadRoutes()
10 SYSTEMPATH\CodeIgniter.php(457): CodeIgniter\CodeIgniter->tryToRouteIt(null)
11 SYSTEMPATH\CodeIgniter.php(355): CodeIgniter\CodeIgniter->handleRequest(null, Object(Config\Cache), false)
12 SYSTEMPATH\Boot.php(334): CodeIgniter\CodeIgniter->run()
13 SYSTEMPATH\Boot.php(67): CodeIgniter\Boot::runCodeIgniter(Object(CodeIgniter\CodeIgniter))
14 FCPATH\index.php(56): CodeIgniter\Boot::bootWeb(Object(Config\Paths))
15 SYSTEMPATH\rewrite.php(44): require_once('E:\\Fuentes\\puntoventa\\public\\index.php')
DEBUG - 2025-01-12 05:03:59 --> Session: Class initialized using 'CodeIgniter\Session\Handlers\FileHandler' driver.
WARNING - 2025-01-12 05:03:59 --> [DEPRECATED] Passing lowercase HTTP method "get" is deprecated. Use uppercase HTTP method like "GET". in SYSTEMPATH\Router\RouteCollection.php on line 1026.
 1 SYSTEMPATH\Router\RouteCollection.php(1026): trigger_error('Passing lowercase HTTP method "get" is deprecated. Use uppercase HTTP method like "GET".', 16384)
 2 VENDORPATH\julio101290\boilerplate\src\Config\Routes.php(22): CodeIgniter\Router\RouteCollection->match([...], 'profile', 'UserController::profile', [...])
 3 SYSTEMPATH\Router\RouteCollection.php(799): CodeIgniter\Router\RouteCollection->{closure}(Object(CodeIgniter\Router\RouteCollection))
 4 VENDORPATH\julio101290\boilerplate\src\Config\Routes.php(18): CodeIgniter\Router\RouteCollection->group('user', [...], Object(Closure))
 5 SYSTEMPATH\Router\RouteCollection.php(799): CodeIgniter\Router\RouteCollection->{closure}(Object(CodeIgniter\Router\RouteCollection))
 6 VENDORPATH\julio101290\boilerplate\src\Config\Routes.php(3): CodeIgniter\Router\RouteCollection->group('admin', Object(Closure))
 7 SYSTEMPATH\Router\RouteCollection.php(372): include('E:\\Fuentes\\puntoventa\\vendor\\julio101290\\boilerplate\\src\\Config\\Routes.php')
 8 SYSTEMPATH\Router\RouteCollection.php(342): CodeIgniter\Router\RouteCollection->discoverRoutes()
 9 SYSTEMPATH\CodeIgniter.php(823): CodeIgniter\Router\RouteCollection->loadRoutes()
10 SYSTEMPATH\CodeIgniter.php(457): CodeIgniter\CodeIgniter->tryToRouteIt(null)
11 SYSTEMPATH\CodeIgniter.php(355): CodeIgniter\CodeIgniter->handleRequest(null, Object(Config\Cache), false)
12 SYSTEMPATH\Boot.php(334): CodeIgniter\CodeIgniter->run()
13 SYSTEMPATH\Boot.php(67): CodeIgniter\Boot::runCodeIgniter(Object(CodeIgniter\CodeIgniter))
14 FCPATH\index.php(56): CodeIgniter\Boot::bootWeb(Object(Config\Paths))
15 SYSTEMPATH\rewrite.php(44): require_once('E:\\Fuentes\\puntoventa\\public\\index.php')
WARNING - 2025-01-12 05:03:59 --> [DEPRECATED] Passing lowercase HTTP method "post" is deprecated. Use uppercase HTTP method like "POST". in SYSTEMPATH\Router\RouteCollection.php on line 1026.
 1 SYSTEMPATH\Router\RouteCollection.php(1026): trigger_error('Passing lowercase HTTP method "post" is deprecated. Use uppercase HTTP method like "POST".', 16384)
 2 VENDORPATH\julio101290\boilerplate\src\Config\Routes.php(22): CodeIgniter\Router\RouteCollection->match([...], 'profile', 'UserController::profile', [...])
 3 SYSTEMPATH\Router\RouteCollection.php(799): CodeIgniter\Router\RouteCollection->{closure}(Object(CodeIgniter\Router\RouteCollection))
 4 VENDORPATH\julio101290\boilerplate\src\Config\Routes.php(18): CodeIgniter\Router\RouteCollection->group('user', [...], Object(Closure))
 5 SYSTEMPATH\Router\RouteCollection.php(799): CodeIgniter\Router\RouteCollection->{closure}(Object(CodeIgniter\Router\RouteCollection))
 6 VENDORPATH\julio101290\boilerplate\src\Config\Routes.php(3): CodeIgniter\Router\RouteCollection->group('admin', Object(Closure))
 7 SYSTEMPATH\Router\RouteCollection.php(372): include('E:\\Fuentes\\puntoventa\\vendor\\julio101290\\boilerplate\\src\\Config\\Routes.php')
 8 SYSTEMPATH\Router\RouteCollection.php(342): CodeIgniter\Router\RouteCollection->discoverRoutes()
 9 SYSTEMPATH\CodeIgniter.php(823): CodeIgniter\Router\RouteCollection->loadRoutes()
10 SYSTEMPATH\CodeIgniter.php(457): CodeIgniter\CodeIgniter->tryToRouteIt(null)
11 SYSTEMPATH\CodeIgniter.php(355): CodeIgniter\CodeIgniter->handleRequest(null, Object(Config\Cache), false)
12 SYSTEMPATH\Boot.php(334): CodeIgniter\CodeIgniter->run()
13 SYSTEMPATH\Boot.php(67): CodeIgniter\Boot::runCodeIgniter(Object(CodeIgniter\CodeIgniter))
14 FCPATH\index.php(56): CodeIgniter\Boot::bootWeb(Object(Config\Paths))
15 SYSTEMPATH\rewrite.php(44): require_once('E:\\Fuentes\\puntoventa\\public\\index.php')
DEBUG - 2025-01-12 05:03:59 --> Session: Class initialized using 'CodeIgniter\Session\Handlers\FileHandler' driver.
WARNING - 2025-01-12 05:03:59 --> [DEPRECATED] Passing lowercase HTTP method "get" is deprecated. Use uppercase HTTP method like "GET". in SYSTEMPATH\Router\RouteCollection.php on line 1026.
 1 SYSTEMPATH\Router\RouteCollection.php(1026): trigger_error('Passing lowercase HTTP method "get" is deprecated. Use uppercase HTTP method like "GET".', 16384)
 2 VENDORPATH\julio101290\boilerplate\src\Config\Routes.php(22): CodeIgniter\Router\RouteCollection->match([...], 'profile', 'UserController::profile', [...])
 3 SYSTEMPATH\Router\RouteCollection.php(799): CodeIgniter\Router\RouteCollection->{closure}(Object(CodeIgniter\Router\RouteCollection))
 4 VENDORPATH\julio101290\boilerplate\src\Config\Routes.php(18): CodeIgniter\Router\RouteCollection->group('user', [...], Object(Closure))
 5 SYSTEMPATH\Router\RouteCollection.php(799): CodeIgniter\Router\RouteCollection->{closure}(Object(CodeIgniter\Router\RouteCollection))
 6 VENDORPATH\julio101290\boilerplate\src\Config\Routes.php(3): CodeIgniter\Router\RouteCollection->group('admin', Object(Closure))
 7 SYSTEMPATH\Router\RouteCollection.php(372): include('E:\\Fuentes\\puntoventa\\vendor\\julio101290\\boilerplate\\src\\Config\\Routes.php')
 8 SYSTEMPATH\Router\RouteCollection.php(342): CodeIgniter\Router\RouteCollection->discoverRoutes()
 9 SYSTEMPATH\CodeIgniter.php(823): CodeIgniter\Router\RouteCollection->loadRoutes()
10 SYSTEMPATH\CodeIgniter.php(457): CodeIgniter\CodeIgniter->tryToRouteIt(null)
11 SYSTEMPATH\CodeIgniter.php(355): CodeIgniter\CodeIgniter->handleRequest(null, Object(Config\Cache), false)
12 SYSTEMPATH\Boot.php(334): CodeIgniter\CodeIgniter->run()
13 SYSTEMPATH\Boot.php(67): CodeIgniter\Boot::runCodeIgniter(Object(CodeIgniter\CodeIgniter))
14 FCPATH\index.php(56): CodeIgniter\Boot::bootWeb(Object(Config\Paths))
15 SYSTEMPATH\rewrite.php(44): require_once('E:\\Fuentes\\puntoventa\\public\\index.php')
WARNING - 2025-01-12 05:03:59 --> [DEPRECATED] Passing lowercase HTTP method "post" is deprecated. Use uppercase HTTP method like "POST". in SYSTEMPATH\Router\RouteCollection.php on line 1026.
 1 SYSTEMPATH\Router\RouteCollection.php(1026): trigger_error('Passing lowercase HTTP method "post" is deprecated. Use uppercase HTTP method like "POST".', 16384)
 2 VENDORPATH\julio101290\boilerplate\src\Config\Routes.php(22): CodeIgniter\Router\RouteCollection->match([...], 'profile', 'UserController::profile', [...])
 3 SYSTEMPATH\Router\RouteCollection.php(799): CodeIgniter\Router\RouteCollection->{closure}(Object(CodeIgniter\Router\RouteCollection))
 4 VENDORPATH\julio101290\boilerplate\src\Config\Routes.php(18): CodeIgniter\Router\RouteCollection->group('user', [...], Object(Closure))
 5 SYSTEMPATH\Router\RouteCollection.php(799): CodeIgniter\Router\RouteCollection->{closure}(Object(CodeIgniter\Router\RouteCollection))
 6 VENDORPATH\julio101290\boilerplate\src\Config\Routes.php(3): CodeIgniter\Router\RouteCollection->group('admin', Object(Closure))
 7 SYSTEMPATH\Router\RouteCollection.php(372): include('E:\\Fuentes\\puntoventa\\vendor\\julio101290\\boilerplate\\src\\Config\\Routes.php')
 8 SYSTEMPATH\Router\RouteCollection.php(342): CodeIgniter\Router\RouteCollection->discoverRoutes()
 9 SYSTEMPATH\CodeIgniter.php(823): CodeIgniter\Router\RouteCollection->loadRoutes()
10 SYSTEMPATH\CodeIgniter.php(457): CodeIgniter\CodeIgniter->tryToRouteIt(null)
11 SYSTEMPATH\CodeIgniter.php(355): CodeIgniter\CodeIgniter->handleRequest(null, Object(Config\Cache), false)
12 SYSTEMPATH\Boot.php(334): CodeIgniter\CodeIgniter->run()
13 SYSTEMPATH\Boot.php(67): CodeIgniter\Boot::runCodeIgniter(Object(CodeIgniter\CodeIgniter))
14 FCPATH\index.php(56): CodeIgniter\Boot::bootWeb(Object(Config\Paths))
15 SYSTEMPATH\rewrite.php(44): require_once('E:\\Fuentes\\puntoventa\\public\\index.php')
DEBUG - 2025-01-12 05:03:59 --> Session: Class initialized using 'CodeIgniter\Session\Handlers\FileHandler' driver.
WARNING - 2025-01-12 05:04:08 --> [DEPRECATED] Passing lowercase HTTP method "get" is deprecated. Use uppercase HTTP method like "GET". in SYSTEMPATH\Router\RouteCollection.php on line 1026.
 1 SYSTEMPATH\Router\RouteCollection.php(1026): trigger_error('Passing lowercase HTTP method "get" is deprecated. Use uppercase HTTP method like "GET".', 16384)
 2 VENDORPATH\julio101290\boilerplate\src\Config\Routes.php(22): CodeIgniter\Router\RouteCollection->match([...], 'profile', 'UserController::profile', [...])
 3 SYSTEMPATH\Router\RouteCollection.php(799): CodeIgniter\Router\RouteCollection->{closure}(Object(CodeIgniter\Router\RouteCollection))
 4 VENDORPATH\julio101290\boilerplate\src\Config\Routes.php(18): CodeIgniter\Router\RouteCollection->group('user', [...], Object(Closure))
 5 SYSTEMPATH\Router\RouteCollection.php(799): CodeIgniter\Router\RouteCollection->{closure}(Object(CodeIgniter\Router\RouteCollection))
 6 VENDORPATH\julio101290\boilerplate\src\Config\Routes.php(3): CodeIgniter\Router\RouteCollection->group('admin', Object(Closure))
 7 SYSTEMPATH\Router\RouteCollection.php(372): include('E:\\Fuentes\\puntoventa\\vendor\\julio101290\\boilerplate\\src\\Config\\Routes.php')
 8 SYSTEMPATH\Router\RouteCollection.php(342): CodeIgniter\Router\RouteCollection->discoverRoutes()
 9 SYSTEMPATH\CodeIgniter.php(823): CodeIgniter\Router\RouteCollection->loadRoutes()
10 SYSTEMPATH\CodeIgniter.php(457): CodeIgniter\CodeIgniter->tryToRouteIt(null)
11 SYSTEMPATH\CodeIgniter.php(355): CodeIgniter\CodeIgniter->handleRequest(null, Object(Config\Cache), false)
12 SYSTEMPATH\Boot.php(334): CodeIgniter\CodeIgniter->run()
13 SYSTEMPATH\Boot.php(67): CodeIgniter\Boot::runCodeIgniter(Object(CodeIgniter\CodeIgniter))
14 FCPATH\index.php(56): CodeIgniter\Boot::bootWeb(Object(Config\Paths))
15 SYSTEMPATH\rewrite.php(44): require_once('E:\\Fuentes\\puntoventa\\public\\index.php')
WARNING - 2025-01-12 05:04:08 --> [DEPRECATED] Passing lowercase HTTP method "post" is deprecated. Use uppercase HTTP method like "POST". in SYSTEMPATH\Router\RouteCollection.php on line 1026.
 1 SYSTEMPATH\Router\RouteCollection.php(1026): trigger_error('Passing lowercase HTTP method "post" is deprecated. Use uppercase HTTP method like "POST".', 16384)
 2 VENDORPATH\julio101290\boilerplate\src\Config\Routes.php(22): CodeIgniter\Router\RouteCollection->match([...], 'profile', 'UserController::profile', [...])
 3 SYSTEMPATH\Router\RouteCollection.php(799): CodeIgniter\Router\RouteCollection->{closure}(Object(CodeIgniter\Router\RouteCollection))
 4 VENDORPATH\julio101290\boilerplate\src\Config\Routes.php(18): CodeIgniter\Router\RouteCollection->group('user', [...], Object(Closure))
 5 SYSTEMPATH\Router\RouteCollection.php(799): CodeIgniter\Router\RouteCollection->{closure}(Object(CodeIgniter\Router\RouteCollection))
 6 VENDORPATH\julio101290\boilerplate\src\Config\Routes.php(3): CodeIgniter\Router\RouteCollection->group('admin', Object(Closure))
 7 SYSTEMPATH\Router\RouteCollection.php(372): include('E:\\Fuentes\\puntoventa\\vendor\\julio101290\\boilerplate\\src\\Config\\Routes.php')
 8 SYSTEMPATH\Router\RouteCollection.php(342): CodeIgniter\Router\RouteCollection->discoverRoutes()
 9 SYSTEMPATH\CodeIgniter.php(823): CodeIgniter\Router\RouteCollection->loadRoutes()
10 SYSTEMPATH\CodeIgniter.php(457): CodeIgniter\CodeIgniter->tryToRouteIt(null)
11 SYSTEMPATH\CodeIgniter.php(355): CodeIgniter\CodeIgniter->handleRequest(null, Object(Config\Cache), false)
12 SYSTEMPATH\Boot.php(334): CodeIgniter\CodeIgniter->run()
13 SYSTEMPATH\Boot.php(67): CodeIgniter\Boot::runCodeIgniter(Object(CodeIgniter\CodeIgniter))
14 FCPATH\index.php(56): CodeIgniter\Boot::bootWeb(Object(Config\Paths))
15 SYSTEMPATH\rewrite.php(44): require_once('E:\\Fuentes\\puntoventa\\public\\index.php')
DEBUG - 2025-01-12 05:04:08 --> Session: Class initialized using 'CodeIgniter\Session\Handlers\FileHandler' driver.
WARNING - 2025-01-12 05:04:09 --> [DEPRECATED] Passing lowercase HTTP method "get" is deprecated. Use uppercase HTTP method like "GET". in SYSTEMPATH\Router\RouteCollection.php on line 1026.
 1 SYSTEMPATH\Router\RouteCollection.php(1026): trigger_error('Passing lowercase HTTP method "get" is deprecated. Use uppercase HTTP method like "GET".', 16384)
 2 VENDORPATH\julio101290\boilerplate\src\Config\Routes.php(22): CodeIgniter\Router\RouteCollection->match([...], 'profile', 'UserController::profile', [...])
 3 SYSTEMPATH\Router\RouteCollection.php(799): CodeIgniter\Router\RouteCollection->{closure}(Object(CodeIgniter\Router\RouteCollection))
 4 VENDORPATH\julio101290\boilerplate\src\Config\Routes.php(18): CodeIgniter\Router\RouteCollection->group('user', [...], Object(Closure))
 5 SYSTEMPATH\Router\RouteCollection.php(799): CodeIgniter\Router\RouteCollection->{closure}(Object(CodeIgniter\Router\RouteCollection))
 6 VENDORPATH\julio101290\boilerplate\src\Config\Routes.php(3): CodeIgniter\Router\RouteCollection->group('admin', Object(Closure))
 7 SYSTEMPATH\Router\RouteCollection.php(372): include('E:\\Fuentes\\puntoventa\\vendor\\julio101290\\boilerplate\\src\\Config\\Routes.php')
 8 SYSTEMPATH\Router\RouteCollection.php(342): CodeIgniter\Router\RouteCollection->discoverRoutes()
 9 SYSTEMPATH\CodeIgniter.php(823): CodeIgniter\Router\RouteCollection->loadRoutes()
10 SYSTEMPATH\CodeIgniter.php(457): CodeIgniter\CodeIgniter->tryToRouteIt(null)
11 SYSTEMPATH\CodeIgniter.php(355): CodeIgniter\CodeIgniter->handleRequest(null, Object(Config\Cache), false)
12 SYSTEMPATH\Boot.php(334): CodeIgniter\CodeIgniter->run()
13 SYSTEMPATH\Boot.php(67): CodeIgniter\Boot::runCodeIgniter(Object(CodeIgniter\CodeIgniter))
14 FCPATH\index.php(56): CodeIgniter\Boot::bootWeb(Object(Config\Paths))
15 SYSTEMPATH\rewrite.php(44): require_once('E:\\Fuentes\\puntoventa\\public\\index.php')
WARNING - 2025-01-12 05:04:09 --> [DEPRECATED] Passing lowercase HTTP method "post" is deprecated. Use uppercase HTTP method like "POST". in SYSTEMPATH\Router\RouteCollection.php on line 1026.
 1 SYSTEMPATH\Router\RouteCollection.php(1026): trigger_error('Passing lowercase HTTP method "post" is deprecated. Use uppercase HTTP method like "POST".', 16384)
 2 VENDORPATH\julio101290\boilerplate\src\Config\Routes.php(22): CodeIgniter\Router\RouteCollection->match([...], 'profile', 'UserController::profile', [...])
 3 SYSTEMPATH\Router\RouteCollection.php(799): CodeIgniter\Router\RouteCollection->{closure}(Object(CodeIgniter\Router\RouteCollection))
 4 VENDORPATH\julio101290\boilerplate\src\Config\Routes.php(18): CodeIgniter\Router\RouteCollection->group('user', [...], Object(Closure))
 5 SYSTEMPATH\Router\RouteCollection.php(799): CodeIgniter\Router\RouteCollection->{closure}(Object(CodeIgniter\Router\RouteCollection))
 6 VENDORPATH\julio101290\boilerplate\src\Config\Routes.php(3): CodeIgniter\Router\RouteCollection->group('admin', Object(Closure))
 7 SYSTEMPATH\Router\RouteCollection.php(372): include('E:\\Fuentes\\puntoventa\\vendor\\julio101290\\boilerplate\\src\\Config\\Routes.php')
 8 SYSTEMPATH\Router\RouteCollection.php(342): CodeIgniter\Router\RouteCollection->discoverRoutes()
 9 SYSTEMPATH\CodeIgniter.php(823): CodeIgniter\Router\RouteCollection->loadRoutes()
10 SYSTEMPATH\CodeIgniter.php(457): CodeIgniter\CodeIgniter->tryToRouteIt(null)
11 SYSTEMPATH\CodeIgniter.php(355): CodeIgniter\CodeIgniter->handleRequest(null, Object(Config\Cache), false)
12 SYSTEMPATH\Boot.php(334): CodeIgniter\CodeIgniter->run()
13 SYSTEMPATH\Boot.php(67): CodeIgniter\Boot::runCodeIgniter(Object(CodeIgniter\CodeIgniter))
14 FCPATH\index.php(56): CodeIgniter\Boot::bootWeb(Object(Config\Paths))
15 SYSTEMPATH\rewrite.php(44): require_once('E:\\Fuentes\\puntoventa\\public\\index.php')
WARNING - 2025-01-12 05:04:09 --> [DEPRECATED] Passing lowercase HTTP method "get" is deprecated. Use uppercase HTTP method like "GET". in SYSTEMPATH\Router\RouteCollection.php on line 1026.
 1 SYSTEMPATH\Router\RouteCollection.php(1026): trigger_error('Passing lowercase HTTP method "get" is deprecated. Use uppercase HTTP method like "GET".', 16384)
 2 VENDORPATH\julio101290\boilerplate\src\Config\Routes.php(22): CodeIgniter\Router\RouteCollection->match([...], 'profile', 'UserController::profile', [...])
 3 SYSTEMPATH\Router\RouteCollection.php(799): CodeIgniter\Router\RouteCollection->{closure}(Object(CodeIgniter\Router\RouteCollection))
 4 VENDORPATH\julio101290\boilerplate\src\Config\Routes.php(18): CodeIgniter\Router\RouteCollection->group('user', [...], Object(Closure))
 5 SYSTEMPATH\Router\RouteCollection.php(799): CodeIgniter\Router\RouteCollection->{closure}(Object(CodeIgniter\Router\RouteCollection))
 6 VENDORPATH\julio101290\boilerplate\src\Config\Routes.php(3): CodeIgniter\Router\RouteCollection->group('admin', Object(Closure))
 7 SYSTEMPATH\Router\RouteCollection.php(372): include('E:\\Fuentes\\puntoventa\\vendor\\julio101290\\boilerplate\\src\\Config\\Routes.php')
 8 SYSTEMPATH\Router\RouteCollection.php(342): CodeIgniter\Router\RouteCollection->discoverRoutes()
 9 SYSTEMPATH\CodeIgniter.php(823): CodeIgniter\Router\RouteCollection->loadRoutes()
10 SYSTEMPATH\CodeIgniter.php(457): CodeIgniter\CodeIgniter->tryToRouteIt(null)
11 SYSTEMPATH\CodeIgniter.php(355): CodeIgniter\CodeIgniter->handleRequest(null, Object(Config\Cache), false)
12 SYSTEMPATH\Boot.php(334): CodeIgniter\CodeIgniter->run()
13 SYSTEMPATH\Boot.php(67): CodeIgniter\Boot::runCodeIgniter(Object(CodeIgniter\CodeIgniter))
14 FCPATH\index.php(56): CodeIgniter\Boot::bootWeb(Object(Config\Paths))
15 SYSTEMPATH\rewrite.php(44): require_once('E:\\Fuentes\\puntoventa\\public\\index.php')
WARNING - 2025-01-12 05:04:09 --> [DEPRECATED] Passing lowercase HTTP method "post" is deprecated. Use uppercase HTTP method like "POST". in SYSTEMPATH\Router\RouteCollection.php on line 1026.
 1 SYSTEMPATH\Router\RouteCollection.php(1026): trigger_error('Passing lowercase HTTP method "post" is deprecated. Use uppercase HTTP method like "POST".', 16384)
 2 VENDORPATH\julio101290\boilerplate\src\Config\Routes.php(22): CodeIgniter\Router\RouteCollection->match([...], 'profile', 'UserController::profile', [...])
 3 SYSTEMPATH\Router\RouteCollection.php(799): CodeIgniter\Router\RouteCollection->{closure}(Object(CodeIgniter\Router\RouteCollection))
 4 VENDORPATH\julio101290\boilerplate\src\Config\Routes.php(18): CodeIgniter\Router\RouteCollection->group('user', [...], Object(Closure))
 5 SYSTEMPATH\Router\RouteCollection.php(799): CodeIgniter\Router\RouteCollection->{closure}(Object(CodeIgniter\Router\RouteCollection))
 6 VENDORPATH\julio101290\boilerplate\src\Config\Routes.php(3): CodeIgniter\Router\RouteCollection->group('admin', Object(Closure))
 7 SYSTEMPATH\Router\RouteCollection.php(372): include('E:\\Fuentes\\puntoventa\\vendor\\julio101290\\boilerplate\\src\\Config\\Routes.php')
 8 SYSTEMPATH\Router\RouteCollection.php(342): CodeIgniter\Router\RouteCollection->discoverRoutes()
 9 SYSTEMPATH\CodeIgniter.php(823): CodeIgniter\Router\RouteCollection->loadRoutes()
10 SYSTEMPATH\CodeIgniter.php(457): CodeIgniter\CodeIgniter->tryToRouteIt(null)
11 SYSTEMPATH\CodeIgniter.php(355): CodeIgniter\CodeIgniter->handleRequest(null, Object(Config\Cache), false)
12 SYSTEMPATH\Boot.php(334): CodeIgniter\CodeIgniter->run()
13 SYSTEMPATH\Boot.php(67): CodeIgniter\Boot::runCodeIgniter(Object(CodeIgniter\CodeIgniter))
14 FCPATH\index.php(56): CodeIgniter\Boot::bootWeb(Object(Config\Paths))
15 SYSTEMPATH\rewrite.php(44): require_once('E:\\Fuentes\\puntoventa\\public\\index.php')
DEBUG - 2025-01-12 05:04:09 --> Session: Class initialized using 'CodeIgniter\Session\Handlers\FileHandler' driver.
WARNING - 2025-01-12 05:04:46 --> [DEPRECATED] Passing lowercase HTTP method "get" is deprecated. Use uppercase HTTP method like "GET". in SYSTEMPATH\Router\RouteCollection.php on line 1026.
 1 SYSTEMPATH\Router\RouteCollection.php(1026): trigger_error('Passing lowercase HTTP method "get" is deprecated. Use uppercase HTTP method like "GET".', 16384)
 2 VENDORPATH\julio101290\boilerplate\src\Config\Routes.php(22): CodeIgniter\Router\RouteCollection->match([...], 'profile', 'UserController::profile', [...])
 3 SYSTEMPATH\Router\RouteCollection.php(799): CodeIgniter\Router\RouteCollection->{closure}(Object(CodeIgniter\Router\RouteCollection))
 4 VENDORPATH\julio101290\boilerplate\src\Config\Routes.php(18): CodeIgniter\Router\RouteCollection->group('user', [...], Object(Closure))
 5 SYSTEMPATH\Router\RouteCollection.php(799): CodeIgniter\Router\RouteCollection->{closure}(Object(CodeIgniter\Router\RouteCollection))
 6 VENDORPATH\julio101290\boilerplate\src\Config\Routes.php(3): CodeIgniter\Router\RouteCollection->group('admin', Object(Closure))
 7 SYSTEMPATH\Router\RouteCollection.php(372): include('E:\\Fuentes\\puntoventa\\vendor\\julio101290\\boilerplate\\src\\Config\\Routes.php')
 8 SYSTEMPATH\Router\RouteCollection.php(342): CodeIgniter\Router\RouteCollection->discoverRoutes()
 9 SYSTEMPATH\CodeIgniter.php(823): CodeIgniter\Router\RouteCollection->loadRoutes()
10 SYSTEMPATH\CodeIgniter.php(457): CodeIgniter\CodeIgniter->tryToRouteIt(null)
11 SYSTEMPATH\CodeIgniter.php(355): CodeIgniter\CodeIgniter->handleRequest(null, Object(Config\Cache), false)
12 SYSTEMPATH\Boot.php(334): CodeIgniter\CodeIgniter->run()
13 SYSTEMPATH\Boot.php(67): CodeIgniter\Boot::runCodeIgniter(Object(CodeIgniter\CodeIgniter))
14 FCPATH\index.php(56): CodeIgniter\Boot::bootWeb(Object(Config\Paths))
15 SYSTEMPATH\rewrite.php(44): require_once('E:\\Fuentes\\puntoventa\\public\\index.php')
WARNING - 2025-01-12 05:04:46 --> [DEPRECATED] Passing lowercase HTTP method "post" is deprecated. Use uppercase HTTP method like "POST". in SYSTEMPATH\Router\RouteCollection.php on line 1026.
 1 SYSTEMPATH\Router\RouteCollection.php(1026): trigger_error('Passing lowercase HTTP method "post" is deprecated. Use uppercase HTTP method like "POST".', 16384)
 2 VENDORPATH\julio101290\boilerplate\src\Config\Routes.php(22): CodeIgniter\Router\RouteCollection->match([...], 'profile', 'UserController::profile', [...])
 3 SYSTEMPATH\Router\RouteCollection.php(799): CodeIgniter\Router\RouteCollection->{closure}(Object(CodeIgniter\Router\RouteCollection))
 4 VENDORPATH\julio101290\boilerplate\src\Config\Routes.php(18): CodeIgniter\Router\RouteCollection->group('user', [...], Object(Closure))
 5 SYSTEMPATH\Router\RouteCollection.php(799): CodeIgniter\Router\RouteCollection->{closure}(Object(CodeIgniter\Router\RouteCollection))
 6 VENDORPATH\julio101290\boilerplate\src\Config\Routes.php(3): CodeIgniter\Router\RouteCollection->group('admin', Object(Closure))
 7 SYSTEMPATH\Router\RouteCollection.php(372): include('E:\\Fuentes\\puntoventa\\vendor\\julio101290\\boilerplate\\src\\Config\\Routes.php')
 8 SYSTEMPATH\Router\RouteCollection.php(342): CodeIgniter\Router\RouteCollection->discoverRoutes()
 9 SYSTEMPATH\CodeIgniter.php(823): CodeIgniter\Router\RouteCollection->loadRoutes()
10 SYSTEMPATH\CodeIgniter.php(457): CodeIgniter\CodeIgniter->tryToRouteIt(null)
11 SYSTEMPATH\CodeIgniter.php(355): CodeIgniter\CodeIgniter->handleRequest(null, Object(Config\Cache), false)
12 SYSTEMPATH\Boot.php(334): CodeIgniter\CodeIgniter->run()
13 SYSTEMPATH\Boot.php(67): CodeIgniter\Boot::runCodeIgniter(Object(CodeIgniter\CodeIgniter))
14 FCPATH\index.php(56): CodeIgniter\Boot::bootWeb(Object(Config\Paths))
15 SYSTEMPATH\rewrite.php(44): require_once('E:\\Fuentes\\puntoventa\\public\\index.php')
WARNING - 2025-01-12 05:04:46 --> [DEPRECATED] Passing lowercase HTTP method "get" is deprecated. Use uppercase HTTP method like "GET". in SYSTEMPATH\Router\RouteCollection.php on line 1026.
 1 SYSTEMPATH\Router\RouteCollection.php(1026): trigger_error('Passing lowercase HTTP method "get" is deprecated. Use uppercase HTTP method like "GET".', 16384)
 2 VENDORPATH\julio101290\boilerplate\src\Config\Routes.php(22): CodeIgniter\Router\RouteCollection->match([...], 'profile', 'UserController::profile', [...])
 3 SYSTEMPATH\Router\RouteCollection.php(799): CodeIgniter\Router\RouteCollection->{closure}(Object(CodeIgniter\Router\RouteCollection))
 4 VENDORPATH\julio101290\boilerplate\src\Config\Routes.php(18): CodeIgniter\Router\RouteCollection->group('user', [...], Object(Closure))
 5 SYSTEMPATH\Router\RouteCollection.php(799): CodeIgniter\Router\RouteCollection->{closure}(Object(CodeIgniter\Router\RouteCollection))
 6 VENDORPATH\julio101290\boilerplate\src\Config\Routes.php(3): CodeIgniter\Router\RouteCollection->group('admin', Object(Closure))
 7 SYSTEMPATH\Router\RouteCollection.php(372): include('E:\\Fuentes\\puntoventa\\vendor\\julio101290\\boilerplate\\src\\Config\\Routes.php')
 8 SYSTEMPATH\Router\RouteCollection.php(342): CodeIgniter\Router\RouteCollection->discoverRoutes()
 9 SYSTEMPATH\CodeIgniter.php(823): CodeIgniter\Router\RouteCollection->loadRoutes()
10 SYSTEMPATH\CodeIgniter.php(457): CodeIgniter\CodeIgniter->tryToRouteIt(null)
11 SYSTEMPATH\CodeIgniter.php(355): CodeIgniter\CodeIgniter->handleRequest(null, Object(Config\Cache), false)
12 SYSTEMPATH\Boot.php(334): CodeIgniter\CodeIgniter->run()
13 SYSTEMPATH\Boot.php(67): CodeIgniter\Boot::runCodeIgniter(Object(CodeIgniter\CodeIgniter))
14 FCPATH\index.php(56): CodeIgniter\Boot::bootWeb(Object(Config\Paths))
15 SYSTEMPATH\rewrite.php(44): require_once('E:\\Fuentes\\puntoventa\\public\\index.php')
WARNING - 2025-01-12 05:04:46 --> [DEPRECATED] Passing lowercase HTTP method "post" is deprecated. Use uppercase HTTP method like "POST". in SYSTEMPATH\Router\RouteCollection.php on line 1026.
 1 SYSTEMPATH\Router\RouteCollection.php(1026): trigger_error('Passing lowercase HTTP method "post" is deprecated. Use uppercase HTTP method like "POST".', 16384)
 2 VENDORPATH\julio101290\boilerplate\src\Config\Routes.php(22): CodeIgniter\Router\RouteCollection->match([...], 'profile', 'UserController::profile', [...])
 3 SYSTEMPATH\Router\RouteCollection.php(799): CodeIgniter\Router\RouteCollection->{closure}(Object(CodeIgniter\Router\RouteCollection))
 4 VENDORPATH\julio101290\boilerplate\src\Config\Routes.php(18): CodeIgniter\Router\RouteCollection->group('user', [...], Object(Closure))
 5 SYSTEMPATH\Router\RouteCollection.php(799): CodeIgniter\Router\RouteCollection->{closure}(Object(CodeIgniter\Router\RouteCollection))
 6 VENDORPATH\julio101290\boilerplate\src\Config\Routes.php(3): CodeIgniter\Router\RouteCollection->group('admin', Object(Closure))
 7 SYSTEMPATH\Router\RouteCollection.php(372): include('E:\\Fuentes\\puntoventa\\vendor\\julio101290\\boilerplate\\src\\Config\\Routes.php')
 8 SYSTEMPATH\Router\RouteCollection.php(342): CodeIgniter\Router\RouteCollection->discoverRoutes()
 9 SYSTEMPATH\CodeIgniter.php(823): CodeIgniter\Router\RouteCollection->loadRoutes()
10 SYSTEMPATH\CodeIgniter.php(457): CodeIgniter\CodeIgniter->tryToRouteIt(null)
11 SYSTEMPATH\CodeIgniter.php(355): CodeIgniter\CodeIgniter->handleRequest(null, Object(Config\Cache), false)
12 SYSTEMPATH\Boot.php(334): CodeIgniter\CodeIgniter->run()
13 SYSTEMPATH\Boot.php(67): CodeIgniter\Boot::runCodeIgniter(Object(CodeIgniter\CodeIgniter))
14 FCPATH\index.php(56): CodeIgniter\Boot::bootWeb(Object(Config\Paths))
15 SYSTEMPATH\rewrite.php(44): require_once('E:\\Fuentes\\puntoventa\\public\\index.php')
DEBUG - 2025-01-12 05:04:46 --> Session: Class initialized using 'CodeIgniter\Session\Handlers\FileHandler' driver.
WARNING - 2025-01-12 05:04:51 --> [DEPRECATED] Passing lowercase HTTP method "get" is deprecated. Use uppercase HTTP method like "GET". in SYSTEMPATH\Router\RouteCollection.php on line 1026.
 1 SYSTEMPATH\Router\RouteCollection.php(1026): trigger_error('Passing lowercase HTTP method "get" is deprecated. Use uppercase HTTP method like "GET".', 16384)
 2 VENDORPATH\julio101290\boilerplate\src\Config\Routes.php(22): CodeIgniter\Router\RouteCollection->match([...], 'profile', 'UserController::profile', [...])
 3 SYSTEMPATH\Router\RouteCollection.php(799): CodeIgniter\Router\RouteCollection->{closure}(Object(CodeIgniter\Router\RouteCollection))
 4 VENDORPATH\julio101290\boilerplate\src\Config\Routes.php(18): CodeIgniter\Router\RouteCollection->group('user', [...], Object(Closure))
 5 SYSTEMPATH\Router\RouteCollection.php(799): CodeIgniter\Router\RouteCollection->{closure}(Object(CodeIgniter\Router\RouteCollection))
 6 VENDORPATH\julio101290\boilerplate\src\Config\Routes.php(3): CodeIgniter\Router\RouteCollection->group('admin', Object(Closure))
 7 SYSTEMPATH\Router\RouteCollection.php(372): include('E:\\Fuentes\\puntoventa\\vendor\\julio101290\\boilerplate\\src\\Config\\Routes.php')
 8 SYSTEMPATH\Router\RouteCollection.php(342): CodeIgniter\Router\RouteCollection->discoverRoutes()
 9 SYSTEMPATH\CodeIgniter.php(823): CodeIgniter\Router\RouteCollection->loadRoutes()
10 SYSTEMPATH\CodeIgniter.php(457): CodeIgniter\CodeIgniter->tryToRouteIt(null)
11 SYSTEMPATH\CodeIgniter.php(355): CodeIgniter\CodeIgniter->handleRequest(null, Object(Config\Cache), false)
12 SYSTEMPATH\Boot.php(334): CodeIgniter\CodeIgniter->run()
13 SYSTEMPATH\Boot.php(67): CodeIgniter\Boot::runCodeIgniter(Object(CodeIgniter\CodeIgniter))
14 FCPATH\index.php(56): CodeIgniter\Boot::bootWeb(Object(Config\Paths))
15 SYSTEMPATH\rewrite.php(44): require_once('E:\\Fuentes\\puntoventa\\public\\index.php')
WARNING - 2025-01-12 05:04:51 --> [DEPRECATED] Passing lowercase HTTP method "post" is deprecated. Use uppercase HTTP method like "POST". in SYSTEMPATH\Router\RouteCollection.php on line 1026.
 1 SYSTEMPATH\Router\RouteCollection.php(1026): trigger_error('Passing lowercase HTTP method "post" is deprecated. Use uppercase HTTP method like "POST".', 16384)
 2 VENDORPATH\julio101290\boilerplate\src\Config\Routes.php(22): CodeIgniter\Router\RouteCollection->match([...], 'profile', 'UserController::profile', [...])
 3 SYSTEMPATH\Router\RouteCollection.php(799): CodeIgniter\Router\RouteCollection->{closure}(Object(CodeIgniter\Router\RouteCollection))
 4 VENDORPATH\julio101290\boilerplate\src\Config\Routes.php(18): CodeIgniter\Router\RouteCollection->group('user', [...], Object(Closure))
 5 SYSTEMPATH\Router\RouteCollection.php(799): CodeIgniter\Router\RouteCollection->{closure}(Object(CodeIgniter\Router\RouteCollection))
 6 VENDORPATH\julio101290\boilerplate\src\Config\Routes.php(3): CodeIgniter\Router\RouteCollection->group('admin', Object(Closure))
 7 SYSTEMPATH\Router\RouteCollection.php(372): include('E:\\Fuentes\\puntoventa\\vendor\\julio101290\\boilerplate\\src\\Config\\Routes.php')
 8 SYSTEMPATH\Router\RouteCollection.php(342): CodeIgniter\Router\RouteCollection->discoverRoutes()
 9 SYSTEMPATH\CodeIgniter.php(823): CodeIgniter\Router\RouteCollection->loadRoutes()
10 SYSTEMPATH\CodeIgniter.php(457): CodeIgniter\CodeIgniter->tryToRouteIt(null)
11 SYSTEMPATH\CodeIgniter.php(355): CodeIgniter\CodeIgniter->handleRequest(null, Object(Config\Cache), false)
12 SYSTEMPATH\Boot.php(334): CodeIgniter\CodeIgniter->run()
13 SYSTEMPATH\Boot.php(67): CodeIgniter\Boot::runCodeIgniter(Object(CodeIgniter\CodeIgniter))
14 FCPATH\index.php(56): CodeIgniter\Boot::bootWeb(Object(Config\Paths))
15 SYSTEMPATH\rewrite.php(44): require_once('E:\\Fuentes\\puntoventa\\public\\index.php')
WARNING - 2025-01-12 05:05:00 --> [DEPRECATED] Passing lowercase HTTP method "get" is deprecated. Use uppercase HTTP method like "GET". in SYSTEMPATH\Router\RouteCollection.php on line 1026.
 1 SYSTEMPATH\Router\RouteCollection.php(1026): trigger_error('Passing lowercase HTTP method "get" is deprecated. Use uppercase HTTP method like "GET".', 16384)
 2 VENDORPATH\julio101290\boilerplate\src\Config\Routes.php(22): CodeIgniter\Router\RouteCollection->match([...], 'profile', 'UserController::profile', [...])
 3 SYSTEMPATH\Router\RouteCollection.php(799): CodeIgniter\Router\RouteCollection->{closure}(Object(CodeIgniter\Router\RouteCollection))
 4 VENDORPATH\julio101290\boilerplate\src\Config\Routes.php(18): CodeIgniter\Router\RouteCollection->group('user', [...], Object(Closure))
 5 SYSTEMPATH\Router\RouteCollection.php(799): CodeIgniter\Router\RouteCollection->{closure}(Object(CodeIgniter\Router\RouteCollection))
 6 VENDORPATH\julio101290\boilerplate\src\Config\Routes.php(3): CodeIgniter\Router\RouteCollection->group('admin', Object(Closure))
 7 SYSTEMPATH\Router\RouteCollection.php(372): include('E:\\Fuentes\\puntoventa\\vendor\\julio101290\\boilerplate\\src\\Config\\Routes.php')
 8 SYSTEMPATH\Router\RouteCollection.php(342): CodeIgniter\Router\RouteCollection->discoverRoutes()
 9 SYSTEMPATH\CodeIgniter.php(823): CodeIgniter\Router\RouteCollection->loadRoutes()
10 SYSTEMPATH\CodeIgniter.php(457): CodeIgniter\CodeIgniter->tryToRouteIt(null)
11 SYSTEMPATH\CodeIgniter.php(355): CodeIgniter\CodeIgniter->handleRequest(null, Object(Config\Cache), false)
12 SYSTEMPATH\Boot.php(334): CodeIgniter\CodeIgniter->run()
13 SYSTEMPATH\Boot.php(67): CodeIgniter\Boot::runCodeIgniter(Object(CodeIgniter\CodeIgniter))
14 FCPATH\index.php(56): CodeIgniter\Boot::bootWeb(Object(Config\Paths))
15 SYSTEMPATH\rewrite.php(44): require_once('E:\\Fuentes\\puntoventa\\public\\index.php')
WARNING - 2025-01-12 05:05:00 --> [DEPRECATED] Passing lowercase HTTP method "post" is deprecated. Use uppercase HTTP method like "POST". in SYSTEMPATH\Router\RouteCollection.php on line 1026.
 1 SYSTEMPATH\Router\RouteCollection.php(1026): trigger_error('Passing lowercase HTTP method "post" is deprecated. Use uppercase HTTP method like "POST".', 16384)
 2 VENDORPATH\julio101290\boilerplate\src\Config\Routes.php(22): CodeIgniter\Router\RouteCollection->match([...], 'profile', 'UserController::profile', [...])
 3 SYSTEMPATH\Router\RouteCollection.php(799): CodeIgniter\Router\RouteCollection->{closure}(Object(CodeIgniter\Router\RouteCollection))
 4 VENDORPATH\julio101290\boilerplate\src\Config\Routes.php(18): CodeIgniter\Router\RouteCollection->group('user', [...], Object(Closure))
 5 SYSTEMPATH\Router\RouteCollection.php(799): CodeIgniter\Router\RouteCollection->{closure}(Object(CodeIgniter\Router\RouteCollection))
 6 VENDORPATH\julio101290\boilerplate\src\Config\Routes.php(3): CodeIgniter\Router\RouteCollection->group('admin', Object(Closure))
 7 SYSTEMPATH\Router\RouteCollection.php(372): include('E:\\Fuentes\\puntoventa\\vendor\\julio101290\\boilerplate\\src\\Config\\Routes.php')
 8 SYSTEMPATH\Router\RouteCollection.php(342): CodeIgniter\Router\RouteCollection->discoverRoutes()
 9 SYSTEMPATH\CodeIgniter.php(823): CodeIgniter\Router\RouteCollection->loadRoutes()
10 SYSTEMPATH\CodeIgniter.php(457): CodeIgniter\CodeIgniter->tryToRouteIt(null)
11 SYSTEMPATH\CodeIgniter.php(355): CodeIgniter\CodeIgniter->handleRequest(null, Object(Config\Cache), false)
12 SYSTEMPATH\Boot.php(334): CodeIgniter\CodeIgniter->run()
13 SYSTEMPATH\Boot.php(67): CodeIgniter\Boot::runCodeIgniter(Object(CodeIgniter\CodeIgniter))
14 FCPATH\index.php(56): CodeIgniter\Boot::bootWeb(Object(Config\Paths))
15 SYSTEMPATH\rewrite.php(44): require_once('E:\\Fuentes\\puntoventa\\public\\index.php')
WARNING - 2025-01-12 05:05:05 --> [DEPRECATED] Passing lowercase HTTP method "get" is deprecated. Use uppercase HTTP method like "GET". in SYSTEMPATH\Router\RouteCollection.php on line 1026.
 1 SYSTEMPATH\Router\RouteCollection.php(1026): trigger_error('Passing lowercase HTTP method "get" is deprecated. Use uppercase HTTP method like "GET".', 16384)
 2 VENDORPATH\julio101290\boilerplate\src\Config\Routes.php(22): CodeIgniter\Router\RouteCollection->match([...], 'profile', 'UserController::profile', [...])
 3 SYSTEMPATH\Router\RouteCollection.php(799): CodeIgniter\Router\RouteCollection->{closure}(Object(CodeIgniter\Router\RouteCollection))
 4 VENDORPATH\julio101290\boilerplate\src\Config\Routes.php(18): CodeIgniter\Router\RouteCollection->group('user', [...], Object(Closure))
 5 SYSTEMPATH\Router\RouteCollection.php(799): CodeIgniter\Router\RouteCollection->{closure}(Object(CodeIgniter\Router\RouteCollection))
 6 VENDORPATH\julio101290\boilerplate\src\Config\Routes.php(3): CodeIgniter\Router\RouteCollection->group('admin', Object(Closure))
 7 SYSTEMPATH\Router\RouteCollection.php(372): include('E:\\Fuentes\\puntoventa\\vendor\\julio101290\\boilerplate\\src\\Config\\Routes.php')
 8 SYSTEMPATH\Router\RouteCollection.php(342): CodeIgniter\Router\RouteCollection->discoverRoutes()
 9 SYSTEMPATH\CodeIgniter.php(823): CodeIgniter\Router\RouteCollection->loadRoutes()
10 SYSTEMPATH\CodeIgniter.php(457): CodeIgniter\CodeIgniter->tryToRouteIt(null)
11 SYSTEMPATH\CodeIgniter.php(355): CodeIgniter\CodeIgniter->handleRequest(null, Object(Config\Cache), false)
12 SYSTEMPATH\Boot.php(334): CodeIgniter\CodeIgniter->run()
13 SYSTEMPATH\Boot.php(67): CodeIgniter\Boot::runCodeIgniter(Object(CodeIgniter\CodeIgniter))
14 FCPATH\index.php(56): CodeIgniter\Boot::bootWeb(Object(Config\Paths))
15 SYSTEMPATH\rewrite.php(44): require_once('E:\\Fuentes\\puntoventa\\public\\index.php')
WARNING - 2025-01-12 05:05:05 --> [DEPRECATED] Passing lowercase HTTP method "post" is deprecated. Use uppercase HTTP method like "POST". in SYSTEMPATH\Router\RouteCollection.php on line 1026.
 1 SYSTEMPATH\Router\RouteCollection.php(1026): trigger_error('Passing lowercase HTTP method "post" is deprecated. Use uppercase HTTP method like "POST".', 16384)
 2 VENDORPATH\julio101290\boilerplate\src\Config\Routes.php(22): CodeIgniter\Router\RouteCollection->match([...], 'profile', 'UserController::profile', [...])
 3 SYSTEMPATH\Router\RouteCollection.php(799): CodeIgniter\Router\RouteCollection->{closure}(Object(CodeIgniter\Router\RouteCollection))
 4 VENDORPATH\julio101290\boilerplate\src\Config\Routes.php(18): CodeIgniter\Router\RouteCollection->group('user', [...], Object(Closure))
 5 SYSTEMPATH\Router\RouteCollection.php(799): CodeIgniter\Router\RouteCollection->{closure}(Object(CodeIgniter\Router\RouteCollection))
 6 VENDORPATH\julio101290\boilerplate\src\Config\Routes.php(3): CodeIgniter\Router\RouteCollection->group('admin', Object(Closure))
 7 SYSTEMPATH\Router\RouteCollection.php(372): include('E:\\Fuentes\\puntoventa\\vendor\\julio101290\\boilerplate\\src\\Config\\Routes.php')
 8 SYSTEMPATH\Router\RouteCollection.php(342): CodeIgniter\Router\RouteCollection->discoverRoutes()
 9 SYSTEMPATH\CodeIgniter.php(823): CodeIgniter\Router\RouteCollection->loadRoutes()
10 SYSTEMPATH\CodeIgniter.php(457): CodeIgniter\CodeIgniter->tryToRouteIt(null)
11 SYSTEMPATH\CodeIgniter.php(355): CodeIgniter\CodeIgniter->handleRequest(null, Object(Config\Cache), false)
12 SYSTEMPATH\Boot.php(334): CodeIgniter\CodeIgniter->run()
13 SYSTEMPATH\Boot.php(67): CodeIgniter\Boot::runCodeIgniter(Object(CodeIgniter\CodeIgniter))
14 FCPATH\index.php(56): CodeIgniter\Boot::bootWeb(Object(Config\Paths))
15 SYSTEMPATH\rewrite.php(44): require_once('E:\\Fuentes\\puntoventa\\public\\index.php')
WARNING - 2025-01-12 05:05:09 --> [DEPRECATED] Passing lowercase HTTP method "get" is deprecated. Use uppercase HTTP method like "GET". in SYSTEMPATH\Router\RouteCollection.php on line 1026.
 1 SYSTEMPATH\Router\RouteCollection.php(1026): trigger_error('Passing lowercase HTTP method "get" is deprecated. Use uppercase HTTP method like "GET".', 16384)
 2 VENDORPATH\julio101290\boilerplate\src\Config\Routes.php(22): CodeIgniter\Router\RouteCollection->match([...], 'profile', 'UserController::profile', [...])
 3 SYSTEMPATH\Router\RouteCollection.php(799): CodeIgniter\Router\RouteCollection->{closure}(Object(CodeIgniter\Router\RouteCollection))
 4 VENDORPATH\julio101290\boilerplate\src\Config\Routes.php(18): CodeIgniter\Router\RouteCollection->group('user', [...], Object(Closure))
 5 SYSTEMPATH\Router\RouteCollection.php(799): CodeIgniter\Router\RouteCollection->{closure}(Object(CodeIgniter\Router\RouteCollection))
 6 VENDORPATH\julio101290\boilerplate\src\Config\Routes.php(3): CodeIgniter\Router\RouteCollection->group('admin', Object(Closure))
 7 SYSTEMPATH\Router\RouteCollection.php(372): include('E:\\Fuentes\\puntoventa\\vendor\\julio101290\\boilerplate\\src\\Config\\Routes.php')
 8 SYSTEMPATH\Router\RouteCollection.php(342): CodeIgniter\Router\RouteCollection->discoverRoutes()
 9 SYSTEMPATH\CodeIgniter.php(823): CodeIgniter\Router\RouteCollection->loadRoutes()
10 SYSTEMPATH\CodeIgniter.php(457): CodeIgniter\CodeIgniter->tryToRouteIt(null)
11 SYSTEMPATH\CodeIgniter.php(355): CodeIgniter\CodeIgniter->handleRequest(null, Object(Config\Cache), false)
12 SYSTEMPATH\Boot.php(334): CodeIgniter\CodeIgniter->run()
13 SYSTEMPATH\Boot.php(67): CodeIgniter\Boot::runCodeIgniter(Object(CodeIgniter\CodeIgniter))
14 FCPATH\index.php(56): CodeIgniter\Boot::bootWeb(Object(Config\Paths))
15 SYSTEMPATH\rewrite.php(44): require_once('E:\\Fuentes\\puntoventa\\public\\index.php')
WARNING - 2025-01-12 05:05:09 --> [DEPRECATED] Passing lowercase HTTP method "post" is deprecated. Use uppercase HTTP method like "POST". in SYSTEMPATH\Router\RouteCollection.php on line 1026.
 1 SYSTEMPATH\Router\RouteCollection.php(1026): trigger_error('Passing lowercase HTTP method "post" is deprecated. Use uppercase HTTP method like "POST".', 16384)
 2 VENDORPATH\julio101290\boilerplate\src\Config\Routes.php(22): CodeIgniter\Router\RouteCollection->match([...], 'profile', 'UserController::profile', [...])
 3 SYSTEMPATH\Router\RouteCollection.php(799): CodeIgniter\Router\RouteCollection->{closure}(Object(CodeIgniter\Router\RouteCollection))
 4 VENDORPATH\julio101290\boilerplate\src\Config\Routes.php(18): CodeIgniter\Router\RouteCollection->group('user', [...], Object(Closure))
 5 SYSTEMPATH\Router\RouteCollection.php(799): CodeIgniter\Router\RouteCollection->{closure}(Object(CodeIgniter\Router\RouteCollection))
 6 VENDORPATH\julio101290\boilerplate\src\Config\Routes.php(3): CodeIgniter\Router\RouteCollection->group('admin', Object(Closure))
 7 SYSTEMPATH\Router\RouteCollection.php(372): include('E:\\Fuentes\\puntoventa\\vendor\\julio101290\\boilerplate\\src\\Config\\Routes.php')
 8 SYSTEMPATH\Router\RouteCollection.php(342): CodeIgniter\Router\RouteCollection->discoverRoutes()
 9 SYSTEMPATH\CodeIgniter.php(823): CodeIgniter\Router\RouteCollection->loadRoutes()
10 SYSTEMPATH\CodeIgniter.php(457): CodeIgniter\CodeIgniter->tryToRouteIt(null)
11 SYSTEMPATH\CodeIgniter.php(355): CodeIgniter\CodeIgniter->handleRequest(null, Object(Config\Cache), false)
12 SYSTEMPATH\Boot.php(334): CodeIgniter\CodeIgniter->run()
13 SYSTEMPATH\Boot.php(67): CodeIgniter\Boot::runCodeIgniter(Object(CodeIgniter\CodeIgniter))
14 FCPATH\index.php(56): CodeIgniter\Boot::bootWeb(Object(Config\Paths))
15 SYSTEMPATH\rewrite.php(44): require_once('E:\\Fuentes\\puntoventa\\public\\index.php')
WARNING - 2025-01-12 05:05:09 --> [DEPRECATED] Passing lowercase HTTP method "get" is deprecated. Use uppercase HTTP method like "GET". in SYSTEMPATH\Router\RouteCollection.php on line 1026.
 1 SYSTEMPATH\Router\RouteCollection.php(1026): trigger_error('Passing lowercase HTTP method "get" is deprecated. Use uppercase HTTP method like "GET".', 16384)
 2 VENDORPATH\julio101290\boilerplate\src\Config\Routes.php(22): CodeIgniter\Router\RouteCollection->match([...], 'profile', 'UserController::profile', [...])
 3 SYSTEMPATH\Router\RouteCollection.php(799): CodeIgniter\Router\RouteCollection->{closure}(Object(CodeIgniter\Router\RouteCollection))
 4 VENDORPATH\julio101290\boilerplate\src\Config\Routes.php(18): CodeIgniter\Router\RouteCollection->group('user', [...], Object(Closure))
 5 SYSTEMPATH\Router\RouteCollection.php(799): CodeIgniter\Router\RouteCollection->{closure}(Object(CodeIgniter\Router\RouteCollection))
 6 VENDORPATH\julio101290\boilerplate\src\Config\Routes.php(3): CodeIgniter\Router\RouteCollection->group('admin', Object(Closure))
 7 SYSTEMPATH\Router\RouteCollection.php(372): include('E:\\Fuentes\\puntoventa\\vendor\\julio101290\\boilerplate\\src\\Config\\Routes.php')
 8 SYSTEMPATH\Router\RouteCollection.php(342): CodeIgniter\Router\RouteCollection->discoverRoutes()
 9 SYSTEMPATH\CodeIgniter.php(823): CodeIgniter\Router\RouteCollection->loadRoutes()
10 SYSTEMPATH\CodeIgniter.php(457): CodeIgniter\CodeIgniter->tryToRouteIt(null)
11 SYSTEMPATH\CodeIgniter.php(355): CodeIgniter\CodeIgniter->handleRequest(null, Object(Config\Cache), false)
12 SYSTEMPATH\Boot.php(334): CodeIgniter\CodeIgniter->run()
13 SYSTEMPATH\Boot.php(67): CodeIgniter\Boot::runCodeIgniter(Object(CodeIgniter\CodeIgniter))
14 FCPATH\index.php(56): CodeIgniter\Boot::bootWeb(Object(Config\Paths))
15 SYSTEMPATH\rewrite.php(44): require_once('E:\\Fuentes\\puntoventa\\public\\index.php')
WARNING - 2025-01-12 05:05:09 --> [DEPRECATED] Passing lowercase HTTP method "post" is deprecated. Use uppercase HTTP method like "POST". in SYSTEMPATH\Router\RouteCollection.php on line 1026.
 1 SYSTEMPATH\Router\RouteCollection.php(1026): trigger_error('Passing lowercase HTTP method "post" is deprecated. Use uppercase HTTP method like "POST".', 16384)
 2 VENDORPATH\julio101290\boilerplate\src\Config\Routes.php(22): CodeIgniter\Router\RouteCollection->match([...], 'profile', 'UserController::profile', [...])
 3 SYSTEMPATH\Router\RouteCollection.php(799): CodeIgniter\Router\RouteCollection->{closure}(Object(CodeIgniter\Router\RouteCollection))
 4 VENDORPATH\julio101290\boilerplate\src\Config\Routes.php(18): CodeIgniter\Router\RouteCollection->group('user', [...], Object(Closure))
 5 SYSTEMPATH\Router\RouteCollection.php(799): CodeIgniter\Router\RouteCollection->{closure}(Object(CodeIgniter\Router\RouteCollection))
 6 VENDORPATH\julio101290\boilerplate\src\Config\Routes.php(3): CodeIgniter\Router\RouteCollection->group('admin', Object(Closure))
 7 SYSTEMPATH\Router\RouteCollection.php(372): include('E:\\Fuentes\\puntoventa\\vendor\\julio101290\\boilerplate\\src\\Config\\Routes.php')
 8 SYSTEMPATH\Router\RouteCollection.php(342): CodeIgniter\Router\RouteCollection->discoverRoutes()
 9 SYSTEMPATH\CodeIgniter.php(823): CodeIgniter\Router\RouteCollection->loadRoutes()
10 SYSTEMPATH\CodeIgniter.php(457): CodeIgniter\CodeIgniter->tryToRouteIt(null)
11 SYSTEMPATH\CodeIgniter.php(355): CodeIgniter\CodeIgniter->handleRequest(null, Object(Config\Cache), false)
12 SYSTEMPATH\Boot.php(334): CodeIgniter\CodeIgniter->run()
13 SYSTEMPATH\Boot.php(67): CodeIgniter\Boot::runCodeIgniter(Object(CodeIgniter\CodeIgniter))
14 FCPATH\index.php(56): CodeIgniter\Boot::bootWeb(Object(Config\Paths))
15 SYSTEMPATH\rewrite.php(44): require_once('E:\\Fuentes\\puntoventa\\public\\index.php')
