CRITICAL - 2025-05-23 22:32:47 --> Error: Interface "Laminas\Escaper\EscaperInterface" not found
[Method: CLI, Route: serve]
in VENDORPATH/laminas/laminas-escaper/src/Escaper.php on line 33.
 1 VENDORPATH/composer/ClassLoader.php(576): include()
 2 VENDORPATH/composer/ClassLoader.php(427): Composer\Autoload\{closure}()
 3 SYSTEMPATH/Common.php(443): Composer\Autoload\ClassLoader->loadClass()
 4 SYSTEMPATH/Router/RouteCollection.php(1447): esc()
 5 SYSTEMPATH/Router/RouteCollection.php(1052): CodeIgniter\Router\RouteCollection->create()
 6 APPPATH/Config/Routes.php(8): CodeIgniter\Router\RouteCollection->get()
 7 SYSTEMPATH/Router/RouteCollection.php(339): require('/home/juliocesar/fuentes/ci4jcposv2/app/Config/Routes.php')
 8 SYSTEMPATH/CLI/Console.php(41): CodeIgniter\Router\RouteCollection->loadRoutes()
 9 SYSTEMPATH/Boot.php(360): CodeIgniter\CLI\Console->run()
10 SYSTEMPATH/Boot.php(104): CodeIgniter\Boot::runCommand()
11 ROOTPATH/spark(84): CodeIgniter\Boot::bootSpark()
CRITICAL - 2025-05-23 22:35:23 --> Error: Interface "Laminas\Escaper\EscaperInterface" not found
[Method: CLI, Route: serve]
in VENDORPATH/laminas/laminas-escaper/src/Escaper.php on line 33.
 1 VENDORPATH/composer/ClassLoader.php(576): include()
 2 VENDORPATH/composer/ClassLoader.php(427): Composer\Autoload\{closure}()
 3 SYSTEMPATH/Common.php(443): Composer\Autoload\ClassLoader->loadClass()
 4 SYSTEMPATH/Router/RouteCollection.php(1447): esc()
 5 SYSTEMPATH/Router/RouteCollection.php(1052): CodeIgniter\Router\RouteCollection->create()
 6 APPPATH/Config/Routes.php(8): CodeIgniter\Router\RouteCollection->get()
 7 SYSTEMPATH/Router/RouteCollection.php(339): require('/home/juliocesar/fuentes/ci4jcposv2/app/Config/Routes.php')
 8 SYSTEMPATH/CLI/Console.php(41): CodeIgniter\Router\RouteCollection->loadRoutes()
 9 SYSTEMPATH/Boot.php(360): CodeIgniter\CLI\Console->run()
10 SYSTEMPATH/Boot.php(104): CodeIgniter\Boot::runCommand()
11 ROOTPATH/spark(84): CodeIgniter\Boot::bootSpark()
CRITICAL - 2025-05-23 22:35:43 --> Error: Interface "Laminas\Escaper\EscaperInterface" not found
[Method: CLI, Route: /]
in VENDORPATH/laminas/laminas-escaper/src/Escaper.php on line 33.
 1 VENDORPATH/composer/ClassLoader.php(576): include()
 2 VENDORPATH/composer/ClassLoader.php(427): Composer\Autoload\{closure}()
 3 SYSTEMPATH/Common.php(443): Composer\Autoload\ClassLoader->loadClass()
 4 SYSTEMPATH/Router/RouteCollection.php(1447): esc()
 5 SYSTEMPATH/Router/RouteCollection.php(1052): CodeIgniter\Router\RouteCollection->create()
 6 APPPATH/Config/Routes.php(8): CodeIgniter\Router\RouteCollection->get()
 7 SYSTEMPATH/Router/RouteCollection.php(339): require('/home/juliocesar/fuentes/ci4jcposv2/app/Config/Routes.php')
 8 SYSTEMPATH/CLI/Console.php(41): CodeIgniter\Router\RouteCollection->loadRoutes()
 9 SYSTEMPATH/Boot.php(360): CodeIgniter\CLI\Console->run()
10 SYSTEMPATH/Boot.php(104): CodeIgniter\Boot::runCommand()
11 ROOTPATH/spark(84): CodeIgniter\Boot::bootSpark()
CRITICAL - 2025-05-23 22:40:33 --> Error: Interface "Laminas\Escaper\EscaperInterface" not found
[Method: CLI, Route: serve]
in VENDORPATH/laminas/laminas-escaper/src/Escaper.php on line 33.
 1 VENDORPATH/composer/ClassLoader.php(576): include()
 2 VENDORPATH/composer/ClassLoader.php(427): Composer\Autoload\{closure}()
 3 SYSTEMPATH/Common.php(443): Composer\Autoload\ClassLoader->loadClass()
 4 SYSTEMPATH/Router/RouteCollection.php(1447): esc()
 5 SYSTEMPATH/Router/RouteCollection.php(1052): CodeIgniter\Router\RouteCollection->create()
 6 APPPATH/Config/Routes.php(8): CodeIgniter\Router\RouteCollection->get()
 7 SYSTEMPATH/Router/RouteCollection.php(339): require('/home/juliocesar/fuentes/ci4jcposv2/app/Config/Routes.php')
 8 SYSTEMPATH/CLI/Console.php(41): CodeIgniter\Router\RouteCollection->loadRoutes()
 9 SYSTEMPATH/Boot.php(360): CodeIgniter\CLI\Console->run()
10 SYSTEMPATH/Boot.php(104): CodeIgniter\Boot::runCommand()
11 ROOTPATH/spark(87): CodeIgniter\Boot::bootSpark()
CRITICAL - 2025-05-23 22:42:10 --> Error: Interface "Laminas\Escaper\EscaperInterface" not found
[Method: CLI, Route: serve]
in VENDORPATH/laminas/laminas-escaper/src/Escaper.php on line 33.
 1 VENDORPATH/composer/ClassLoader.php(576): include()
 2 VENDORPATH/composer/ClassLoader.php(427): Composer\Autoload\{closure}()
 3 SYSTEMPATH/Common.php(443): Composer\Autoload\ClassLoader->loadClass()
 4 SYSTEMPATH/Router/RouteCollection.php(1447): esc()
 5 SYSTEMPATH/Router/RouteCollection.php(1052): CodeIgniter\Router\RouteCollection->create()
 6 APPPATH/Config/Routes.php(8): CodeIgniter\Router\RouteCollection->get()
 7 SYSTEMPATH/Router/RouteCollection.php(339): require('/home/juliocesar/fuentes/ci4jcposv2/app/Config/Routes.php')
 8 SYSTEMPATH/CLI/Console.php(41): CodeIgniter\Router\RouteCollection->loadRoutes()
 9 SYSTEMPATH/Boot.php(360): CodeIgniter\CLI\Console->run()
10 SYSTEMPATH/Boot.php(104): CodeIgniter\Boot::runCommand()
11 ROOTPATH/spark(87): CodeIgniter\Boot::bootSpark()
WARNING - 2025-05-23 22:44:54 --> [DEPRECATED] Passing lowercase HTTP method "get" is deprecated. Use uppercase HTTP method like "GET". in SYSTEMPATH/Router/RouteCollection.php on line 1026.
 1 SYSTEMPATH/Router/RouteCollection.php(1026): trigger_error('Passing lowercase HTTP method "get" is deprecated. Use uppercase HTTP method like "GET".', 16384)
 2 VENDORPATH/julio101290/boilerplate/src/Config/Routes.php(22): CodeIgniter\Router\RouteCollection->match([...], 'profile', 'UserController::profile', [...])
 3 SYSTEMPATH/Router/RouteCollection.php(799): CodeIgniter\Router\RouteCollection->{closure}(Object(CodeIgniter\Router\RouteCollection))
 4 VENDORPATH/julio101290/boilerplate/src/Config/Routes.php(18): CodeIgniter\Router\RouteCollection->group('user', [...], Object(Closure))
 5 SYSTEMPATH/Router/RouteCollection.php(799): CodeIgniter\Router\RouteCollection->{closure}(Object(CodeIgniter\Router\RouteCollection))
 6 VENDORPATH/julio101290/boilerplate/src/Config/Routes.php(3): CodeIgniter\Router\RouteCollection->group('admin', Object(Closure))
 7 SYSTEMPATH/Router/RouteCollection.php(372): include('/home/juliocesar/fuentes/ci4jcposv2/vendor/julio101290/boilerplate/src/Config/Routes.php')
 8 SYSTEMPATH/Router/RouteCollection.php(342): CodeIgniter\Router\RouteCollection->discoverRoutes()
 9 SYSTEMPATH/CLI/Console.php(41): CodeIgniter\Router\RouteCollection->loadRoutes()
10 SYSTEMPATH/Boot.php(360): CodeIgniter\CLI\Console->run()
11 SYSTEMPATH/Boot.php(104): CodeIgniter\Boot::runCommand(Object(CodeIgniter\CLI\Console))
12 ROOTPATH/spark(87): CodeIgniter\Boot::bootSpark(Object(Config\Paths))
WARNING - 2025-05-23 22:44:54 --> [DEPRECATED] Passing lowercase HTTP method "post" is deprecated. Use uppercase HTTP method like "POST". in SYSTEMPATH/Router/RouteCollection.php on line 1026.
 1 SYSTEMPATH/Router/RouteCollection.php(1026): trigger_error('Passing lowercase HTTP method "post" is deprecated. Use uppercase HTTP method like "POST".', 16384)
 2 VENDORPATH/julio101290/boilerplate/src/Config/Routes.php(22): CodeIgniter\Router\RouteCollection->match([...], 'profile', 'UserController::profile', [...])
 3 SYSTEMPATH/Router/RouteCollection.php(799): CodeIgniter\Router\RouteCollection->{closure}(Object(CodeIgniter\Router\RouteCollection))
 4 VENDORPATH/julio101290/boilerplate/src/Config/Routes.php(18): CodeIgniter\Router\RouteCollection->group('user', [...], Object(Closure))
 5 SYSTEMPATH/Router/RouteCollection.php(799): CodeIgniter\Router\RouteCollection->{closure}(Object(CodeIgniter\Router\RouteCollection))
 6 VENDORPATH/julio101290/boilerplate/src/Config/Routes.php(3): CodeIgniter\Router\RouteCollection->group('admin', Object(Closure))
 7 SYSTEMPATH/Router/RouteCollection.php(372): include('/home/juliocesar/fuentes/ci4jcposv2/vendor/julio101290/boilerplate/src/Config/Routes.php')
 8 SYSTEMPATH/Router/RouteCollection.php(342): CodeIgniter\Router\RouteCollection->discoverRoutes()
 9 SYSTEMPATH/CLI/Console.php(41): CodeIgniter\Router\RouteCollection->loadRoutes()
10 SYSTEMPATH/Boot.php(360): CodeIgniter\CLI\Console->run()
11 SYSTEMPATH/Boot.php(104): CodeIgniter\Boot::runCommand(Object(CodeIgniter\CLI\Console))
12 ROOTPATH/spark(87): CodeIgniter\Boot::bootSpark(Object(Config\Paths))
WARNING - 2025-05-23 22:45:23 --> [DEPRECATED] Passing lowercase HTTP method "get" is deprecated. Use uppercase HTTP method like "GET". in SYSTEMPATH/Router/RouteCollection.php on line 1026.
 1 SYSTEMPATH/Router/RouteCollection.php(1026): trigger_error('Passing lowercase HTTP method "get" is deprecated. Use uppercase HTTP method like "GET".', 16384)
 2 VENDORPATH/julio101290/boilerplate/src/Config/Routes.php(22): CodeIgniter\Router\RouteCollection->match([...], 'profile', 'UserController::profile', [...])
 3 SYSTEMPATH/Router/RouteCollection.php(799): CodeIgniter\Router\RouteCollection->{closure}(Object(CodeIgniter\Router\RouteCollection))
 4 VENDORPATH/julio101290/boilerplate/src/Config/Routes.php(18): CodeIgniter\Router\RouteCollection->group('user', [...], Object(Closure))
 5 SYSTEMPATH/Router/RouteCollection.php(799): CodeIgniter\Router\RouteCollection->{closure}(Object(CodeIgniter\Router\RouteCollection))
 6 VENDORPATH/julio101290/boilerplate/src/Config/Routes.php(3): CodeIgniter\Router\RouteCollection->group('admin', Object(Closure))
 7 SYSTEMPATH/Router/RouteCollection.php(372): include('/home/juliocesar/fuentes/ci4jcposv2/vendor/julio101290/boilerplate/src/Config/Routes.php')
 8 SYSTEMPATH/Router/RouteCollection.php(342): CodeIgniter\Router\RouteCollection->discoverRoutes()
 9 SYSTEMPATH/CodeIgniter.php(821): CodeIgniter\Router\RouteCollection->loadRoutes()
10 SYSTEMPATH/CodeIgniter.php(455): CodeIgniter\CodeIgniter->tryToRouteIt(null)
11 SYSTEMPATH/CodeIgniter.php(354): CodeIgniter\CodeIgniter->handleRequest(null, Object(Config\Cache), false)
12 SYSTEMPATH/Boot.php(334): CodeIgniter\CodeIgniter->run()
13 SYSTEMPATH/Boot.php(67): CodeIgniter\Boot::runCodeIgniter(Object(CodeIgniter\CodeIgniter))
14 FCPATH/index.php(56): CodeIgniter\Boot::bootWeb(Object(Config\Paths))
15 SYSTEMPATH/rewrite.php(44): require_once('/home/juliocesar/fuentes/ci4jcposv2/public/index.php')
WARNING - 2025-05-23 22:45:23 --> [DEPRECATED] Passing lowercase HTTP method "post" is deprecated. Use uppercase HTTP method like "POST". in SYSTEMPATH/Router/RouteCollection.php on line 1026.
 1 SYSTEMPATH/Router/RouteCollection.php(1026): trigger_error('Passing lowercase HTTP method "post" is deprecated. Use uppercase HTTP method like "POST".', 16384)
 2 VENDORPATH/julio101290/boilerplate/src/Config/Routes.php(22): CodeIgniter\Router\RouteCollection->match([...], 'profile', 'UserController::profile', [...])
 3 SYSTEMPATH/Router/RouteCollection.php(799): CodeIgniter\Router\RouteCollection->{closure}(Object(CodeIgniter\Router\RouteCollection))
 4 VENDORPATH/julio101290/boilerplate/src/Config/Routes.php(18): CodeIgniter\Router\RouteCollection->group('user', [...], Object(Closure))
 5 SYSTEMPATH/Router/RouteCollection.php(799): CodeIgniter\Router\RouteCollection->{closure}(Object(CodeIgniter\Router\RouteCollection))
 6 VENDORPATH/julio101290/boilerplate/src/Config/Routes.php(3): CodeIgniter\Router\RouteCollection->group('admin', Object(Closure))
 7 SYSTEMPATH/Router/RouteCollection.php(372): include('/home/juliocesar/fuentes/ci4jcposv2/vendor/julio101290/boilerplate/src/Config/Routes.php')
 8 SYSTEMPATH/Router/RouteCollection.php(342): CodeIgniter\Router\RouteCollection->discoverRoutes()
 9 SYSTEMPATH/CodeIgniter.php(821): CodeIgniter\Router\RouteCollection->loadRoutes()
10 SYSTEMPATH/CodeIgniter.php(455): CodeIgniter\CodeIgniter->tryToRouteIt(null)
11 SYSTEMPATH/CodeIgniter.php(354): CodeIgniter\CodeIgniter->handleRequest(null, Object(Config\Cache), false)
12 SYSTEMPATH/Boot.php(334): CodeIgniter\CodeIgniter->run()
13 SYSTEMPATH/Boot.php(67): CodeIgniter\Boot::runCodeIgniter(Object(CodeIgniter\CodeIgniter))
14 FCPATH/index.php(56): CodeIgniter\Boot::bootWeb(Object(Config\Paths))
15 SYSTEMPATH/rewrite.php(44): require_once('/home/juliocesar/fuentes/ci4jcposv2/public/index.php')
DEBUG - 2025-05-23 22:45:23 --> Session: Class initialized using 'CodeIgniter\Session\Handlers\FileHandler' driver.
WARNING - 2025-05-23 22:45:23 --> [DEPRECATED] Passing lowercase HTTP method "get" is deprecated. Use uppercase HTTP method like "GET". in SYSTEMPATH/Router/RouteCollection.php on line 1026.
 1 SYSTEMPATH/Router/RouteCollection.php(1026): trigger_error('Passing lowercase HTTP method "get" is deprecated. Use uppercase HTTP method like "GET".', 16384)
 2 VENDORPATH/julio101290/boilerplate/src/Config/Routes.php(22): CodeIgniter\Router\RouteCollection->match([...], 'profile', 'UserController::profile', [...])
 3 SYSTEMPATH/Router/RouteCollection.php(799): CodeIgniter\Router\RouteCollection->{closure}(Object(CodeIgniter\Router\RouteCollection))
 4 VENDORPATH/julio101290/boilerplate/src/Config/Routes.php(18): CodeIgniter\Router\RouteCollection->group('user', [...], Object(Closure))
 5 SYSTEMPATH/Router/RouteCollection.php(799): CodeIgniter\Router\RouteCollection->{closure}(Object(CodeIgniter\Router\RouteCollection))
 6 VENDORPATH/julio101290/boilerplate/src/Config/Routes.php(3): CodeIgniter\Router\RouteCollection->group('admin', Object(Closure))
 7 SYSTEMPATH/Router/RouteCollection.php(372): include('/home/juliocesar/fuentes/ci4jcposv2/vendor/julio101290/boilerplate/src/Config/Routes.php')
 8 SYSTEMPATH/Router/RouteCollection.php(342): CodeIgniter\Router\RouteCollection->discoverRoutes()
 9 SYSTEMPATH/CodeIgniter.php(821): CodeIgniter\Router\RouteCollection->loadRoutes()
10 SYSTEMPATH/CodeIgniter.php(455): CodeIgniter\CodeIgniter->tryToRouteIt(null)
11 SYSTEMPATH/CodeIgniter.php(354): CodeIgniter\CodeIgniter->handleRequest(null, Object(Config\Cache), false)
12 SYSTEMPATH/Boot.php(334): CodeIgniter\CodeIgniter->run()
13 SYSTEMPATH/Boot.php(67): CodeIgniter\Boot::runCodeIgniter(Object(CodeIgniter\CodeIgniter))
14 FCPATH/index.php(56): CodeIgniter\Boot::bootWeb(Object(Config\Paths))
15 SYSTEMPATH/rewrite.php(44): require_once('/home/juliocesar/fuentes/ci4jcposv2/public/index.php')
WARNING - 2025-05-23 22:45:23 --> [DEPRECATED] Passing lowercase HTTP method "post" is deprecated. Use uppercase HTTP method like "POST". in SYSTEMPATH/Router/RouteCollection.php on line 1026.
 1 SYSTEMPATH/Router/RouteCollection.php(1026): trigger_error('Passing lowercase HTTP method "post" is deprecated. Use uppercase HTTP method like "POST".', 16384)
 2 VENDORPATH/julio101290/boilerplate/src/Config/Routes.php(22): CodeIgniter\Router\RouteCollection->match([...], 'profile', 'UserController::profile', [...])
 3 SYSTEMPATH/Router/RouteCollection.php(799): CodeIgniter\Router\RouteCollection->{closure}(Object(CodeIgniter\Router\RouteCollection))
 4 VENDORPATH/julio101290/boilerplate/src/Config/Routes.php(18): CodeIgniter\Router\RouteCollection->group('user', [...], Object(Closure))
 5 SYSTEMPATH/Router/RouteCollection.php(799): CodeIgniter\Router\RouteCollection->{closure}(Object(CodeIgniter\Router\RouteCollection))
 6 VENDORPATH/julio101290/boilerplate/src/Config/Routes.php(3): CodeIgniter\Router\RouteCollection->group('admin', Object(Closure))
 7 SYSTEMPATH/Router/RouteCollection.php(372): include('/home/juliocesar/fuentes/ci4jcposv2/vendor/julio101290/boilerplate/src/Config/Routes.php')
 8 SYSTEMPATH/Router/RouteCollection.php(342): CodeIgniter\Router\RouteCollection->discoverRoutes()
 9 SYSTEMPATH/CodeIgniter.php(821): CodeIgniter\Router\RouteCollection->loadRoutes()
10 SYSTEMPATH/CodeIgniter.php(455): CodeIgniter\CodeIgniter->tryToRouteIt(null)
11 SYSTEMPATH/CodeIgniter.php(354): CodeIgniter\CodeIgniter->handleRequest(null, Object(Config\Cache), false)
12 SYSTEMPATH/Boot.php(334): CodeIgniter\CodeIgniter->run()
13 SYSTEMPATH/Boot.php(67): CodeIgniter\Boot::runCodeIgniter(Object(CodeIgniter\CodeIgniter))
14 FCPATH/index.php(56): CodeIgniter\Boot::bootWeb(Object(Config\Paths))
15 SYSTEMPATH/rewrite.php(44): require_once('/home/juliocesar/fuentes/ci4jcposv2/public/index.php')
DEBUG - 2025-05-23 22:45:23 --> Session: Class initialized using 'CodeIgniter\Session\Handlers\FileHandler' driver.
WARNING - 2025-05-23 22:45:30 --> [DEPRECATED] Passing lowercase HTTP method "get" is deprecated. Use uppercase HTTP method like "GET". in SYSTEMPATH/Router/RouteCollection.php on line 1026.
 1 SYSTEMPATH/Router/RouteCollection.php(1026): trigger_error('Passing lowercase HTTP method "get" is deprecated. Use uppercase HTTP method like "GET".', 16384)
 2 VENDORPATH/julio101290/boilerplate/src/Config/Routes.php(22): CodeIgniter\Router\RouteCollection->match([...], 'profile', 'UserController::profile', [...])
 3 SYSTEMPATH/Router/RouteCollection.php(799): CodeIgniter\Router\RouteCollection->{closure}(Object(CodeIgniter\Router\RouteCollection))
 4 VENDORPATH/julio101290/boilerplate/src/Config/Routes.php(18): CodeIgniter\Router\RouteCollection->group('user', [...], Object(Closure))
 5 SYSTEMPATH/Router/RouteCollection.php(799): CodeIgniter\Router\RouteCollection->{closure}(Object(CodeIgniter\Router\RouteCollection))
 6 VENDORPATH/julio101290/boilerplate/src/Config/Routes.php(3): CodeIgniter\Router\RouteCollection->group('admin', Object(Closure))
 7 SYSTEMPATH/Router/RouteCollection.php(372): include('/home/juliocesar/fuentes/ci4jcposv2/vendor/julio101290/boilerplate/src/Config/Routes.php')
 8 SYSTEMPATH/Router/RouteCollection.php(342): CodeIgniter\Router\RouteCollection->discoverRoutes()
 9 SYSTEMPATH/CodeIgniter.php(821): CodeIgniter\Router\RouteCollection->loadRoutes()
10 SYSTEMPATH/CodeIgniter.php(455): CodeIgniter\CodeIgniter->tryToRouteIt(null)
11 SYSTEMPATH/CodeIgniter.php(354): CodeIgniter\CodeIgniter->handleRequest(null, Object(Config\Cache), false)
12 SYSTEMPATH/Boot.php(334): CodeIgniter\CodeIgniter->run()
13 SYSTEMPATH/Boot.php(67): CodeIgniter\Boot::runCodeIgniter(Object(CodeIgniter\CodeIgniter))
14 FCPATH/index.php(56): CodeIgniter\Boot::bootWeb(Object(Config\Paths))
15 SYSTEMPATH/rewrite.php(44): require_once('/home/juliocesar/fuentes/ci4jcposv2/public/index.php')
WARNING - 2025-05-23 22:45:30 --> [DEPRECATED] Passing lowercase HTTP method "post" is deprecated. Use uppercase HTTP method like "POST". in SYSTEMPATH/Router/RouteCollection.php on line 1026.
 1 SYSTEMPATH/Router/RouteCollection.php(1026): trigger_error('Passing lowercase HTTP method "post" is deprecated. Use uppercase HTTP method like "POST".', 16384)
 2 VENDORPATH/julio101290/boilerplate/src/Config/Routes.php(22): CodeIgniter\Router\RouteCollection->match([...], 'profile', 'UserController::profile', [...])
 3 SYSTEMPATH/Router/RouteCollection.php(799): CodeIgniter\Router\RouteCollection->{closure}(Object(CodeIgniter\Router\RouteCollection))
 4 VENDORPATH/julio101290/boilerplate/src/Config/Routes.php(18): CodeIgniter\Router\RouteCollection->group('user', [...], Object(Closure))
 5 SYSTEMPATH/Router/RouteCollection.php(799): CodeIgniter\Router\RouteCollection->{closure}(Object(CodeIgniter\Router\RouteCollection))
 6 VENDORPATH/julio101290/boilerplate/src/Config/Routes.php(3): CodeIgniter\Router\RouteCollection->group('admin', Object(Closure))
 7 SYSTEMPATH/Router/RouteCollection.php(372): include('/home/juliocesar/fuentes/ci4jcposv2/vendor/julio101290/boilerplate/src/Config/Routes.php')
 8 SYSTEMPATH/Router/RouteCollection.php(342): CodeIgniter\Router\RouteCollection->discoverRoutes()
 9 SYSTEMPATH/CodeIgniter.php(821): CodeIgniter\Router\RouteCollection->loadRoutes()
10 SYSTEMPATH/CodeIgniter.php(455): CodeIgniter\CodeIgniter->tryToRouteIt(null)
11 SYSTEMPATH/CodeIgniter.php(354): CodeIgniter\CodeIgniter->handleRequest(null, Object(Config\Cache), false)
12 SYSTEMPATH/Boot.php(334): CodeIgniter\CodeIgniter->run()
13 SYSTEMPATH/Boot.php(67): CodeIgniter\Boot::runCodeIgniter(Object(CodeIgniter\CodeIgniter))
14 FCPATH/index.php(56): CodeIgniter\Boot::bootWeb(Object(Config\Paths))
15 SYSTEMPATH/rewrite.php(44): require_once('/home/juliocesar/fuentes/ci4jcposv2/public/index.php')
DEBUG - 2025-05-23 22:45:30 --> Session: Class initialized using 'CodeIgniter\Session\Handlers\FileHandler' driver.
WARNING - 2025-05-23 22:45:30 --> [DEPRECATED] Passing lowercase HTTP method "get" is deprecated. Use uppercase HTTP method like "GET". in SYSTEMPATH/Router/RouteCollection.php on line 1026.
 1 SYSTEMPATH/Router/RouteCollection.php(1026): trigger_error('Passing lowercase HTTP method "get" is deprecated. Use uppercase HTTP method like "GET".', 16384)
 2 VENDORPATH/julio101290/boilerplate/src/Config/Routes.php(22): CodeIgniter\Router\RouteCollection->match([...], 'profile', 'UserController::profile', [...])
 3 SYSTEMPATH/Router/RouteCollection.php(799): CodeIgniter\Router\RouteCollection->{closure}(Object(CodeIgniter\Router\RouteCollection))
 4 VENDORPATH/julio101290/boilerplate/src/Config/Routes.php(18): CodeIgniter\Router\RouteCollection->group('user', [...], Object(Closure))
 5 SYSTEMPATH/Router/RouteCollection.php(799): CodeIgniter\Router\RouteCollection->{closure}(Object(CodeIgniter\Router\RouteCollection))
 6 VENDORPATH/julio101290/boilerplate/src/Config/Routes.php(3): CodeIgniter\Router\RouteCollection->group('admin', Object(Closure))
 7 SYSTEMPATH/Router/RouteCollection.php(372): include('/home/juliocesar/fuentes/ci4jcposv2/vendor/julio101290/boilerplate/src/Config/Routes.php')
 8 SYSTEMPATH/Router/RouteCollection.php(342): CodeIgniter\Router\RouteCollection->discoverRoutes()
 9 SYSTEMPATH/CodeIgniter.php(821): CodeIgniter\Router\RouteCollection->loadRoutes()
10 SYSTEMPATH/CodeIgniter.php(455): CodeIgniter\CodeIgniter->tryToRouteIt(null)
11 SYSTEMPATH/CodeIgniter.php(354): CodeIgniter\CodeIgniter->handleRequest(null, Object(Config\Cache), false)
12 SYSTEMPATH/Boot.php(334): CodeIgniter\CodeIgniter->run()
13 SYSTEMPATH/Boot.php(67): CodeIgniter\Boot::runCodeIgniter(Object(CodeIgniter\CodeIgniter))
14 FCPATH/index.php(56): CodeIgniter\Boot::bootWeb(Object(Config\Paths))
15 SYSTEMPATH/rewrite.php(44): require_once('/home/juliocesar/fuentes/ci4jcposv2/public/index.php')
WARNING - 2025-05-23 22:45:30 --> [DEPRECATED] Passing lowercase HTTP method "post" is deprecated. Use uppercase HTTP method like "POST". in SYSTEMPATH/Router/RouteCollection.php on line 1026.
 1 SYSTEMPATH/Router/RouteCollection.php(1026): trigger_error('Passing lowercase HTTP method "post" is deprecated. Use uppercase HTTP method like "POST".', 16384)
 2 VENDORPATH/julio101290/boilerplate/src/Config/Routes.php(22): CodeIgniter\Router\RouteCollection->match([...], 'profile', 'UserController::profile', [...])
 3 SYSTEMPATH/Router/RouteCollection.php(799): CodeIgniter\Router\RouteCollection->{closure}(Object(CodeIgniter\Router\RouteCollection))
 4 VENDORPATH/julio101290/boilerplate/src/Config/Routes.php(18): CodeIgniter\Router\RouteCollection->group('user', [...], Object(Closure))
 5 SYSTEMPATH/Router/RouteCollection.php(799): CodeIgniter\Router\RouteCollection->{closure}(Object(CodeIgniter\Router\RouteCollection))
 6 VENDORPATH/julio101290/boilerplate/src/Config/Routes.php(3): CodeIgniter\Router\RouteCollection->group('admin', Object(Closure))
 7 SYSTEMPATH/Router/RouteCollection.php(372): include('/home/juliocesar/fuentes/ci4jcposv2/vendor/julio101290/boilerplate/src/Config/Routes.php')
 8 SYSTEMPATH/Router/RouteCollection.php(342): CodeIgniter\Router\RouteCollection->discoverRoutes()
 9 SYSTEMPATH/CodeIgniter.php(821): CodeIgniter\Router\RouteCollection->loadRoutes()
10 SYSTEMPATH/CodeIgniter.php(455): CodeIgniter\CodeIgniter->tryToRouteIt(null)
11 SYSTEMPATH/CodeIgniter.php(354): CodeIgniter\CodeIgniter->handleRequest(null, Object(Config\Cache), false)
12 SYSTEMPATH/Boot.php(334): CodeIgniter\CodeIgniter->run()
13 SYSTEMPATH/Boot.php(67): CodeIgniter\Boot::runCodeIgniter(Object(CodeIgniter\CodeIgniter))
14 FCPATH/index.php(56): CodeIgniter\Boot::bootWeb(Object(Config\Paths))
15 SYSTEMPATH/rewrite.php(44): require_once('/home/juliocesar/fuentes/ci4jcposv2/public/index.php')
DEBUG - 2025-05-23 22:45:30 --> Session: Class initialized using 'CodeIgniter\Session\Handlers\FileHandler' driver.
WARNING - 2025-05-23 22:45:30 --> [DEPRECATED] Passing lowercase HTTP method "get" is deprecated. Use uppercase HTTP method like "GET". in SYSTEMPATH/Router/RouteCollection.php on line 1026.
 1 SYSTEMPATH/Router/RouteCollection.php(1026): trigger_error('Passing lowercase HTTP method "get" is deprecated. Use uppercase HTTP method like "GET".', 16384)
 2 VENDORPATH/julio101290/boilerplate/src/Config/Routes.php(22): CodeIgniter\Router\RouteCollection->match([...], 'profile', 'UserController::profile', [...])
 3 SYSTEMPATH/Router/RouteCollection.php(799): CodeIgniter\Router\RouteCollection->{closure}(Object(CodeIgniter\Router\RouteCollection))
 4 VENDORPATH/julio101290/boilerplate/src/Config/Routes.php(18): CodeIgniter\Router\RouteCollection->group('user', [...], Object(Closure))
 5 SYSTEMPATH/Router/RouteCollection.php(799): CodeIgniter\Router\RouteCollection->{closure}(Object(CodeIgniter\Router\RouteCollection))
 6 VENDORPATH/julio101290/boilerplate/src/Config/Routes.php(3): CodeIgniter\Router\RouteCollection->group('admin', Object(Closure))
 7 SYSTEMPATH/Router/RouteCollection.php(372): include('/home/juliocesar/fuentes/ci4jcposv2/vendor/julio101290/boilerplate/src/Config/Routes.php')
 8 SYSTEMPATH/Router/RouteCollection.php(342): CodeIgniter\Router\RouteCollection->discoverRoutes()
 9 SYSTEMPATH/CodeIgniter.php(821): CodeIgniter\Router\RouteCollection->loadRoutes()
10 SYSTEMPATH/CodeIgniter.php(455): CodeIgniter\CodeIgniter->tryToRouteIt(null)
11 SYSTEMPATH/CodeIgniter.php(354): CodeIgniter\CodeIgniter->handleRequest(null, Object(Config\Cache), false)
12 SYSTEMPATH/Boot.php(334): CodeIgniter\CodeIgniter->run()
13 SYSTEMPATH/Boot.php(67): CodeIgniter\Boot::runCodeIgniter(Object(CodeIgniter\CodeIgniter))
14 FCPATH/index.php(56): CodeIgniter\Boot::bootWeb(Object(Config\Paths))
15 SYSTEMPATH/rewrite.php(44): require_once('/home/juliocesar/fuentes/ci4jcposv2/public/index.php')
WARNING - 2025-05-23 22:45:30 --> [DEPRECATED] Passing lowercase HTTP method "post" is deprecated. Use uppercase HTTP method like "POST". in SYSTEMPATH/Router/RouteCollection.php on line 1026.
 1 SYSTEMPATH/Router/RouteCollection.php(1026): trigger_error('Passing lowercase HTTP method "post" is deprecated. Use uppercase HTTP method like "POST".', 16384)
 2 VENDORPATH/julio101290/boilerplate/src/Config/Routes.php(22): CodeIgniter\Router\RouteCollection->match([...], 'profile', 'UserController::profile', [...])
 3 SYSTEMPATH/Router/RouteCollection.php(799): CodeIgniter\Router\RouteCollection->{closure}(Object(CodeIgniter\Router\RouteCollection))
 4 VENDORPATH/julio101290/boilerplate/src/Config/Routes.php(18): CodeIgniter\Router\RouteCollection->group('user', [...], Object(Closure))
 5 SYSTEMPATH/Router/RouteCollection.php(799): CodeIgniter\Router\RouteCollection->{closure}(Object(CodeIgniter\Router\RouteCollection))
 6 VENDORPATH/julio101290/boilerplate/src/Config/Routes.php(3): CodeIgniter\Router\RouteCollection->group('admin', Object(Closure))
 7 SYSTEMPATH/Router/RouteCollection.php(372): include('/home/juliocesar/fuentes/ci4jcposv2/vendor/julio101290/boilerplate/src/Config/Routes.php')
 8 SYSTEMPATH/Router/RouteCollection.php(342): CodeIgniter\Router\RouteCollection->discoverRoutes()
 9 SYSTEMPATH/CodeIgniter.php(821): CodeIgniter\Router\RouteCollection->loadRoutes()
10 SYSTEMPATH/CodeIgniter.php(455): CodeIgniter\CodeIgniter->tryToRouteIt(null)
11 SYSTEMPATH/CodeIgniter.php(354): CodeIgniter\CodeIgniter->handleRequest(null, Object(Config\Cache), false)
12 SYSTEMPATH/Boot.php(334): CodeIgniter\CodeIgniter->run()
13 SYSTEMPATH/Boot.php(67): CodeIgniter\Boot::runCodeIgniter(Object(CodeIgniter\CodeIgniter))
14 FCPATH/index.php(56): CodeIgniter\Boot::bootWeb(Object(Config\Paths))
15 SYSTEMPATH/rewrite.php(44): require_once('/home/juliocesar/fuentes/ci4jcposv2/public/index.php')
WARNING - 2025-05-23 22:45:31 --> [DEPRECATED] Passing lowercase HTTP method "get" is deprecated. Use uppercase HTTP method like "GET". in SYSTEMPATH/Router/RouteCollection.php on line 1026.
 1 SYSTEMPATH/Router/RouteCollection.php(1026): trigger_error('Passing lowercase HTTP method "get" is deprecated. Use uppercase HTTP method like "GET".', 16384)
 2 VENDORPATH/julio101290/boilerplate/src/Config/Routes.php(22): CodeIgniter\Router\RouteCollection->match([...], 'profile', 'UserController::profile', [...])
 3 SYSTEMPATH/Router/RouteCollection.php(799): CodeIgniter\Router\RouteCollection->{closure}(Object(CodeIgniter\Router\RouteCollection))
 4 VENDORPATH/julio101290/boilerplate/src/Config/Routes.php(18): CodeIgniter\Router\RouteCollection->group('user', [...], Object(Closure))
 5 SYSTEMPATH/Router/RouteCollection.php(799): CodeIgniter\Router\RouteCollection->{closure}(Object(CodeIgniter\Router\RouteCollection))
 6 VENDORPATH/julio101290/boilerplate/src/Config/Routes.php(3): CodeIgniter\Router\RouteCollection->group('admin', Object(Closure))
 7 SYSTEMPATH/Router/RouteCollection.php(372): include('/home/juliocesar/fuentes/ci4jcposv2/vendor/julio101290/boilerplate/src/Config/Routes.php')
 8 SYSTEMPATH/Router/RouteCollection.php(342): CodeIgniter\Router\RouteCollection->discoverRoutes()
 9 SYSTEMPATH/CodeIgniter.php(821): CodeIgniter\Router\RouteCollection->loadRoutes()
10 SYSTEMPATH/CodeIgniter.php(455): CodeIgniter\CodeIgniter->tryToRouteIt(null)
11 SYSTEMPATH/CodeIgniter.php(354): CodeIgniter\CodeIgniter->handleRequest(null, Object(Config\Cache), false)
12 SYSTEMPATH/Boot.php(334): CodeIgniter\CodeIgniter->run()
13 SYSTEMPATH/Boot.php(67): CodeIgniter\Boot::runCodeIgniter(Object(CodeIgniter\CodeIgniter))
14 FCPATH/index.php(56): CodeIgniter\Boot::bootWeb(Object(Config\Paths))
15 SYSTEMPATH/rewrite.php(44): require_once('/home/juliocesar/fuentes/ci4jcposv2/public/index.php')
WARNING - 2025-05-23 22:45:31 --> [DEPRECATED] Passing lowercase HTTP method "post" is deprecated. Use uppercase HTTP method like "POST". in SYSTEMPATH/Router/RouteCollection.php on line 1026.
 1 SYSTEMPATH/Router/RouteCollection.php(1026): trigger_error('Passing lowercase HTTP method "post" is deprecated. Use uppercase HTTP method like "POST".', 16384)
 2 VENDORPATH/julio101290/boilerplate/src/Config/Routes.php(22): CodeIgniter\Router\RouteCollection->match([...], 'profile', 'UserController::profile', [...])
 3 SYSTEMPATH/Router/RouteCollection.php(799): CodeIgniter\Router\RouteCollection->{closure}(Object(CodeIgniter\Router\RouteCollection))
 4 VENDORPATH/julio101290/boilerplate/src/Config/Routes.php(18): CodeIgniter\Router\RouteCollection->group('user', [...], Object(Closure))
 5 SYSTEMPATH/Router/RouteCollection.php(799): CodeIgniter\Router\RouteCollection->{closure}(Object(CodeIgniter\Router\RouteCollection))
 6 VENDORPATH/julio101290/boilerplate/src/Config/Routes.php(3): CodeIgniter\Router\RouteCollection->group('admin', Object(Closure))
 7 SYSTEMPATH/Router/RouteCollection.php(372): include('/home/juliocesar/fuentes/ci4jcposv2/vendor/julio101290/boilerplate/src/Config/Routes.php')
 8 SYSTEMPATH/Router/RouteCollection.php(342): CodeIgniter\Router\RouteCollection->discoverRoutes()
 9 SYSTEMPATH/CodeIgniter.php(821): CodeIgniter\Router\RouteCollection->loadRoutes()
10 SYSTEMPATH/CodeIgniter.php(455): CodeIgniter\CodeIgniter->tryToRouteIt(null)
11 SYSTEMPATH/CodeIgniter.php(354): CodeIgniter\CodeIgniter->handleRequest(null, Object(Config\Cache), false)
12 SYSTEMPATH/Boot.php(334): CodeIgniter\CodeIgniter->run()
13 SYSTEMPATH/Boot.php(67): CodeIgniter\Boot::runCodeIgniter(Object(CodeIgniter\CodeIgniter))
14 FCPATH/index.php(56): CodeIgniter\Boot::bootWeb(Object(Config\Paths))
15 SYSTEMPATH/rewrite.php(44): require_once('/home/juliocesar/fuentes/ci4jcposv2/public/index.php')
WARNING - 2025-05-23 22:45:31 --> [DEPRECATED] Passing lowercase HTTP method "get" is deprecated. Use uppercase HTTP method like "GET". in SYSTEMPATH/Router/RouteCollection.php on line 1026.
 1 SYSTEMPATH/Router/RouteCollection.php(1026): trigger_error('Passing lowercase HTTP method "get" is deprecated. Use uppercase HTTP method like "GET".', 16384)
 2 VENDORPATH/julio101290/boilerplate/src/Config/Routes.php(22): CodeIgniter\Router\RouteCollection->match([...], 'profile', 'UserController::profile', [...])
 3 SYSTEMPATH/Router/RouteCollection.php(799): CodeIgniter\Router\RouteCollection->{closure}(Object(CodeIgniter\Router\RouteCollection))
 4 VENDORPATH/julio101290/boilerplate/src/Config/Routes.php(18): CodeIgniter\Router\RouteCollection->group('user', [...], Object(Closure))
 5 SYSTEMPATH/Router/RouteCollection.php(799): CodeIgniter\Router\RouteCollection->{closure}(Object(CodeIgniter\Router\RouteCollection))
 6 VENDORPATH/julio101290/boilerplate/src/Config/Routes.php(3): CodeIgniter\Router\RouteCollection->group('admin', Object(Closure))
 7 SYSTEMPATH/Router/RouteCollection.php(372): include('/home/juliocesar/fuentes/ci4jcposv2/vendor/julio101290/boilerplate/src/Config/Routes.php')
 8 SYSTEMPATH/Router/RouteCollection.php(342): CodeIgniter\Router\RouteCollection->discoverRoutes()
 9 SYSTEMPATH/CodeIgniter.php(821): CodeIgniter\Router\RouteCollection->loadRoutes()
10 SYSTEMPATH/CodeIgniter.php(455): CodeIgniter\CodeIgniter->tryToRouteIt(null)
11 SYSTEMPATH/CodeIgniter.php(354): CodeIgniter\CodeIgniter->handleRequest(null, Object(Config\Cache), false)
12 SYSTEMPATH/Boot.php(334): CodeIgniter\CodeIgniter->run()
13 SYSTEMPATH/Boot.php(67): CodeIgniter\Boot::runCodeIgniter(Object(CodeIgniter\CodeIgniter))
14 FCPATH/index.php(56): CodeIgniter\Boot::bootWeb(Object(Config\Paths))
15 SYSTEMPATH/rewrite.php(44): require_once('/home/juliocesar/fuentes/ci4jcposv2/public/index.php')
WARNING - 2025-05-23 22:45:31 --> [DEPRECATED] Passing lowercase HTTP method "post" is deprecated. Use uppercase HTTP method like "POST". in SYSTEMPATH/Router/RouteCollection.php on line 1026.
 1 SYSTEMPATH/Router/RouteCollection.php(1026): trigger_error('Passing lowercase HTTP method "post" is deprecated. Use uppercase HTTP method like "POST".', 16384)
 2 VENDORPATH/julio101290/boilerplate/src/Config/Routes.php(22): CodeIgniter\Router\RouteCollection->match([...], 'profile', 'UserController::profile', [...])
 3 SYSTEMPATH/Router/RouteCollection.php(799): CodeIgniter\Router\RouteCollection->{closure}(Object(CodeIgniter\Router\RouteCollection))
 4 VENDORPATH/julio101290/boilerplate/src/Config/Routes.php(18): CodeIgniter\Router\RouteCollection->group('user', [...], Object(Closure))
 5 SYSTEMPATH/Router/RouteCollection.php(799): CodeIgniter\Router\RouteCollection->{closure}(Object(CodeIgniter\Router\RouteCollection))
 6 VENDORPATH/julio101290/boilerplate/src/Config/Routes.php(3): CodeIgniter\Router\RouteCollection->group('admin', Object(Closure))
 7 SYSTEMPATH/Router/RouteCollection.php(372): include('/home/juliocesar/fuentes/ci4jcposv2/vendor/julio101290/boilerplate/src/Config/Routes.php')
 8 SYSTEMPATH/Router/RouteCollection.php(342): CodeIgniter\Router\RouteCollection->discoverRoutes()
 9 SYSTEMPATH/CodeIgniter.php(821): CodeIgniter\Router\RouteCollection->loadRoutes()
10 SYSTEMPATH/CodeIgniter.php(455): CodeIgniter\CodeIgniter->tryToRouteIt(null)
11 SYSTEMPATH/CodeIgniter.php(354): CodeIgniter\CodeIgniter->handleRequest(null, Object(Config\Cache), false)
12 SYSTEMPATH/Boot.php(334): CodeIgniter\CodeIgniter->run()
13 SYSTEMPATH/Boot.php(67): CodeIgniter\Boot::runCodeIgniter(Object(CodeIgniter\CodeIgniter))
14 FCPATH/index.php(56): CodeIgniter\Boot::bootWeb(Object(Config\Paths))
15 SYSTEMPATH/rewrite.php(44): require_once('/home/juliocesar/fuentes/ci4jcposv2/public/index.php')
DEBUG - 2025-05-23 22:45:31 --> Session: Class initialized using 'CodeIgniter\Session\Handlers\FileHandler' driver.
WARNING - 2025-05-23 22:47:05 --> [DEPRECATED] Passing lowercase HTTP method "get" is deprecated. Use uppercase HTTP method like "GET". in SYSTEMPATH/Router/RouteCollection.php on line 1026.
 1 SYSTEMPATH/Router/RouteCollection.php(1026): trigger_error('Passing lowercase HTTP method "get" is deprecated. Use uppercase HTTP method like "GET".', 16384)
 2 VENDORPATH/julio101290/boilerplate/src/Config/Routes.php(22): CodeIgniter\Router\RouteCollection->match([...], 'profile', 'UserController::profile', [...])
 3 SYSTEMPATH/Router/RouteCollection.php(799): CodeIgniter\Router\RouteCollection->{closure}(Object(CodeIgniter\Router\RouteCollection))
 4 VENDORPATH/julio101290/boilerplate/src/Config/Routes.php(18): CodeIgniter\Router\RouteCollection->group('user', [...], Object(Closure))
 5 SYSTEMPATH/Router/RouteCollection.php(799): CodeIgniter\Router\RouteCollection->{closure}(Object(CodeIgniter\Router\RouteCollection))
 6 VENDORPATH/julio101290/boilerplate/src/Config/Routes.php(3): CodeIgniter\Router\RouteCollection->group('admin', Object(Closure))
 7 SYSTEMPATH/Router/RouteCollection.php(372): include('/home/juliocesar/fuentes/ci4jcposv2/vendor/julio101290/boilerplate/src/Config/Routes.php')
 8 SYSTEMPATH/Router/RouteCollection.php(342): CodeIgniter\Router\RouteCollection->discoverRoutes()
 9 SYSTEMPATH/CLI/Console.php(41): CodeIgniter\Router\RouteCollection->loadRoutes()
10 SYSTEMPATH/Boot.php(360): CodeIgniter\CLI\Console->run()
11 SYSTEMPATH/Boot.php(104): CodeIgniter\Boot::runCommand(Object(CodeIgniter\CLI\Console))
12 ROOTPATH/spark(87): CodeIgniter\Boot::bootSpark(Object(Config\Paths))
WARNING - 2025-05-23 22:47:05 --> [DEPRECATED] Passing lowercase HTTP method "post" is deprecated. Use uppercase HTTP method like "POST". in SYSTEMPATH/Router/RouteCollection.php on line 1026.
 1 SYSTEMPATH/Router/RouteCollection.php(1026): trigger_error('Passing lowercase HTTP method "post" is deprecated. Use uppercase HTTP method like "POST".', 16384)
 2 VENDORPATH/julio101290/boilerplate/src/Config/Routes.php(22): CodeIgniter\Router\RouteCollection->match([...], 'profile', 'UserController::profile', [...])
 3 SYSTEMPATH/Router/RouteCollection.php(799): CodeIgniter\Router\RouteCollection->{closure}(Object(CodeIgniter\Router\RouteCollection))
 4 VENDORPATH/julio101290/boilerplate/src/Config/Routes.php(18): CodeIgniter\Router\RouteCollection->group('user', [...], Object(Closure))
 5 SYSTEMPATH/Router/RouteCollection.php(799): CodeIgniter\Router\RouteCollection->{closure}(Object(CodeIgniter\Router\RouteCollection))
 6 VENDORPATH/julio101290/boilerplate/src/Config/Routes.php(3): CodeIgniter\Router\RouteCollection->group('admin', Object(Closure))
 7 SYSTEMPATH/Router/RouteCollection.php(372): include('/home/juliocesar/fuentes/ci4jcposv2/vendor/julio101290/boilerplate/src/Config/Routes.php')
 8 SYSTEMPATH/Router/RouteCollection.php(342): CodeIgniter\Router\RouteCollection->discoverRoutes()
 9 SYSTEMPATH/CLI/Console.php(41): CodeIgniter\Router\RouteCollection->loadRoutes()
10 SYSTEMPATH/Boot.php(360): CodeIgniter\CLI\Console->run()
11 SYSTEMPATH/Boot.php(104): CodeIgniter\Boot::runCommand(Object(CodeIgniter\CLI\Console))
12 ROOTPATH/spark(87): CodeIgniter\Boot::bootSpark(Object(Config\Paths))
